<?xml version="1.0" encoding="UTF-8"?>
<robot generator="Robot 6.1.1 (Python 3.8.0 on win32)" generated="20240122 19:00:49.791" rpa="false" schemaversion="4">
<suite id="s1" name="Suites">
<suite id="s1-s1" name="001-BusquedaClientes" source="D:\Proyectos GIT\Telcel\TestCase\001-BusquedaClientes.robot">
<test id="s1-s1-t1" name="Validar renovacion de planes" line="9">
<kw name="Realizo carga de tc" library="Keywords">
<arg>1</arg>
<doc>Se realiza la carga de un archivo de excel que contiene los datos del cliente</doc>
<kw name="Convert To Number" library="BuiltIn">
<var>${TC}</var>
<arg>${TC}</arg>
<doc>Converts the given item to a floating point number.</doc>
<msg timestamp="20240122 19:00:50.616" level="INFO">${TC} = 1.0</msg>
<status status="PASS" starttime="20240122 19:00:50.616" endtime="20240122 19:00:50.616"/>
</kw>
<kw name="Evaluate" library="BuiltIn">
<var>${Counter}</var>
<arg>${TC} + 1</arg>
<doc>Evaluates the given expression in Python and returns the result.</doc>
<msg timestamp="20240122 19:00:50.616" level="INFO">${Counter} = 2.0</msg>
<status status="PASS" starttime="20240122 19:00:50.616" endtime="20240122 19:00:50.616"/>
</kw>
<kw name="Run Keyword If" library="BuiltIn">
<arg>${Counter} == 2</arg>
<arg>Open Excel Document</arg>
<arg>${CSV}</arg>
<arg>${Hoja}</arg>
<doc>Runs the given keyword with the given arguments, if ``condition`` is true.</doc>
<kw name="Open Excel Document" library="ExcelLibrary">
<arg>${CSV}</arg>
<arg>${Hoja}</arg>
<doc>Opens xlsx document file.</doc>
<status status="PASS" starttime="20240122 19:00:50.616" endtime="20240122 19:00:50.631"/>
</kw>
<status status="PASS" starttime="20240122 19:00:50.616" endtime="20240122 19:00:50.631"/>
</kw>
<kw name="Read Excel Cell" library="ExcelLibrary">
<var>${User}</var>
<arg>row_num=${Counter}</arg>
<arg>col_num=1</arg>
<doc>Returns content of a cell.</doc>
<msg timestamp="20240122 19:00:50.631" level="INFO">${User} = DR9RECALL10</msg>
<status status="PASS" starttime="20240122 19:00:50.631" endtime="20240122 19:00:50.631"/>
</kw>
<kw name="Set Global Variable" library="BuiltIn">
<arg>${User}</arg>
<doc>Makes a variable available globally in all tests and suites.</doc>
<msg timestamp="20240122 19:00:50.631" level="INFO">${User} = DR9RECALL10</msg>
<status status="PASS" starttime="20240122 19:00:50.631" endtime="20240122 19:00:50.631"/>
</kw>
<kw name="Log To Console" library="BuiltIn">
<arg>UserId: ${User}</arg>
<doc>Logs the given message to the console.</doc>
<status status="PASS" starttime="20240122 19:00:50.631" endtime="20240122 19:00:50.631"/>
</kw>
<kw name="Read Excel Cell" library="ExcelLibrary">
<var>${Password}</var>
<arg>row_num=${Counter}</arg>
<arg>col_num=2</arg>
<doc>Returns content of a cell.</doc>
<msg timestamp="20240122 19:00:50.631" level="INFO">${Password} = Dr9Rec@ll50</msg>
<status status="PASS" starttime="20240122 19:00:50.631" endtime="20240122 19:00:50.631"/>
</kw>
<kw name="Set Global Variable" library="BuiltIn">
<arg>${Password}</arg>
<doc>Makes a variable available globally in all tests and suites.</doc>
<msg timestamp="20240122 19:00:50.631" level="INFO">${Password} = Dr9Rec@ll50</msg>
<status status="PASS" starttime="20240122 19:00:50.631" endtime="20240122 19:00:50.631"/>
</kw>
<kw name="Log To Console" library="BuiltIn">
<arg>UserId: ${Password}</arg>
<doc>Logs the given message to the console.</doc>
<status status="PASS" starttime="20240122 19:00:50.631" endtime="20240122 19:00:50.631"/>
</kw>
<kw name="Read Excel Cell" library="ExcelLibrary">
<var>${UserDis}</var>
<arg>row_num=${Counter}</arg>
<arg>col_num=3</arg>
<doc>Returns content of a cell.</doc>
<msg timestamp="20240122 19:00:50.631" level="INFO">${UserDis} = OS8RECO7</msg>
<status status="PASS" starttime="20240122 19:00:50.631" endtime="20240122 19:00:50.631"/>
</kw>
<kw name="Set Global Variable" library="BuiltIn">
<arg>${UserDis}</arg>
<doc>Makes a variable available globally in all tests and suites.</doc>
<msg timestamp="20240122 19:00:50.631" level="INFO">${UserDis} = OS8RECO7</msg>
<status status="PASS" starttime="20240122 19:00:50.631" endtime="20240122 19:00:50.631"/>
</kw>
<kw name="Log To Console" library="BuiltIn">
<arg>UserId: ${UserDis}</arg>
<doc>Logs the given message to the console.</doc>
<status status="PASS" starttime="20240122 19:00:50.631" endtime="20240122 19:00:50.631"/>
</kw>
<kw name="Read Excel Cell" library="ExcelLibrary">
<var>${PasswordDis}</var>
<arg>row_num=${Counter}</arg>
<arg>col_num=4</arg>
<doc>Returns content of a cell.</doc>
<msg timestamp="20240122 19:00:50.631" level="INFO">${PasswordDis} = Dr9Rec@ll50</msg>
<status status="PASS" starttime="20240122 19:00:50.631" endtime="20240122 19:00:50.631"/>
</kw>
<kw name="Set Global Variable" library="BuiltIn">
<arg>${PasswordDis}</arg>
<doc>Makes a variable available globally in all tests and suites.</doc>
<msg timestamp="20240122 19:00:50.631" level="INFO">${PasswordDis} = Dr9Rec@ll50</msg>
<status status="PASS" starttime="20240122 19:00:50.631" endtime="20240122 19:00:50.631"/>
</kw>
<kw name="Log To Console" library="BuiltIn">
<arg>UserId: ${PasswordDis}</arg>
<doc>Logs the given message to the console.</doc>
<status status="PASS" starttime="20240122 19:00:50.631" endtime="20240122 19:00:50.631"/>
</kw>
<status status="PASS" starttime="20240122 19:00:50.616" endtime="20240122 19:00:50.631"/>
</kw>
<kw name="Cuando el usuario abre el navegador" library="LoginKeywords">
<kw name="Open Browser" library="SeleniumLibrary">
<arg>${url}</arg>
<arg>${Browser}</arg>
<doc>Opens a new browser instance to the optional ``url``.</doc>
<msg timestamp="20240122 19:00:50.631" level="INFO">Opening browser 'Chrome' to base url 'https://www.distribuidor.telcel.com:4475/Portal-Distribuidores/app/login'.</msg>
<status status="PASS" starttime="20240122 19:00:50.631" endtime="20240122 19:00:53.209"/>
</kw>
<kw name="Maximize Browser Window" library="SeleniumLibrary">
<doc>Maximizes current browser window.</doc>
<status status="PASS" starttime="20240122 19:00:53.209" endtime="20240122 19:00:53.423"/>
</kw>
<kw name="Set Selenium Implicit Wait" library="SeleniumLibrary">
<arg>10</arg>
<doc>Sets the implicit wait value used by Selenium.</doc>
<status status="PASS" starttime="20240122 19:00:53.424" endtime="20240122 19:00:53.430"/>
</kw>
<kw name="Set Selenium Speed" library="SeleniumLibrary">
<arg>.1s</arg>
<doc>Sets the delay that is waited after each Selenium command.</doc>
<status status="PASS" starttime="20240122 19:00:53.430" endtime="20240122 19:00:53.432"/>
</kw>
<status status="PASS" starttime="20240122 19:00:50.631" endtime="20240122 19:00:53.432"/>
</kw>
<kw name="Entonces inicio sesión" library="LoginKeywords">
<kw name="assert input text" library="Keywords">
<arg>${TxtUser}</arg>
<arg>${User}</arg>
<arg>5</arg>
<kw name="Wait Until Element Is Visible" library="SeleniumLibrary">
<arg>${Element}</arg>
<arg>${Timeout}</arg>
<doc>Waits until the element ``locator`` is visible.</doc>
<status status="PASS" starttime="20240122 19:00:53.436" endtime="20240122 19:00:53.731"/>
</kw>
<kw name="Wait Until Element Is Enabled" library="SeleniumLibrary">
<arg>${Element}</arg>
<arg>${Timeout}</arg>
<doc>Waits until the element ``locator`` is enabled.</doc>
<status status="PASS" starttime="20240122 19:00:53.731" endtime="20240122 19:00:54.086"/>
</kw>
<kw name="Clear Element Text" library="SeleniumLibrary">
<arg>${Element}</arg>
<doc>Clears the value of the text-input-element identified by ``locator``.</doc>
<status status="PASS" starttime="20240122 19:00:54.086" endtime="20240122 19:00:54.323"/>
</kw>
<kw name="Input Text" library="SeleniumLibrary">
<arg>${Element}</arg>
<arg>${Text}</arg>
<doc>Types the given ``text`` into the text field identified by ``locator``.</doc>
<msg timestamp="20240122 19:00:54.323" level="INFO">Typing text 'DR9RECALL10' into text field 'xpath://input[contains(@id,'j_username')]'.</msg>
<status status="PASS" starttime="20240122 19:00:54.323" endtime="20240122 19:00:54.727"/>
</kw>
<status status="PASS" starttime="20240122 19:00:53.434" endtime="20240122 19:00:54.728"/>
</kw>
<kw name="assert input text" library="Keywords">
<arg>${TxtPass}</arg>
<arg>${Password}</arg>
<arg>5</arg>
<kw name="Wait Until Element Is Visible" library="SeleniumLibrary">
<arg>${Element}</arg>
<arg>${Timeout}</arg>
<doc>Waits until the element ``locator`` is visible.</doc>
<status status="PASS" starttime="20240122 19:00:54.729" endtime="20240122 19:00:54.968"/>
</kw>
<kw name="Wait Until Element Is Enabled" library="SeleniumLibrary">
<arg>${Element}</arg>
<arg>${Timeout}</arg>
<doc>Waits until the element ``locator`` is enabled.</doc>
<status status="PASS" starttime="20240122 19:00:54.968" endtime="20240122 19:00:55.303"/>
</kw>
<kw name="Clear Element Text" library="SeleniumLibrary">
<arg>${Element}</arg>
<doc>Clears the value of the text-input-element identified by ``locator``.</doc>
<status status="PASS" starttime="20240122 19:00:55.303" endtime="20240122 19:00:55.539"/>
</kw>
<kw name="Input Text" library="SeleniumLibrary">
<arg>${Element}</arg>
<arg>${Text}</arg>
<doc>Types the given ``text`` into the text field identified by ``locator``.</doc>
<msg timestamp="20240122 19:00:55.540" level="INFO">Typing text 'Dr9Rec@ll50' into text field 'xpath://input[contains(@id,'pwd')]'.</msg>
<status status="PASS" starttime="20240122 19:00:55.539" endtime="20240122 19:00:55.906"/>
</kw>
<status status="PASS" starttime="20240122 19:00:54.729" endtime="20240122 19:00:55.906"/>
</kw>
<kw name="Select From List By Index" library="SeleniumLibrary">
<arg>cmbRegiones</arg>
<arg>9</arg>
<doc>Selects options from selection list ``locator`` by ``indexes``.</doc>
<msg timestamp="20240122 19:00:55.908" level="INFO">Selecting options from selection list 'cmbRegiones' by index 9.</msg>
<status status="PASS" starttime="20240122 19:00:55.907" endtime="20240122 19:00:57.823"/>
</kw>
<kw name="assert click element" library="Keywords">
<arg>${BtnLogin}</arg>
<arg>5</arg>
<arg>Error:No se pudo dar clic en el botón de inicio de sesión</arg>
<kw name="Wait Until Element Is Visible" library="SeleniumLibrary">
<arg>${Element}</arg>
<arg>${Timeout}</arg>
<arg>${MsError}</arg>
<doc>Waits until the element ``locator`` is visible.</doc>
<status status="PASS" starttime="20240122 19:00:57.824" endtime="20240122 19:00:58.052"/>
</kw>
<kw name="Wait Until Element Is Enabled" library="SeleniumLibrary">
<arg>${Element}</arg>
<arg>${Timeout}</arg>
<doc>Waits until the element ``locator`` is enabled.</doc>
<status status="PASS" starttime="20240122 19:00:58.052" endtime="20240122 19:00:58.383"/>
</kw>
<kw name="Click Element" library="SeleniumLibrary">
<arg>${Element}</arg>
<doc>Click the element identified by ``locator``.</doc>
<msg timestamp="20240122 19:00:58.383" level="INFO">Clicking element 'xpath://button[@id='myBtn']'.</msg>
<status status="PASS" starttime="20240122 19:00:58.383" endtime="20240122 19:00:58.622"/>
</kw>
<status status="PASS" starttime="20240122 19:00:57.823" endtime="20240122 19:00:58.622"/>
</kw>
<status status="PASS" starttime="20240122 19:00:53.433" endtime="20240122 19:00:58.622"/>
</kw>
<kw name="Y valido el inicio de sesión" library="LoginKeywords">
<kw name="Assert to element" library="Keywords">
<arg>${Lblhome}</arg>
<arg>10</arg>
<arg>Error:No se pudo iniciar sesión de manera correcta</arg>
<kw name="Wait Until Element Is Visible" library="SeleniumLibrary">
<arg>${Element}</arg>
<arg>${Timeout}</arg>
<arg>${MsError}</arg>
<doc>Waits until the element ``locator`` is visible.</doc>
<status status="PASS" starttime="20240122 19:00:58.625" endtime="20240122 19:01:00.075"/>
</kw>
<status status="PASS" starttime="20240122 19:00:58.623" endtime="20240122 19:01:00.075"/>
</kw>
<status status="PASS" starttime="20240122 19:00:58.623" endtime="20240122 19:01:00.075"/>
</kw>
<kw name="Cuando accedo al modulo distribuidor" library="homeKeywords">
<kw name="assert click element" library="Keywords">
<arg>${btnActivaciones}</arg>
<arg>5</arg>
<arg>Error:No se pudo dar clic en el botón Activaciones</arg>
<kw name="Wait Until Element Is Visible" library="SeleniumLibrary">
<arg>${Element}</arg>
<arg>${Timeout}</arg>
<arg>${MsError}</arg>
<doc>Waits until the element ``locator`` is visible.</doc>
<status status="PASS" starttime="20240122 19:01:00.079" endtime="20240122 19:01:00.327"/>
</kw>
<kw name="Wait Until Element Is Enabled" library="SeleniumLibrary">
<arg>${Element}</arg>
<arg>${Timeout}</arg>
<doc>Waits until the element ``locator`` is enabled.</doc>
<status status="PASS" starttime="20240122 19:01:00.327" endtime="20240122 19:01:00.677"/>
</kw>
<kw name="Click Element" library="SeleniumLibrary">
<arg>${Element}</arg>
<doc>Click the element identified by ``locator``.</doc>
<msg timestamp="20240122 19:01:00.677" level="INFO">Clicking element 'xpath=//a[@href='#'][contains(.,'Activaciones')]'.</msg>
<status status="PASS" starttime="20240122 19:01:00.677" endtime="20240122 19:01:00.942"/>
</kw>
<status status="PASS" starttime="20240122 19:01:00.075" endtime="20240122 19:01:00.942"/>
</kw>
<kw name="assert click element" library="Keywords">
<arg>${btntransforma}</arg>
<arg>5</arg>
<arg>Error:No se pudo dar clic en el botón Transforma</arg>
<kw name="Wait Until Element Is Visible" library="SeleniumLibrary">
<arg>${Element}</arg>
<arg>${Timeout}</arg>
<arg>${MsError}</arg>
<doc>Waits until the element ``locator`` is visible.</doc>
<status status="PASS" starttime="20240122 19:01:00.943" endtime="20240122 19:01:01.624"/>
</kw>
<kw name="Wait Until Element Is Enabled" library="SeleniumLibrary">
<arg>${Element}</arg>
<arg>${Timeout}</arg>
<doc>Waits until the element ``locator`` is enabled.</doc>
<status status="PASS" starttime="20240122 19:01:01.624" endtime="20240122 19:01:01.955"/>
</kw>
<kw name="Click Element" library="SeleniumLibrary">
<arg>${Element}</arg>
<doc>Click the element identified by ``locator``.</doc>
<msg timestamp="20240122 19:01:01.955" level="INFO">Clicking element 'xpath=//span[@class='ui-menuitem-text'][contains(.,'SISACT Transforma')]'.</msg>
<status status="PASS" starttime="20240122 19:01:01.955" endtime="20240122 19:01:02.690"/>
</kw>
<status status="PASS" starttime="20240122 19:01:00.942" endtime="20240122 19:01:02.690"/>
</kw>
<kw name="Switch Window" library="SeleniumLibrary">
<arg>NEW</arg>
<doc>Switches to browser window matching ``locator``.</doc>
<status status="PASS" starttime="20240122 19:01:02.690" endtime="20240122 19:01:03.129"/>
</kw>
<status status="PASS" starttime="20240122 19:01:00.075" endtime="20240122 19:01:03.129"/>
</kw>
<kw name="Entonces inicio sesion como distribuidor" library="homeKeywords">
<kw name="assert input text" library="Keywords">
<arg>${TxtUserDis}</arg>
<arg>${UserDis}</arg>
<arg>5</arg>
<kw name="Wait Until Element Is Visible" library="SeleniumLibrary">
<arg>${Element}</arg>
<arg>${Timeout}</arg>
<doc>Waits until the element ``locator`` is visible.</doc>
<status status="PASS" starttime="20240122 19:01:03.131" endtime="20240122 19:01:03.874"/>
</kw>
<kw name="Wait Until Element Is Enabled" library="SeleniumLibrary">
<arg>${Element}</arg>
<arg>${Timeout}</arg>
<doc>Waits until the element ``locator`` is enabled.</doc>
<status status="PASS" starttime="20240122 19:01:03.874" endtime="20240122 19:01:04.229"/>
</kw>
<kw name="Clear Element Text" library="SeleniumLibrary">
<arg>${Element}</arg>
<doc>Clears the value of the text-input-element identified by ``locator``.</doc>
<status status="PASS" starttime="20240122 19:01:04.229" endtime="20240122 19:01:04.490"/>
</kw>
<kw name="Input Text" library="SeleniumLibrary">
<arg>${Element}</arg>
<arg>${Text}</arg>
<doc>Types the given ``text`` into the text field identified by ``locator``.</doc>
<msg timestamp="20240122 19:01:04.491" level="INFO">Typing text 'OS8RECO7' into text field 'xpath://input[contains(@id,'username')]'.</msg>
<status status="PASS" starttime="20240122 19:01:04.490" endtime="20240122 19:01:04.891"/>
</kw>
<status status="PASS" starttime="20240122 19:01:03.130" endtime="20240122 19:01:04.891"/>
</kw>
<kw name="assert input text" library="Keywords">
<arg>${TxtPassDis}</arg>
<arg>${PasswordDis}</arg>
<arg>5</arg>
<kw name="Wait Until Element Is Visible" library="SeleniumLibrary">
<arg>${Element}</arg>
<arg>${Timeout}</arg>
<doc>Waits until the element ``locator`` is visible.</doc>
<status status="PASS" starttime="20240122 19:01:04.891" endtime="20240122 19:01:05.121"/>
</kw>
<kw name="Wait Until Element Is Enabled" library="SeleniumLibrary">
<arg>${Element}</arg>
<arg>${Timeout}</arg>
<doc>Waits until the element ``locator`` is enabled.</doc>
<status status="PASS" starttime="20240122 19:01:05.121" endtime="20240122 19:01:05.454"/>
</kw>
<kw name="Clear Element Text" library="SeleniumLibrary">
<arg>${Element}</arg>
<doc>Clears the value of the text-input-element identified by ``locator``.</doc>
<status status="PASS" starttime="20240122 19:01:05.454" endtime="20240122 19:01:05.705"/>
</kw>
<kw name="Input Text" library="SeleniumLibrary">
<arg>${Element}</arg>
<arg>${Text}</arg>
<doc>Types the given ``text`` into the text field identified by ``locator``.</doc>
<msg timestamp="20240122 19:01:05.705" level="INFO">Typing text 'Dr9Rec@ll50' into text field 'xpath://input[contains(@id,'pass')]'.</msg>
<status status="PASS" starttime="20240122 19:01:05.705" endtime="20240122 19:01:06.090"/>
</kw>
<status status="PASS" starttime="20240122 19:01:04.891" endtime="20240122 19:01:06.090"/>
</kw>
<kw name="assert click element" library="Keywords">
<arg>${BtnLoginDis}</arg>
<arg>5</arg>
<arg>Error:No se pudo dar clic en el botón de inicio de sesión</arg>
<kw name="Wait Until Element Is Visible" library="SeleniumLibrary">
<arg>${Element}</arg>
<arg>${Timeout}</arg>
<arg>${MsError}</arg>
<doc>Waits until the element ``locator`` is visible.</doc>
<status status="PASS" starttime="20240122 19:01:06.092" endtime="20240122 19:01:06.319"/>
</kw>
<kw name="Wait Until Element Is Enabled" library="SeleniumLibrary">
<arg>${Element}</arg>
<arg>${Timeout}</arg>
<doc>Waits until the element ``locator`` is enabled.</doc>
<status status="PASS" starttime="20240122 19:01:06.319" endtime="20240122 19:01:06.668"/>
</kw>
<kw name="Click Element" library="SeleniumLibrary">
<arg>${Element}</arg>
<doc>Click the element identified by ``locator``.</doc>
<msg timestamp="20240122 19:01:06.668" level="INFO">Clicking element 'xpath://span[@class='ui-button-text ui-c'][contains(.,'INICIAR SESIÓN')]'.</msg>
<status status="PASS" starttime="20240122 19:01:06.668" endtime="20240122 19:01:08.564"/>
</kw>
<status status="PASS" starttime="20240122 19:01:06.090" endtime="20240122 19:01:08.564"/>
</kw>
<status status="PASS" starttime="20240122 19:01:03.130" endtime="20240122 19:01:08.564"/>
</kw>
<kw name="y valido si inicie sesión" library="homeKeywords">
<kw name="Run Keyword And Return Status" library="BuiltIn">
<var>${bandera}</var>
<arg>wait until element is visible</arg>
<arg>${lblR9}</arg>
<arg>10</arg>
<doc>Runs the given keyword with given arguments and returns the status as a Boolean value.</doc>
<kw name="Wait Until Element Is Visible" library="SeleniumLibrary">
<arg>${lblR9}</arg>
<arg>10</arg>
<doc>Waits until the element ``locator`` is visible.</doc>
<status status="PASS" starttime="20240122 19:01:08.567" endtime="20240122 19:01:09.024"/>
</kw>
<msg timestamp="20240122 19:01:09.024" level="INFO">${bandera} = True</msg>
<status status="PASS" starttime="20240122 19:01:08.566" endtime="20240122 19:01:09.024"/>
</kw>
<kw name="Log To Console" library="BuiltIn">
<arg>banderaaa ${bandera}</arg>
<doc>Logs the given message to the console.</doc>
<status status="PASS" starttime="20240122 19:01:09.024" endtime="20240122 19:01:09.025"/>
</kw>
<kw name="Sleep" library="BuiltIn">
<arg>3</arg>
<doc>Pauses the test executed for the given time.</doc>
<msg timestamp="20240122 19:01:12.031" level="INFO">Slept 3 seconds</msg>
<status status="PASS" starttime="20240122 19:01:09.026" endtime="20240122 19:01:12.031"/>
</kw>
<kw name="Run Keyword If" library="BuiltIn">
<arg>${bandera}!=True</arg>
<arg>Entonces inicio sesion como distribuidor</arg>
<doc>Runs the given keyword with the given arguments, if ``condition`` is true.</doc>
<status status="PASS" starttime="20240122 19:01:12.031" endtime="20240122 19:01:12.031"/>
</kw>
<status status="PASS" starttime="20240122 19:01:08.565" endtime="20240122 19:01:12.031"/>
</kw>
<kw name="Cuando accedo al modulo de renovaciones" library="homeKeywords">
<kw name="assert click element" library="Keywords">
<arg>${btntramites}</arg>
<arg>20</arg>
<arg>Error:No se pudo acceder al módulo de Tramites en línea</arg>
<kw name="Wait Until Element Is Visible" library="SeleniumLibrary">
<arg>${Element}</arg>
<arg>${Timeout}</arg>
<arg>${MsError}</arg>
<doc>Waits until the element ``locator`` is visible.</doc>
<status status="PASS" starttime="20240122 19:01:12.031" endtime="20240122 19:01:12.252"/>
</kw>
<kw name="Wait Until Element Is Enabled" library="SeleniumLibrary">
<arg>${Element}</arg>
<arg>${Timeout}</arg>
<doc>Waits until the element ``locator`` is enabled.</doc>
<status status="PASS" starttime="20240122 19:01:12.252" endtime="20240122 19:01:12.573"/>
</kw>
<kw name="Click Element" library="SeleniumLibrary">
<arg>${Element}</arg>
<doc>Click the element identified by ``locator``.</doc>
<msg timestamp="20240122 19:01:12.573" level="INFO">Clicking element 'xpath://img[contains(@id,'idMenuSenal')]'.</msg>
<status status="PASS" starttime="20240122 19:01:12.573" endtime="20240122 19:01:12.839"/>
</kw>
<status status="PASS" starttime="20240122 19:01:12.031" endtime="20240122 19:01:12.839"/>
</kw>
<kw name="assert click element" library="Keywords">
<arg>${hrefrenovacion}</arg>
<arg>20</arg>
<arg>Error:No se pudo acceder al servicio de renovaciones</arg>
<kw name="Wait Until Element Is Visible" library="SeleniumLibrary">
<arg>${Element}</arg>
<arg>${Timeout}</arg>
<arg>${MsError}</arg>
<doc>Waits until the element ``locator`` is visible.</doc>
<status status="PASS" starttime="20240122 19:01:12.839" endtime="20240122 19:01:13.073"/>
</kw>
<kw name="Wait Until Element Is Enabled" library="SeleniumLibrary">
<arg>${Element}</arg>
<arg>${Timeout}</arg>
<doc>Waits until the element ``locator`` is enabled.</doc>
<status status="PASS" starttime="20240122 19:01:13.073" endtime="20240122 19:01:13.406"/>
</kw>
<kw name="Click Element" library="SeleniumLibrary">
<arg>${Element}</arg>
<doc>Click the element identified by ``locator``.</doc>
<msg timestamp="20240122 19:01:13.407" level="INFO">Clicking element 'xpath://span[@class='ui-menuitem-text'][contains(.,'Renovación')]'.</msg>
<status status="PASS" starttime="20240122 19:01:13.406" endtime="20240122 19:01:13.658"/>
</kw>
<status status="PASS" starttime="20240122 19:01:12.839" endtime="20240122 19:01:13.658"/>
</kw>
<kw name="Assert to element" library="Keywords">
<arg>${lblRenovacion}</arg>
<arg>20</arg>
<arg>Error: No se visualiza el módulo de renovaciones</arg>
<kw name="Wait Until Element Is Visible" library="SeleniumLibrary">
<arg>${Element}</arg>
<arg>${Timeout}</arg>
<arg>${MsError}</arg>
<doc>Waits until the element ``locator`` is visible.</doc>
<status status="PASS" starttime="20240122 19:01:13.659" endtime="20240122 19:01:16.239"/>
</kw>
<status status="PASS" starttime="20240122 19:01:13.658" endtime="20240122 19:01:16.239"/>
</kw>
<status status="PASS" starttime="20240122 19:01:12.031" endtime="20240122 19:01:16.240"/>
</kw>
<kw name="Entonces Registro resultado" library="RenovacionesKeywords">
<arg>numeros1</arg>
<kw name="numero de filas" library="RenovacionesKeywords">
<var>${filas}</var>
<arg>${nombreDoc}</arg>
<doc>leyendo el numero de filas</doc>
<kw name="Numero Filas" library="readexcel">
<var>${res}</var>
<arg>${nombreDoc}</arg>
<arg>numeros</arg>
<msg timestamp="20240122 19:01:16.260" level="INFO">${res} = 3</msg>
<status status="PASS" starttime="20240122 19:01:16.241" endtime="20240122 19:01:16.260"/>
</kw>
<msg timestamp="20240122 19:01:16.261" level="INFO">${filas} = 3</msg>
<status status="PASS" starttime="20240122 19:01:16.240" endtime="20240122 19:01:16.261"/>
</kw>
<for flavor="IN RANGE">
<var>${i}</var>
<value>2</value>
<value>${filas}+1</value>
<iter>
<var name="${i}">2</var>
<kw name="obteniendo valor columnas" library="RenovacionesKeywords">
<var>${numero}</var>
<arg>${nombreDoc}</arg>
<arg>numeros</arg>
<arg>${i}</arg>
<arg>1</arg>
<doc>obteniendo el valor de las columnas</doc>
<kw name="Dato Columna" library="readexcel">
<var>${res}</var>
<arg>${nombreDoc}</arg>
<arg>${hoja}</arg>
<arg>${fila}</arg>
<arg>${col}</arg>
<msg timestamp="20240122 19:01:16.285" level="INFO">${res} = 5527597790</msg>
<status status="PASS" starttime="20240122 19:01:16.265" endtime="20240122 19:01:16.285"/>
</kw>
<msg timestamp="20240122 19:01:16.286" level="INFO">${numero} = 5527597790</msg>
<status status="PASS" starttime="20240122 19:01:16.263" endtime="20240122 19:01:16.286"/>
</kw>
<kw name="Wait Until Element Is Enabled" library="SeleniumLibrary">
<arg>${inumero}</arg>
<arg>25</arg>
<doc>Waits until the element ``locator`` is enabled.</doc>
<status status="PASS" starttime="20240122 19:01:16.287" endtime="20240122 19:01:16.637"/>
</kw>
<kw name="Sleep" library="BuiltIn">
<arg>1</arg>
<doc>Pauses the test executed for the given time.</doc>
<msg timestamp="20240122 19:01:17.639" level="INFO">Slept 1 second</msg>
<status status="PASS" starttime="20240122 19:01:16.637" endtime="20240122 19:01:17.639"/>
</kw>
<kw name="valida texto" library="RenovacionesKeywords">
<arg>${numero}</arg>
<arg>${nombreDoc}</arg>
<kw name="numero de filas" library="RenovacionesKeywords">
<var>${filas}</var>
<arg>${nombreDoc}</arg>
<doc>leyendo el numero de filas</doc>
<kw name="Numero Filas" library="readexcel">
<var>${res}</var>
<arg>${nombreDoc}</arg>
<arg>numeros</arg>
<msg timestamp="20240122 19:01:17.640" level="INFO">${res} = 3</msg>
<status status="PASS" starttime="20240122 19:01:17.640" endtime="20240122 19:01:17.640"/>
</kw>
<msg timestamp="20240122 19:01:17.640" level="INFO">${filas} = 3</msg>
<status status="PASS" starttime="20240122 19:01:17.640" endtime="20240122 19:01:17.640"/>
</kw>
<for flavor="IN RANGE">
<var>${Result}</var>
<value>5</value>
<iter>
<var name="${Result}">0</var>
<kw name="Input Text" library="SeleniumLibrary">
<arg>${inumero}</arg>
<arg>${numero}</arg>
<doc>Types the given ``text`` into the text field identified by ``locator``.</doc>
<msg timestamp="20240122 19:01:17.640" level="INFO">Typing text '5527597790' into text field 'xpath://*[@id='formIdent:folioid']'.</msg>
<status status="PASS" starttime="20240122 19:01:17.640" endtime="20240122 19:01:18.039"/>
</kw>
<kw name="Sleep" library="BuiltIn">
<arg>1</arg>
<doc>Pauses the test executed for the given time.</doc>
<msg timestamp="20240122 19:01:19.056" level="INFO">Slept 1 second</msg>
<status status="PASS" starttime="20240122 19:01:18.039" endtime="20240122 19:01:19.056"/>
</kw>
<kw name="Get Element Attribute" library="SeleniumLibrary">
<var>${inserted_text}</var>
<arg>${inumero}</arg>
<arg>value</arg>
<doc>Returns the value of ``attribute`` from the element ``locator``.</doc>
<msg timestamp="20240122 19:01:19.274" level="INFO">${inserted_text} = 5527597790</msg>
<status status="PASS" starttime="20240122 19:01:19.056" endtime="20240122 19:01:19.274"/>
</kw>
<kw name="Convert To String" library="BuiltIn">
<var>${num}</var>
<arg>${numero}</arg>
<doc>Converts the given item to a Unicode string.</doc>
<msg timestamp="20240122 19:01:19.274" level="INFO">${num} = 5527597790</msg>
<status status="PASS" starttime="20240122 19:01:19.274" endtime="20240122 19:01:19.274"/>
</kw>
<kw name="Replace String" library="String">
<var>${inserted_text}</var>
<arg>${inserted_text}</arg>
<arg>_</arg>
<arg>0</arg>
<doc>Replaces ``search_for`` in the given ``string`` with ``replace_with``.</doc>
<msg timestamp="20240122 19:01:19.274" level="INFO">${inserted_text} = 5527597790</msg>
<status status="PASS" starttime="20240122 19:01:19.274" endtime="20240122 19:01:19.274"/>
</kw>
<kw name="Log To Console" library="BuiltIn">
<arg>texto insertado${inserted_text}</arg>
<doc>Logs the given message to the console.</doc>
<status status="PASS" starttime="20240122 19:01:19.274" endtime="20240122 19:01:19.274"/>
</kw>
<kw name="Log To Console" library="BuiltIn">
<arg>numero${numero}</arg>
<doc>Logs the given message to the console.</doc>
<status status="PASS" starttime="20240122 19:01:19.274" endtime="20240122 19:01:19.274"/>
</kw>
<kw name="Evaluate" library="BuiltIn">
<var>${Result}</var>
<arg>${inserted_text}==${num}</arg>
<doc>Evaluates the given expression in Python and returns the result.</doc>
<msg timestamp="20240122 19:01:19.274" level="INFO">${Result} = True</msg>
<status status="PASS" starttime="20240122 19:01:19.274" endtime="20240122 19:01:19.274"/>
</kw>
<kw name="Log To Console" library="BuiltIn">
<arg>result${result}</arg>
<doc>Logs the given message to the console.</doc>
<status status="PASS" starttime="20240122 19:01:19.274" endtime="20240122 19:01:19.274"/>
</kw>
<if>
<branch type="IF" condition="${Result}== True">
<break>
<status status="PASS" starttime="20240122 19:01:19.274" endtime="20240122 19:01:19.274"/>
</break>
<status status="PASS" starttime="20240122 19:01:19.274" endtime="20240122 19:01:19.274"/>
</branch>
<status status="PASS" starttime="20240122 19:01:19.274" endtime="20240122 19:01:19.274"/>
</if>
<status status="PASS" starttime="20240122 19:01:17.640" endtime="20240122 19:01:19.274"/>
</iter>
<status status="PASS" starttime="20240122 19:01:17.640" endtime="20240122 19:01:19.274"/>
</for>
<status status="PASS" starttime="20240122 19:01:17.639" endtime="20240122 19:01:19.274"/>
</kw>
<kw name="Sleep" library="BuiltIn">
<arg>1</arg>
<doc>Pauses the test executed for the given time.</doc>
<msg timestamp="20240122 19:01:20.288" level="INFO">Slept 1 second</msg>
<status status="PASS" starttime="20240122 19:01:19.274" endtime="20240122 19:01:20.288"/>
</kw>
<kw name="Wait Until Element Is Enabled" library="SeleniumLibrary">
<arg>${btnbuscar}</arg>
<arg>30</arg>
<arg>Error: kmkk</arg>
<doc>Waits until the element ``locator`` is enabled.</doc>
<status status="PASS" starttime="20240122 19:01:20.289" endtime="20240122 19:01:20.639"/>
</kw>
<kw name="Click Element" library="SeleniumLibrary">
<arg>${btnbuscar}</arg>
<doc>Click the element identified by ``locator``.</doc>
<msg timestamp="20240122 19:01:20.640" level="INFO">Clicking element 'xpath:(//span[contains(.,'BUSCAR')])[1]'.</msg>
<status status="PASS" starttime="20240122 19:01:20.639" endtime="20240122 19:01:20.890"/>
</kw>
<kw name="Wait Until Element Is Not Visible" library="SeleniumLibrary">
<arg>${divModal}</arg>
<arg>80</arg>
<doc>Waits until the element ``locator`` is not visible.</doc>
<status status="PASS" starttime="20240122 19:01:20.890" endtime="20240122 19:01:26.702"/>
</kw>
<kw name="Convert To String" library="BuiltIn">
<var>${posicion}</var>
<arg>${i}</arg>
<doc>Converts the given item to a Unicode string.</doc>
<msg timestamp="20240122 19:01:26.702" level="INFO">${posicion} = 2</msg>
<status status="PASS" starttime="20240122 19:01:26.702" endtime="20240122 19:01:26.702"/>
</kw>
<kw name="Run Keyword And Return Status" library="BuiltIn">
<var>${imprime resultado}</var>
<arg>wait until element is visible</arg>
<arg>${lblResultado}</arg>
<arg>60</arg>
<arg>Error:No se visualizo el resultado</arg>
<doc>Runs the given keyword with given arguments and returns the status as a Boolean value.</doc>
<kw name="Wait Until Element Is Visible" library="SeleniumLibrary">
<arg>${lblResultado}</arg>
<arg>60</arg>
<arg>Error:No se visualizo el resultado</arg>
<doc>Waits until the element ``locator`` is visible.</doc>
<status status="PASS" starttime="20240122 19:01:26.702" endtime="20240122 19:01:26.940"/>
</kw>
<msg timestamp="20240122 19:01:26.940" level="INFO">${imprime resultado} = True</msg>
<status status="PASS" starttime="20240122 19:01:26.702" endtime="20240122 19:01:26.940"/>
</kw>
<kw name="Log To Console" library="BuiltIn">
<arg>no se muestra resultado${imprime resultado}</arg>
<doc>Logs the given message to the console.</doc>
<status status="PASS" starttime="20240122 19:01:26.940" endtime="20240122 19:01:26.940"/>
</kw>
<kw name="Run Keyword If" library="BuiltIn">
<arg>${imprime resultado}</arg>
<arg>escribir resultado</arg>
<arg>${posicion}</arg>
<arg>${nombreDoc}</arg>
<arg>ELSE</arg>
<arg>ingresa de nuevo al modulo renovacion</arg>
<doc>Runs the given keyword with the given arguments, if ``condition`` is true.</doc>
<kw name="escribir resultado" library="RenovacionesKeywords">
<arg>${posicion}</arg>
<arg>${nombreDoc}</arg>
<kw name="Sleep" library="BuiltIn">
<arg>1</arg>
<doc>Pauses the test executed for the given time.</doc>
<msg timestamp="20240122 19:01:27.951" level="INFO">Slept 1 second</msg>
<status status="PASS" starttime="20240122 19:01:26.940" endtime="20240122 19:01:27.951"/>
</kw>
<kw name="Get Text" library="SeleniumLibrary">
<var>${resultado}</var>
<arg>${lblresultado}</arg>
<doc>Returns the text value of the element identified by ``locator``.</doc>
<msg timestamp="20240122 19:01:28.172" level="INFO">${resultado} = Cliente encontrado: MARIZA ARELLANO</msg>
<status status="PASS" starttime="20240122 19:01:27.951" endtime="20240122 19:01:28.172"/>
</kw>
<kw name="Log To Console" library="BuiltIn">
<arg>resultadooooo${resultado}</arg>
<doc>Logs the given message to the console.</doc>
<status status="PASS" starttime="20240122 19:01:28.172" endtime="20240122 19:01:28.172"/>
</kw>
<kw name="Convert To String" library="BuiltIn">
<var>${resultado}</var>
<arg>${resultado}</arg>
<doc>Converts the given item to a Unicode string.</doc>
<msg timestamp="20240122 19:01:28.172" level="INFO">${resultado} = Cliente encontrado: MARIZA ARELLANO</msg>
<status status="PASS" starttime="20240122 19:01:28.172" endtime="20240122 19:01:28.172"/>
</kw>
<kw name="Escribe Mensaje" library="readexcel">
<arg>${posicion}</arg>
<arg>${resultado}</arg>
<arg>${nombreDoc}</arg>
<status status="PASS" starttime="20240122 19:01:28.172" endtime="20240122 19:01:28.188"/>
</kw>
<kw name="Run Keyword And Return Status" library="BuiltIn">
<var>${flag}</var>
<arg>element should be enabled</arg>
<arg>${btnContinuar}</arg>
<doc>Runs the given keyword with given arguments and returns the status as a Boolean value.</doc>
<kw name="Element Should Be Enabled" library="SeleniumLibrary">
<arg>${btnContinuar}</arg>
<doc>Verifies that element identified by ``locator`` is enabled.</doc>
<status status="PASS" starttime="20240122 19:01:28.188" endtime="20240122 19:01:28.518"/>
</kw>
<msg timestamp="20240122 19:01:28.518" level="INFO">${flag} = True</msg>
<status status="PASS" starttime="20240122 19:01:28.188" endtime="20240122 19:01:28.518"/>
</kw>
<kw name="Log To Console" library="BuiltIn">
<arg>bandera continuar${flag}</arg>
<doc>Logs the given message to the console.</doc>
<status status="PASS" starttime="20240122 19:01:28.518" endtime="20240122 19:01:28.521"/>
</kw>
<kw name="Run Keyword If" library="BuiltIn">
<arg>${flag}</arg>
<arg>validar datos de renovacion</arg>
<arg>${posicion}</arg>
<arg>${nombreDoc}</arg>
<arg>ELSE</arg>
<arg>ingresa de nuevo al modulo renovacion</arg>
<doc>Runs the given keyword with the given arguments, if ``condition`` is true.</doc>
<kw name="validar datos de renovacion" library="RenovacionesKeywords">
<arg>${posicion}</arg>
<arg>${nombreDoc}</arg>
<kw name="Wait Until Element Is Not Visible" library="SeleniumLibrary">
<arg>${divModal}</arg>
<arg>80</arg>
<doc>Waits until the element ``locator`` is not visible.</doc>
<status status="PASS" starttime="20240122 19:01:28.521" endtime="20240122 19:01:28.754"/>
</kw>
<kw name="Sleep" library="BuiltIn">
<arg>2</arg>
<doc>Pauses the test executed for the given time.</doc>
<msg timestamp="20240122 19:01:30.754" level="INFO">Slept 2 seconds</msg>
<status status="PASS" starttime="20240122 19:01:28.754" endtime="20240122 19:01:30.754"/>
</kw>
<kw name="Click Element" library="SeleniumLibrary">
<arg>${btnContinuar}</arg>
<doc>Click the element identified by ``locator``.</doc>
<msg timestamp="20240122 19:01:30.755" level="INFO">Clicking element 'xpath://*[@id='formIdent:btnContinuar']'.</msg>
<status status="PASS" starttime="20240122 19:01:30.754" endtime="20240122 19:01:31.007"/>
</kw>
<kw name="Sleep" library="BuiltIn">
<arg>2</arg>
<doc>Pauses the test executed for the given time.</doc>
<msg timestamp="20240122 19:01:33.020" level="INFO">Slept 2 seconds</msg>
<status status="PASS" starttime="20240122 19:01:31.007" endtime="20240122 19:01:33.020"/>
</kw>
<kw name="Run Keyword And Return Status" library="BuiltIn">
<var>${flag}</var>
<arg>wait until element is visible</arg>
<arg>${lbldiasrestantes}</arg>
<arg>30</arg>
<arg>Error:No se visualizo los dias restantes</arg>
<doc>Runs the given keyword with given arguments and returns the status as a Boolean value.</doc>
<kw name="Wait Until Element Is Visible" library="SeleniumLibrary">
<arg>${lbldiasrestantes}</arg>
<arg>30</arg>
<arg>Error:No se visualizo los dias restantes</arg>
<doc>Waits until the element ``locator`` is visible.</doc>
<status status="PASS" starttime="20240122 19:01:33.021" endtime="20240122 19:01:36.574"/>
</kw>
<msg timestamp="20240122 19:01:36.574" level="INFO">${flag} = True</msg>
<status status="PASS" starttime="20240122 19:01:33.021" endtime="20240122 19:01:36.574"/>
</kw>
<kw name="Log To Console" library="BuiltIn">
<arg>no se muestra dias restantes${flag}</arg>
<doc>Logs the given message to the console.</doc>
<status status="PASS" starttime="20240122 19:01:36.574" endtime="20240122 19:01:36.574"/>
</kw>
<kw name="Run Keyword If" library="BuiltIn">
<arg>${flag}</arg>
<arg>Escribir datos de renovacion</arg>
<arg>${i}</arg>
<arg>${nombreDoc}</arg>
<arg>ELSE</arg>
<arg>ingresa de nuevo al modulo renovacion</arg>
<doc>Runs the given keyword with the given arguments, if ``condition`` is true.</doc>
<kw name="Escribir datos de renovacion" library="RenovacionesKeywords">
<arg>${i}</arg>
<arg>${nombreDoc}</arg>
<kw name="Sleep" library="BuiltIn">
<arg>1</arg>
<doc>Pauses the test executed for the given time.</doc>
<msg timestamp="20240122 19:01:37.586" level="INFO">Slept 1 second</msg>
<status status="PASS" starttime="20240122 19:01:36.574" endtime="20240122 19:01:37.586"/>
</kw>
<kw name="Wait Until Element Is Visible" library="SeleniumLibrary">
<arg>${lbldiasrestantes}</arg>
<arg>30</arg>
<arg>Error:No se visualizo los dias restantes</arg>
<doc>Waits until the element ``locator`` is visible.</doc>
<status status="PASS" starttime="20240122 19:01:37.586" endtime="20240122 19:01:37.804"/>
</kw>
<kw name="Get Text" library="SeleniumLibrary">
<var>${equipo}</var>
<arg>${lblequipo}</arg>
<doc>Returns the text value of the element identified by ``locator``.</doc>
<msg timestamp="20240122 19:01:38.025" level="INFO">${equipo} = $0.00</msg>
<status status="PASS" starttime="20240122 19:01:37.804" endtime="20240122 19:01:38.025"/>
</kw>
<kw name="Get Text" library="SeleniumLibrary">
<var>${financiamiento}</var>
<arg>${lblfinanciamiento}</arg>
<doc>Returns the text value of the element identified by ``locator``.</doc>
<msg timestamp="20240122 19:01:38.262" level="INFO">${financiamiento} = $0.00</msg>
<status status="PASS" starttime="20240122 19:01:38.025" endtime="20240122 19:01:38.262"/>
</kw>
<kw name="Get Text" library="SeleniumLibrary">
<var>${plazoactual}</var>
<arg>${lblplazoactual}</arg>
<doc>Returns the text value of the element identified by ``locator``.</doc>
<msg timestamp="20240122 19:01:38.499" level="INFO">${plazoactual} = 24</msg>
<status status="PASS" starttime="20240122 19:01:38.262" endtime="20240122 19:01:38.499"/>
</kw>
<kw name="Get Text" library="SeleniumLibrary">
<var>${plazorestante}</var>
<arg>${lblplazorestante}</arg>
<doc>Returns the text value of the element identified by ``locator``.</doc>
<msg timestamp="20240122 19:01:38.720" level="INFO">${plazorestante} = 0</msg>
<status status="PASS" starttime="20240122 19:01:38.499" endtime="20240122 19:01:38.720"/>
</kw>
<kw name="Get Text" library="SeleniumLibrary">
<var>${diasrestantes}</var>
<arg>${lbldiasrestantes}</arg>
<doc>Returns the text value of the element identified by ``locator``.</doc>
<msg timestamp="20240122 19:01:38.942" level="INFO">${diasrestantes} = 0</msg>
<status status="PASS" starttime="20240122 19:01:38.720" endtime="20240122 19:01:38.942"/>
</kw>
<kw name="Convert To String" library="BuiltIn">
<var>${equipo}</var>
<arg>${equipo}</arg>
<doc>Converts the given item to a Unicode string.</doc>
<msg timestamp="20240122 19:01:38.943" level="INFO">${equipo} = $0.00</msg>
<status status="PASS" starttime="20240122 19:01:38.942" endtime="20240122 19:01:38.943"/>
</kw>
<kw name="Convert To String" library="BuiltIn">
<var>${financiamiento}</var>
<arg>${financiamiento}</arg>
<doc>Converts the given item to a Unicode string.</doc>
<msg timestamp="20240122 19:01:38.943" level="INFO">${financiamiento} = $0.00</msg>
<status status="PASS" starttime="20240122 19:01:38.943" endtime="20240122 19:01:38.943"/>
</kw>
<kw name="Convert To String" library="BuiltIn">
<var>${plazoactual}</var>
<arg>${plazoactual}</arg>
<doc>Converts the given item to a Unicode string.</doc>
<msg timestamp="20240122 19:01:38.943" level="INFO">${plazoactual} = 24</msg>
<status status="PASS" starttime="20240122 19:01:38.943" endtime="20240122 19:01:38.943"/>
</kw>
<kw name="Convert To String" library="BuiltIn">
<var>${plazorestante}</var>
<arg>${plazorestante}</arg>
<doc>Converts the given item to a Unicode string.</doc>
<msg timestamp="20240122 19:01:38.943" level="INFO">${plazorestante} = 0</msg>
<status status="PASS" starttime="20240122 19:01:38.943" endtime="20240122 19:01:38.943"/>
</kw>
<kw name="Convert To String" library="BuiltIn">
<var>${diasrestantes}</var>
<arg>${diasrestantes}</arg>
<doc>Converts the given item to a Unicode string.</doc>
<msg timestamp="20240122 19:01:38.943" level="INFO">${diasrestantes} = 0</msg>
<status status="PASS" starttime="20240122 19:01:38.943" endtime="20240122 19:01:38.943"/>
</kw>
<kw name="Escribe Resultado" library="readexcel">
<arg>${i}</arg>
<arg>${equipo}</arg>
<arg>${financiamiento}</arg>
<arg>${plazoactual}</arg>
<arg>${plazorestante}</arg>
<arg>${diasrestantes}</arg>
<arg>${nombreDoc}</arg>
<status status="PASS" starttime="20240122 19:01:38.943" endtime="20240122 19:01:38.958"/>
</kw>
<kw name="Convert To Integer" library="BuiltIn">
<var>${Diasrestint}</var>
<arg>${diasrestantes}</arg>
<doc>Converts the given item to an integer number.</doc>
<msg timestamp="20240122 19:01:38.958" level="INFO">${Diasrestint} = 0</msg>
<status status="PASS" starttime="20240122 19:01:38.958" endtime="20240122 19:01:38.958"/>
</kw>
<kw name="Log To Console" library="BuiltIn">
<arg>dias restantes int${Diasrestint}</arg>
<doc>Logs the given message to the console.</doc>
<status status="PASS" starttime="20240122 19:01:38.958" endtime="20240122 19:01:38.958"/>
</kw>
<kw name="Convert To Integer" library="BuiltIn">
<var>${numero}</var>
<arg>90</arg>
<doc>Converts the given item to an integer number.</doc>
<msg timestamp="20240122 19:01:38.958" level="INFO">${numero} = 90</msg>
<status status="PASS" starttime="20240122 19:01:38.958" endtime="20240122 19:01:38.958"/>
</kw>
<kw name="Run Keyword If" library="BuiltIn">
<arg>${Diasrestint}&lt;=${numero}</arg>
<arg>Obtener datos para renovacion</arg>
<arg>${i}</arg>
<arg>${nombreDoc}</arg>
<arg>ELSE</arg>
<arg>ingresa de nuevo al modulo renovacion</arg>
<doc>Runs the given keyword with the given arguments, if ``condition`` is true.</doc>
<kw name="Obtener datos para renovacion" library="RenovacionesKeywords">
<arg>${i}</arg>
<arg>${nombreDoc}</arg>
<kw name="assert click element" library="Keywords">
<arg>${btnContinuar2}</arg>
<arg>25</arg>
<arg>Error:No se pudo obtener los datos de renovacion</arg>
<kw name="Wait Until Element Is Visible" library="SeleniumLibrary">
<arg>${Element}</arg>
<arg>${Timeout}</arg>
<arg>${MsError}</arg>
<doc>Waits until the element ``locator`` is visible.</doc>
<status status="PASS" starttime="20240122 19:01:38.958" endtime="20240122 19:01:39.210"/>
</kw>
<kw name="Wait Until Element Is Enabled" library="SeleniumLibrary">
<arg>${Element}</arg>
<arg>${Timeout}</arg>
<doc>Waits until the element ``locator`` is enabled.</doc>
<status status="PASS" starttime="20240122 19:01:39.210" endtime="20240122 19:01:39.558"/>
</kw>
<kw name="Click Element" library="SeleniumLibrary">
<arg>${Element}</arg>
<doc>Click the element identified by ``locator``.</doc>
<msg timestamp="20240122 19:01:39.558" level="INFO">Clicking element 'xpath://*[@id='j_id_1k_ev:j_id_1k_ex']'.</msg>
<status status="PASS" starttime="20240122 19:01:39.558" endtime="20240122 19:01:39.817"/>
</kw>
<status status="PASS" starttime="20240122 19:01:38.958" endtime="20240122 19:01:39.817"/>
</kw>
<kw name="Get Element Attribute" library="SeleniumLibrary">
<var>${Appaterno}</var>
<arg>${lblAppaterno}</arg>
<arg>value</arg>
<doc>Returns the value of ``attribute`` from the element ``locator``.</doc>
<msg timestamp="20240122 19:01:40.054" level="INFO">${Appaterno} = ARELLANO</msg>
<status status="PASS" starttime="20240122 19:01:39.817" endtime="20240122 19:01:40.054"/>
</kw>
<kw name="Get Element Attribute" library="SeleniumLibrary">
<var>${Apmaterno}</var>
<arg>${lblApmaterno}</arg>
<arg>value</arg>
<doc>Returns the value of ``attribute`` from the element ``locator``.</doc>
<msg timestamp="20240122 19:01:40.275" level="INFO">${Apmaterno} = POMPA</msg>
<status status="PASS" starttime="20240122 19:01:40.054" endtime="20240122 19:01:40.275"/>
</kw>
<kw name="Get Element Attribute" library="SeleniumLibrary">
<var>${Nombre}</var>
<arg>${lblNombre}</arg>
<arg>value</arg>
<doc>Returns the value of ``attribute`` from the element ``locator``.</doc>
<msg timestamp="20240122 19:01:40.488" level="INFO">${Nombre} = MARIZA</msg>
<status status="PASS" starttime="20240122 19:01:40.275" endtime="20240122 19:01:40.488"/>
</kw>
<kw name="Get Element Attribute" library="SeleniumLibrary">
<var>${Rfc}</var>
<arg>${lblRfc}</arg>
<arg>value</arg>
<doc>Returns the value of ``attribute`` from the element ``locator``.</doc>
<msg timestamp="20240122 19:01:40.703" level="INFO">${Rfc} = AEPM700223M60</msg>
<status status="PASS" starttime="20240122 19:01:40.488" endtime="20240122 19:01:40.703"/>
</kw>
<kw name="Scroll Element Into View" library="SeleniumLibrary">
<arg>${lblmail}</arg>
<doc>Scrolls the element identified by ``locator`` into view.</doc>
<status status="PASS" starttime="20240122 19:01:40.703" endtime="20240122 19:01:41.203"/>
</kw>
<kw name="Get Element Attribute" library="SeleniumLibrary">
<var>${Email}</var>
<arg>${lblmail}</arg>
<arg>value</arg>
<doc>Returns the value of ``attribute`` from the element ``locator``.</doc>
<msg timestamp="20240122 19:01:41.423" level="INFO">${Email} = LUZ.CENTENO@PORTIMEX.COM.MX</msg>
<status status="PASS" starttime="20240122 19:01:41.203" endtime="20240122 19:01:41.423"/>
</kw>
<kw name="Scroll Element Into View" library="SeleniumLibrary">
<arg>${lbltcalle}</arg>
<doc>Scrolls the element identified by ``locator`` into view.</doc>
<status status="PASS" starttime="20240122 19:01:41.423" endtime="20240122 19:01:41.934"/>
</kw>
<kw name="Get Text" library="SeleniumLibrary">
<var>${TCalle}</var>
<arg>${lbltcalle}</arg>
<doc>Returns the text value of the element identified by ``locator``.</doc>
<msg timestamp="20240122 19:01:42.171" level="INFO">${TCalle} = CALLE</msg>
<status status="PASS" starttime="20240122 19:01:41.934" endtime="20240122 19:01:42.171"/>
</kw>
<kw name="Scroll Element Into View" library="SeleniumLibrary">
<arg>${lblcalle}</arg>
<doc>Scrolls the element identified by ``locator`` into view.</doc>
<status status="PASS" starttime="20240122 19:01:42.171" endtime="20240122 19:01:42.684"/>
</kw>
<kw name="Get Element Attribute" library="SeleniumLibrary">
<var>${Calle}</var>
<arg>${lblcalle}</arg>
<arg>value</arg>
<doc>Returns the value of ``attribute`` from the element ``locator``.</doc>
<msg timestamp="20240122 19:01:42.904" level="INFO">${Calle} = SAN FRANCISCO</msg>
<status status="PASS" starttime="20240122 19:01:42.684" endtime="20240122 19:01:42.904"/>
</kw>
<kw name="Scroll Element Into View" library="SeleniumLibrary">
<arg>${lblnumext}</arg>
<doc>Scrolls the element identified by ``locator`` into view.</doc>
<status status="PASS" starttime="20240122 19:01:42.904" endtime="20240122 19:01:43.400"/>
</kw>
<kw name="Get Element Attribute" library="SeleniumLibrary">
<var>${NumExt}</var>
<arg>${lblnumext}</arg>
<arg>value</arg>
<doc>Returns the value of ``attribute`` from the element ``locator``.</doc>
<msg timestamp="20240122 19:01:43.621" level="INFO">${NumExt} = 22</msg>
<status status="PASS" starttime="20240122 19:01:43.400" endtime="20240122 19:01:43.621"/>
</kw>
<kw name="Scroll Element Into View" library="SeleniumLibrary">
<arg>${lblnumint}</arg>
<doc>Scrolls the element identified by ``locator`` into view.</doc>
<status status="PASS" starttime="20240122 19:01:43.621" endtime="20240122 19:01:44.115"/>
</kw>
<kw name="Get Element Attribute" library="SeleniumLibrary">
<var>${NumInt}</var>
<arg>${lblnumint}</arg>
<arg>value</arg>
<doc>Returns the value of ``attribute`` from the element ``locator``.</doc>
<msg timestamp="20240122 19:01:44.337" level="INFO">${NumInt} = 304</msg>
<status status="PASS" starttime="20240122 19:01:44.115" endtime="20240122 19:01:44.337"/>
</kw>
<kw name="Scroll Element Into View" library="SeleniumLibrary">
<arg>${lblcp}</arg>
<doc>Scrolls the element identified by ``locator`` into view.</doc>
<status status="PASS" starttime="20240122 19:01:44.337" endtime="20240122 19:01:44.849"/>
</kw>
<kw name="Get Element Attribute" library="SeleniumLibrary">
<var>${Cp}</var>
<arg>${lblcp}</arg>
<arg>value</arg>
<doc>Returns the value of ``attribute`` from the element ``locator``.</doc>
<msg timestamp="20240122 19:01:45.070" level="INFO">${Cp} = 03100</msg>
<status status="PASS" starttime="20240122 19:01:44.849" endtime="20240122 19:01:45.070"/>
</kw>
<kw name="Scroll Element Into View" library="SeleniumLibrary">
<arg>${lblmunicipio}</arg>
<doc>Scrolls the element identified by ``locator`` into view.</doc>
<status status="PASS" starttime="20240122 19:01:45.071" endtime="20240122 19:01:45.582"/>
</kw>
<kw name="Get Element Attribute" library="SeleniumLibrary">
<var>${Municipio}</var>
<arg>${lblmunicipio}</arg>
<arg>value</arg>
<doc>Returns the value of ``attribute`` from the element ``locator``.</doc>
<msg timestamp="20240122 19:01:45.802" level="INFO">${Municipio} = BENITO JUAREZ</msg>
<status status="PASS" starttime="20240122 19:01:45.582" endtime="20240122 19:01:45.802"/>
</kw>
<kw name="Scroll Element Into View" library="SeleniumLibrary">
<arg>${lblestado}</arg>
<doc>Scrolls the element identified by ``locator`` into view.</doc>
<status status="PASS" starttime="20240122 19:01:45.802" endtime="20240122 19:01:46.281"/>
</kw>
<kw name="Get Element Attribute" library="SeleniumLibrary">
<var>${Estado}</var>
<arg>${lblestado}</arg>
<arg>value</arg>
<doc>Returns the value of ``attribute`` from the element ``locator``.</doc>
<msg timestamp="20240122 19:01:46.500" level="INFO">${Estado} = CIUDAD DE MEXICO</msg>
<status status="PASS" starttime="20240122 19:01:46.281" endtime="20240122 19:01:46.500"/>
</kw>
<kw name="Scroll Element Into View" library="SeleniumLibrary">
<arg>${lblciudad}</arg>
<doc>Scrolls the element identified by ``locator`` into view.</doc>
<status status="PASS" starttime="20240122 19:01:46.500" endtime="20240122 19:01:47.013"/>
</kw>
<kw name="Get Element Attribute" library="SeleniumLibrary">
<var>${Ciudad}</var>
<arg>${lblciudad}</arg>
<arg>value</arg>
<doc>Returns the value of ``attribute`` from the element ``locator``.</doc>
<msg timestamp="20240122 19:01:47.235" level="INFO">${Ciudad} = CIUDAD DE MEXICO</msg>
<status status="PASS" starttime="20240122 19:01:47.013" endtime="20240122 19:01:47.235"/>
</kw>
<kw name="Scroll Element Into View" library="SeleniumLibrary">
<arg>${lblcolonia}</arg>
<doc>Scrolls the element identified by ``locator`` into view.</doc>
<status status="PASS" starttime="20240122 19:01:47.235" endtime="20240122 19:01:47.762"/>
</kw>
<kw name="Get Element Attribute" library="SeleniumLibrary">
<var>${Colonia}</var>
<arg>${lblcolonia}</arg>
<arg>value</arg>
<doc>Returns the value of ``attribute`` from the element ``locator``.</doc>
<msg timestamp="20240122 19:01:47.982" level="INFO">${Colonia} = DEL VALLE CENTRO</msg>
<status status="PASS" starttime="20240122 19:01:47.762" endtime="20240122 19:01:47.982"/>
</kw>
<kw name="Scroll Element Into View" library="SeleniumLibrary">
<arg>${lblmetodopago}</arg>
<doc>Scrolls the element identified by ``locator`` into view.</doc>
<status status="PASS" starttime="20240122 19:01:47.982" endtime="20240122 19:01:48.470"/>
</kw>
<kw name="Get Text" library="SeleniumLibrary">
<var>${MetodoPago}</var>
<arg>${lblmetodopago}</arg>
<doc>Returns the text value of the element identified by ``locator``.</doc>
<msg timestamp="20240122 19:01:48.684" level="INFO">${MetodoPago} = TARJETA DE CREDITO</msg>
<status status="PASS" starttime="20240122 19:01:48.470" endtime="20240122 19:01:48.684"/>
</kw>
<kw name="Scroll Element Into View" library="SeleniumLibrary">
<arg>${lbloferta}</arg>
<doc>Scrolls the element identified by ``locator`` into view.</doc>
<status status="PASS" starttime="20240122 19:01:48.684" endtime="20240122 19:01:49.216"/>
</kw>
<kw name="Get Text" library="SeleniumLibrary">
<var>${Oferta}</var>
<arg>${lbloferta}</arg>
<doc>Returns the text value of the element identified by ``locator``.</doc>
<msg timestamp="20240122 19:01:49.450" level="INFO">${Oferta} = TELCEL MAX SIN LIMITE MIXTO 3000</msg>
<status status="PASS" starttime="20240122 19:01:49.216" endtime="20240122 19:01:49.450"/>
</kw>
<kw name="Convert To String" library="BuiltIn">
<var>${Appaterno}</var>
<arg>${Appaterno}</arg>
<doc>Converts the given item to a Unicode string.</doc>
<msg timestamp="20240122 19:01:49.451" level="INFO">${Appaterno} = ARELLANO</msg>
<status status="PASS" starttime="20240122 19:01:49.450" endtime="20240122 19:01:49.451"/>
</kw>
<kw name="Convert To String" library="BuiltIn">
<var>${Apmaterno}</var>
<arg>${Apmaterno}</arg>
<doc>Converts the given item to a Unicode string.</doc>
<msg timestamp="20240122 19:01:49.451" level="INFO">${Apmaterno} = POMPA</msg>
<status status="PASS" starttime="20240122 19:01:49.451" endtime="20240122 19:01:49.452"/>
</kw>
<kw name="Convert To String" library="BuiltIn">
<var>${Nombre}</var>
<arg>${Nombre}</arg>
<doc>Converts the given item to a Unicode string.</doc>
<msg timestamp="20240122 19:01:49.452" level="INFO">${Nombre} = MARIZA</msg>
<status status="PASS" starttime="20240122 19:01:49.452" endtime="20240122 19:01:49.452"/>
</kw>
<kw name="Convert To String" library="BuiltIn">
<var>${Rfc}</var>
<arg>${Rfc}</arg>
<doc>Converts the given item to a Unicode string.</doc>
<msg timestamp="20240122 19:01:49.453" level="INFO">${Rfc} = AEPM700223M60</msg>
<status status="PASS" starttime="20240122 19:01:49.452" endtime="20240122 19:01:49.453"/>
</kw>
<kw name="Convert To String" library="BuiltIn">
<var>${Email}</var>
<arg>${Email}</arg>
<doc>Converts the given item to a Unicode string.</doc>
<msg timestamp="20240122 19:01:49.454" level="INFO">${Email} = LUZ.CENTENO@PORTIMEX.COM.MX</msg>
<status status="PASS" starttime="20240122 19:01:49.453" endtime="20240122 19:01:49.454"/>
</kw>
<kw name="Convert To String" library="BuiltIn">
<var>${TCalle}</var>
<arg>${TCalle}</arg>
<doc>Converts the given item to a Unicode string.</doc>
<msg timestamp="20240122 19:01:49.454" level="INFO">${TCalle} = CALLE</msg>
<status status="PASS" starttime="20240122 19:01:49.454" endtime="20240122 19:01:49.454"/>
</kw>
<kw name="Convert To String" library="BuiltIn">
<var>${Calle}</var>
<arg>${Calle}</arg>
<doc>Converts the given item to a Unicode string.</doc>
<msg timestamp="20240122 19:01:49.454" level="INFO">${Calle} = SAN FRANCISCO</msg>
<status status="PASS" starttime="20240122 19:01:49.454" endtime="20240122 19:01:49.454"/>
</kw>
<kw name="Convert To String" library="BuiltIn">
<var>${NumExt}</var>
<arg>${NumExt}</arg>
<doc>Converts the given item to a Unicode string.</doc>
<msg timestamp="20240122 19:01:49.455" level="INFO">${NumExt} = 22</msg>
<status status="PASS" starttime="20240122 19:01:49.455" endtime="20240122 19:01:49.455"/>
</kw>
<kw name="Convert To String" library="BuiltIn">
<var>${NumInt}</var>
<arg>${NumInt}</arg>
<doc>Converts the given item to a Unicode string.</doc>
<msg timestamp="20240122 19:01:49.455" level="INFO">${NumInt} = 304</msg>
<status status="PASS" starttime="20240122 19:01:49.455" endtime="20240122 19:01:49.455"/>
</kw>
<kw name="Convert To String" library="BuiltIn">
<var>${Cp}</var>
<arg>${Cp}</arg>
<doc>Converts the given item to a Unicode string.</doc>
<msg timestamp="20240122 19:01:49.456" level="INFO">${Cp} = 03100</msg>
<status status="PASS" starttime="20240122 19:01:49.456" endtime="20240122 19:01:49.456"/>
</kw>
<kw name="Convert To String" library="BuiltIn">
<var>${Municipio}</var>
<arg>${Municipio}</arg>
<doc>Converts the given item to a Unicode string.</doc>
<msg timestamp="20240122 19:01:49.456" level="INFO">${Municipio} = BENITO JUAREZ</msg>
<status status="PASS" starttime="20240122 19:01:49.456" endtime="20240122 19:01:49.456"/>
</kw>
<kw name="Convert To String" library="BuiltIn">
<var>${Estado}</var>
<arg>${Estado}</arg>
<doc>Converts the given item to a Unicode string.</doc>
<msg timestamp="20240122 19:01:49.456" level="INFO">${Estado} = CIUDAD DE MEXICO</msg>
<status status="PASS" starttime="20240122 19:01:49.456" endtime="20240122 19:01:49.456"/>
</kw>
<kw name="Convert To String" library="BuiltIn">
<var>${Ciudad}</var>
<arg>${Ciudad}</arg>
<doc>Converts the given item to a Unicode string.</doc>
<msg timestamp="20240122 19:01:49.457" level="INFO">${Ciudad} = CIUDAD DE MEXICO</msg>
<status status="PASS" starttime="20240122 19:01:49.457" endtime="20240122 19:01:49.457"/>
</kw>
<kw name="Convert To String" library="BuiltIn">
<var>${Colonia}</var>
<arg>${Colonia}</arg>
<doc>Converts the given item to a Unicode string.</doc>
<msg timestamp="20240122 19:01:49.457" level="INFO">${Colonia} = DEL VALLE CENTRO</msg>
<status status="PASS" starttime="20240122 19:01:49.457" endtime="20240122 19:01:49.457"/>
</kw>
<kw name="Convert To String" library="BuiltIn">
<var>${MetodoPago}</var>
<arg>${MetodoPago}</arg>
<doc>Converts the given item to a Unicode string.</doc>
<msg timestamp="20240122 19:01:49.458" level="INFO">${MetodoPago} = TARJETA DE CREDITO</msg>
<status status="PASS" starttime="20240122 19:01:49.458" endtime="20240122 19:01:49.458"/>
</kw>
<kw name="Convert To String" library="BuiltIn">
<var>${Oferta}</var>
<arg>${Oferta}</arg>
<doc>Converts the given item to a Unicode string.</doc>
<msg timestamp="20240122 19:01:49.458" level="INFO">${Oferta} = TELCEL MAX SIN LIMITE MIXTO 3000</msg>
<status status="PASS" starttime="20240122 19:01:49.458" endtime="20240122 19:01:49.458"/>
</kw>
<kw name="Escribe Datos Renovacion" library="readexcel">
<arg>${i}</arg>
<arg>${Appaterno}</arg>
<arg>${Apmaterno}</arg>
<arg>${Nombre}</arg>
<arg>${Rfc}</arg>
<arg>${Email}</arg>
<arg>${TCalle}</arg>
<arg>${Calle}</arg>
<arg>${NumExt}</arg>
<arg>${NumInt}</arg>
<arg>${Cp}</arg>
<arg>${Municipio}</arg>
<arg>${Estado}</arg>
<arg>${Ciudad}</arg>
<arg>${Colonia}</arg>
<arg>${MetodoPago}</arg>
<arg>${Oferta}</arg>
<arg>${nombreDoc}</arg>
<status status="PASS" starttime="20240122 19:01:49.459" endtime="20240122 19:01:49.476"/>
</kw>
<kw name="Reload Page" library="SeleniumLibrary">
<doc>Simulates user reloading page.</doc>
<status status="PASS" starttime="20240122 19:01:49.476" endtime="20240122 19:01:49.902"/>
</kw>
<kw name="assert click element" library="Keywords">
<arg>${btntramites}</arg>
<arg>5</arg>
<arg>Error:No se pudo acceder al módulo de Tramites en línea</arg>
<kw name="Wait Until Element Is Visible" library="SeleniumLibrary">
<arg>${Element}</arg>
<arg>${Timeout}</arg>
<arg>${MsError}</arg>
<doc>Waits until the element ``locator`` is visible.</doc>
<status status="PASS" starttime="20240122 19:01:49.904" endtime="20240122 19:01:50.520"/>
</kw>
<kw name="Wait Until Element Is Enabled" library="SeleniumLibrary">
<arg>${Element}</arg>
<arg>${Timeout}</arg>
<doc>Waits until the element ``locator`` is enabled.</doc>
<status status="PASS" starttime="20240122 19:01:50.520" endtime="20240122 19:01:50.868"/>
</kw>
<kw name="Click Element" library="SeleniumLibrary">
<arg>${Element}</arg>
<doc>Click the element identified by ``locator``.</doc>
<msg timestamp="20240122 19:01:50.869" level="INFO">Clicking element 'xpath://img[contains(@id,'idMenuSenal')]'.</msg>
<status status="PASS" starttime="20240122 19:01:50.868" endtime="20240122 19:01:51.130"/>
</kw>
<status status="PASS" starttime="20240122 19:01:49.903" endtime="20240122 19:01:51.130"/>
</kw>
<kw name="assert click element" library="Keywords">
<arg>${hrefrenovacion}</arg>
<arg>5</arg>
<arg>Error:No se pudo acceder al servicio de renovaciones</arg>
<kw name="Wait Until Element Is Visible" library="SeleniumLibrary">
<arg>${Element}</arg>
<arg>${Timeout}</arg>
<arg>${MsError}</arg>
<doc>Waits until the element ``locator`` is visible.</doc>
<status status="PASS" starttime="20240122 19:01:51.130" endtime="20240122 19:01:51.353"/>
</kw>
<kw name="Wait Until Element Is Enabled" library="SeleniumLibrary">
<arg>${Element}</arg>
<arg>${Timeout}</arg>
<doc>Waits until the element ``locator`` is enabled.</doc>
<status status="PASS" starttime="20240122 19:01:51.353" endtime="20240122 19:01:51.698"/>
</kw>
<kw name="Click Element" library="SeleniumLibrary">
<arg>${Element}</arg>
<doc>Click the element identified by ``locator``.</doc>
<msg timestamp="20240122 19:01:51.698" level="INFO">Clicking element 'xpath://span[@class='ui-menuitem-text'][contains(.,'Renovación')]'.</msg>
<status status="PASS" starttime="20240122 19:01:51.698" endtime="20240122 19:01:51.983"/>
</kw>
<status status="PASS" starttime="20240122 19:01:51.130" endtime="20240122 19:01:51.983"/>
</kw>
<kw name="Assert to element" library="Keywords">
<arg>${lblRenovacion}</arg>
<arg>5</arg>
<arg>Error: No se visualiza el módulo de renovaciones</arg>
<kw name="Wait Until Element Is Visible" library="SeleniumLibrary">
<arg>${Element}</arg>
<arg>${Timeout}</arg>
<arg>${MsError}</arg>
<doc>Waits until the element ``locator`` is visible.</doc>
<status status="PASS" starttime="20240122 19:01:51.983" endtime="20240122 19:01:52.601"/>
</kw>
<status status="PASS" starttime="20240122 19:01:51.983" endtime="20240122 19:01:52.601"/>
</kw>
<status status="PASS" starttime="20240122 19:01:38.958" endtime="20240122 19:01:52.601"/>
</kw>
<status status="PASS" starttime="20240122 19:01:38.958" endtime="20240122 19:01:52.601"/>
</kw>
<status status="PASS" starttime="20240122 19:01:36.574" endtime="20240122 19:01:52.601"/>
</kw>
<status status="PASS" starttime="20240122 19:01:36.574" endtime="20240122 19:01:52.601"/>
</kw>
<status status="PASS" starttime="20240122 19:01:28.521" endtime="20240122 19:01:52.602"/>
</kw>
<status status="PASS" starttime="20240122 19:01:28.521" endtime="20240122 19:01:52.602"/>
</kw>
<status status="PASS" starttime="20240122 19:01:26.940" endtime="20240122 19:01:52.603"/>
</kw>
<status status="PASS" starttime="20240122 19:01:26.940" endtime="20240122 19:01:52.603"/>
</kw>
<status status="PASS" starttime="20240122 19:01:16.262" endtime="20240122 19:01:52.603"/>
</iter>
<iter>
<var name="${i}">3</var>
<kw name="obteniendo valor columnas" library="RenovacionesKeywords">
<var>${numero}</var>
<arg>${nombreDoc}</arg>
<arg>numeros</arg>
<arg>${i}</arg>
<arg>1</arg>
<doc>obteniendo el valor de las columnas</doc>
<kw name="Dato Columna" library="readexcel">
<var>${res}</var>
<arg>${nombreDoc}</arg>
<arg>${hoja}</arg>
<arg>${fila}</arg>
<arg>${col}</arg>
<msg timestamp="20240122 19:01:52.619" level="INFO">${res} = 5515043182</msg>
<status status="PASS" starttime="20240122 19:01:52.603" endtime="20240122 19:01:52.619"/>
</kw>
<msg timestamp="20240122 19:01:52.619" level="INFO">${numero} = 5515043182</msg>
<status status="PASS" starttime="20240122 19:01:52.603" endtime="20240122 19:01:52.619"/>
</kw>
<kw name="Wait Until Element Is Enabled" library="SeleniumLibrary">
<arg>${inumero}</arg>
<arg>25</arg>
<doc>Waits until the element ``locator`` is enabled.</doc>
<status status="PASS" starttime="20240122 19:01:52.619" endtime="20240122 19:01:52.980"/>
</kw>
<kw name="Sleep" library="BuiltIn">
<arg>1</arg>
<doc>Pauses the test executed for the given time.</doc>
<msg timestamp="20240122 19:01:53.995" level="INFO">Slept 1 second</msg>
<status status="PASS" starttime="20240122 19:01:52.980" endtime="20240122 19:01:53.995"/>
</kw>
<kw name="valida texto" library="RenovacionesKeywords">
<arg>${numero}</arg>
<arg>${nombreDoc}</arg>
<kw name="numero de filas" library="RenovacionesKeywords">
<var>${filas}</var>
<arg>${nombreDoc}</arg>
<doc>leyendo el numero de filas</doc>
<kw name="Numero Filas" library="readexcel">
<var>${res}</var>
<arg>${nombreDoc}</arg>
<arg>numeros</arg>
<msg timestamp="20240122 19:01:53.995" level="INFO">${res} = 3</msg>
<status status="PASS" starttime="20240122 19:01:53.995" endtime="20240122 19:01:53.995"/>
</kw>
<msg timestamp="20240122 19:01:53.995" level="INFO">${filas} = 3</msg>
<status status="PASS" starttime="20240122 19:01:53.995" endtime="20240122 19:01:53.995"/>
</kw>
<for flavor="IN RANGE">
<var>${Result}</var>
<value>5</value>
<iter>
<var name="${Result}">0</var>
<kw name="Input Text" library="SeleniumLibrary">
<arg>${inumero}</arg>
<arg>${numero}</arg>
<doc>Types the given ``text`` into the text field identified by ``locator``.</doc>
<msg timestamp="20240122 19:01:53.995" level="INFO">Typing text '5515043182' into text field 'xpath://*[@id='formIdent:folioid']'.</msg>
<status status="PASS" starttime="20240122 19:01:53.995" endtime="20240122 19:01:54.429"/>
</kw>
<kw name="Sleep" library="BuiltIn">
<arg>1</arg>
<doc>Pauses the test executed for the given time.</doc>
<msg timestamp="20240122 19:01:55.432" level="INFO">Slept 1 second</msg>
<status status="PASS" starttime="20240122 19:01:54.429" endtime="20240122 19:01:55.432"/>
</kw>
<kw name="Get Element Attribute" library="SeleniumLibrary">
<var>${inserted_text}</var>
<arg>${inumero}</arg>
<arg>value</arg>
<doc>Returns the value of ``attribute`` from the element ``locator``.</doc>
<msg timestamp="20240122 19:01:55.652" level="INFO">${inserted_text} = 5515043182</msg>
<status status="PASS" starttime="20240122 19:01:55.432" endtime="20240122 19:01:55.652"/>
</kw>
<kw name="Convert To String" library="BuiltIn">
<var>${num}</var>
<arg>${numero}</arg>
<doc>Converts the given item to a Unicode string.</doc>
<msg timestamp="20240122 19:01:55.652" level="INFO">${num} = 5515043182</msg>
<status status="PASS" starttime="20240122 19:01:55.652" endtime="20240122 19:01:55.652"/>
</kw>
<kw name="Replace String" library="String">
<var>${inserted_text}</var>
<arg>${inserted_text}</arg>
<arg>_</arg>
<arg>0</arg>
<doc>Replaces ``search_for`` in the given ``string`` with ``replace_with``.</doc>
<msg timestamp="20240122 19:01:55.652" level="INFO">${inserted_text} = 5515043182</msg>
<status status="PASS" starttime="20240122 19:01:55.652" endtime="20240122 19:01:55.652"/>
</kw>
<kw name="Log To Console" library="BuiltIn">
<arg>texto insertado${inserted_text}</arg>
<doc>Logs the given message to the console.</doc>
<status status="PASS" starttime="20240122 19:01:55.652" endtime="20240122 19:01:55.652"/>
</kw>
<kw name="Log To Console" library="BuiltIn">
<arg>numero${numero}</arg>
<doc>Logs the given message to the console.</doc>
<status status="PASS" starttime="20240122 19:01:55.652" endtime="20240122 19:01:55.652"/>
</kw>
<kw name="Evaluate" library="BuiltIn">
<var>${Result}</var>
<arg>${inserted_text}==${num}</arg>
<doc>Evaluates the given expression in Python and returns the result.</doc>
<msg timestamp="20240122 19:01:55.652" level="INFO">${Result} = True</msg>
<status status="PASS" starttime="20240122 19:01:55.652" endtime="20240122 19:01:55.652"/>
</kw>
<kw name="Log To Console" library="BuiltIn">
<arg>result${result}</arg>
<doc>Logs the given message to the console.</doc>
<status status="PASS" starttime="20240122 19:01:55.652" endtime="20240122 19:01:55.662"/>
</kw>
<if>
<branch type="IF" condition="${Result}== True">
<break>
<status status="PASS" starttime="20240122 19:01:55.662" endtime="20240122 19:01:55.662"/>
</break>
<status status="PASS" starttime="20240122 19:01:55.662" endtime="20240122 19:01:55.662"/>
</branch>
<status status="PASS" starttime="20240122 19:01:55.662" endtime="20240122 19:01:55.662"/>
</if>
<status status="PASS" starttime="20240122 19:01:53.995" endtime="20240122 19:01:55.662"/>
</iter>
<status status="PASS" starttime="20240122 19:01:53.995" endtime="20240122 19:01:55.662"/>
</for>
<status status="PASS" starttime="20240122 19:01:53.995" endtime="20240122 19:01:55.662"/>
</kw>
<kw name="Sleep" library="BuiltIn">
<arg>1</arg>
<doc>Pauses the test executed for the given time.</doc>
<msg timestamp="20240122 19:01:56.668" level="INFO">Slept 1 second</msg>
<status status="PASS" starttime="20240122 19:01:55.662" endtime="20240122 19:01:56.668"/>
</kw>
<kw name="Wait Until Element Is Enabled" library="SeleniumLibrary">
<arg>${btnbuscar}</arg>
<arg>30</arg>
<arg>Error: kmkk</arg>
<doc>Waits until the element ``locator`` is enabled.</doc>
<status status="PASS" starttime="20240122 19:01:56.668" endtime="20240122 19:01:57.001"/>
</kw>
<kw name="Click Element" library="SeleniumLibrary">
<arg>${btnbuscar}</arg>
<doc>Click the element identified by ``locator``.</doc>
<msg timestamp="20240122 19:01:57.002" level="INFO">Clicking element 'xpath:(//span[contains(.,'BUSCAR')])[1]'.</msg>
<status status="PASS" starttime="20240122 19:01:57.002" endtime="20240122 19:01:57.268"/>
</kw>
<kw name="Wait Until Element Is Not Visible" library="SeleniumLibrary">
<arg>${divModal}</arg>
<arg>80</arg>
<doc>Waits until the element ``locator`` is not visible.</doc>
<status status="PASS" starttime="20240122 19:01:57.269" endtime="20240122 19:02:03.542"/>
</kw>
<kw name="Convert To String" library="BuiltIn">
<var>${posicion}</var>
<arg>${i}</arg>
<doc>Converts the given item to a Unicode string.</doc>
<msg timestamp="20240122 19:02:03.542" level="INFO">${posicion} = 3</msg>
<status status="PASS" starttime="20240122 19:02:03.542" endtime="20240122 19:02:03.542"/>
</kw>
<kw name="Run Keyword And Return Status" library="BuiltIn">
<var>${imprime resultado}</var>
<arg>wait until element is visible</arg>
<arg>${lblResultado}</arg>
<arg>60</arg>
<arg>Error:No se visualizo el resultado</arg>
<doc>Runs the given keyword with given arguments and returns the status as a Boolean value.</doc>
<kw name="Wait Until Element Is Visible" library="SeleniumLibrary">
<arg>${lblResultado}</arg>
<arg>60</arg>
<arg>Error:No se visualizo el resultado</arg>
<doc>Waits until the element ``locator`` is visible.</doc>
<status status="PASS" starttime="20240122 19:02:03.542" endtime="20240122 19:02:03.763"/>
</kw>
<msg timestamp="20240122 19:02:03.763" level="INFO">${imprime resultado} = True</msg>
<status status="PASS" starttime="20240122 19:02:03.542" endtime="20240122 19:02:03.763"/>
</kw>
<kw name="Log To Console" library="BuiltIn">
<arg>no se muestra resultado${imprime resultado}</arg>
<doc>Logs the given message to the console.</doc>
<status status="PASS" starttime="20240122 19:02:03.763" endtime="20240122 19:02:03.763"/>
</kw>
<kw name="Run Keyword If" library="BuiltIn">
<arg>${imprime resultado}</arg>
<arg>escribir resultado</arg>
<arg>${posicion}</arg>
<arg>${nombreDoc}</arg>
<arg>ELSE</arg>
<arg>ingresa de nuevo al modulo renovacion</arg>
<doc>Runs the given keyword with the given arguments, if ``condition`` is true.</doc>
<kw name="escribir resultado" library="RenovacionesKeywords">
<arg>${posicion}</arg>
<arg>${nombreDoc}</arg>
<kw name="Sleep" library="BuiltIn">
<arg>1</arg>
<doc>Pauses the test executed for the given time.</doc>
<msg timestamp="20240122 19:02:04.771" level="INFO">Slept 1 second</msg>
<status status="PASS" starttime="20240122 19:02:03.763" endtime="20240122 19:02:04.771"/>
</kw>
<kw name="Get Text" library="SeleniumLibrary">
<var>${resultado}</var>
<arg>${lblresultado}</arg>
<doc>Returns the text value of the element identified by ``locator``.</doc>
<msg timestamp="20240122 19:02:04.991" level="INFO">${resultado} = Cliente encontrado: JOSE LOPEZ</msg>
<status status="PASS" starttime="20240122 19:02:04.771" endtime="20240122 19:02:04.991"/>
</kw>
<kw name="Log To Console" library="BuiltIn">
<arg>resultadooooo${resultado}</arg>
<doc>Logs the given message to the console.</doc>
<status status="PASS" starttime="20240122 19:02:04.991" endtime="20240122 19:02:04.991"/>
</kw>
<kw name="Convert To String" library="BuiltIn">
<var>${resultado}</var>
<arg>${resultado}</arg>
<doc>Converts the given item to a Unicode string.</doc>
<msg timestamp="20240122 19:02:04.991" level="INFO">${resultado} = Cliente encontrado: JOSE LOPEZ</msg>
<status status="PASS" starttime="20240122 19:02:04.991" endtime="20240122 19:02:04.991"/>
</kw>
<kw name="Escribe Mensaje" library="readexcel">
<arg>${posicion}</arg>
<arg>${resultado}</arg>
<arg>${nombreDoc}</arg>
<status status="PASS" starttime="20240122 19:02:04.991" endtime="20240122 19:02:05.007"/>
</kw>
<kw name="Run Keyword And Return Status" library="BuiltIn">
<var>${flag}</var>
<arg>element should be enabled</arg>
<arg>${btnContinuar}</arg>
<doc>Runs the given keyword with given arguments and returns the status as a Boolean value.</doc>
<kw name="Element Should Be Enabled" library="SeleniumLibrary">
<arg>${btnContinuar}</arg>
<doc>Verifies that element identified by ``locator`` is enabled.</doc>
<status status="PASS" starttime="20240122 19:02:05.007" endtime="20240122 19:02:05.339"/>
</kw>
<msg timestamp="20240122 19:02:05.339" level="INFO">${flag} = True</msg>
<status status="PASS" starttime="20240122 19:02:05.007" endtime="20240122 19:02:05.339"/>
</kw>
<kw name="Log To Console" library="BuiltIn">
<arg>bandera continuar${flag}</arg>
<doc>Logs the given message to the console.</doc>
<status status="PASS" starttime="20240122 19:02:05.339" endtime="20240122 19:02:05.339"/>
</kw>
<kw name="Run Keyword If" library="BuiltIn">
<arg>${flag}</arg>
<arg>validar datos de renovacion</arg>
<arg>${posicion}</arg>
<arg>${nombreDoc}</arg>
<arg>ELSE</arg>
<arg>ingresa de nuevo al modulo renovacion</arg>
<doc>Runs the given keyword with the given arguments, if ``condition`` is true.</doc>
<kw name="validar datos de renovacion" library="RenovacionesKeywords">
<arg>${posicion}</arg>
<arg>${nombreDoc}</arg>
<kw name="Wait Until Element Is Not Visible" library="SeleniumLibrary">
<arg>${divModal}</arg>
<arg>80</arg>
<doc>Waits until the element ``locator`` is not visible.</doc>
<status status="PASS" starttime="20240122 19:02:05.339" endtime="20240122 19:02:05.559"/>
</kw>
<kw name="Sleep" library="BuiltIn">
<arg>2</arg>
<doc>Pauses the test executed for the given time.</doc>
<msg timestamp="20240122 19:02:07.567" level="INFO">Slept 2 seconds</msg>
<status status="PASS" starttime="20240122 19:02:05.559" endtime="20240122 19:02:07.567"/>
</kw>
<kw name="Click Element" library="SeleniumLibrary">
<arg>${btnContinuar}</arg>
<doc>Click the element identified by ``locator``.</doc>
<msg timestamp="20240122 19:02:07.567" level="INFO">Clicking element 'xpath://*[@id='formIdent:btnContinuar']'.</msg>
<status status="PASS" starttime="20240122 19:02:07.567" endtime="20240122 19:02:07.801"/>
</kw>
<kw name="Sleep" library="BuiltIn">
<arg>2</arg>
<doc>Pauses the test executed for the given time.</doc>
<msg timestamp="20240122 19:02:09.817" level="INFO">Slept 2 seconds</msg>
<status status="PASS" starttime="20240122 19:02:07.801" endtime="20240122 19:02:09.817"/>
</kw>
<kw name="Run Keyword And Return Status" library="BuiltIn">
<var>${flag}</var>
<arg>wait until element is visible</arg>
<arg>${lbldiasrestantes}</arg>
<arg>30</arg>
<arg>Error:No se visualizo los dias restantes</arg>
<doc>Runs the given keyword with given arguments and returns the status as a Boolean value.</doc>
<kw name="Wait Until Element Is Visible" library="SeleniumLibrary">
<arg>${lbldiasrestantes}</arg>
<arg>30</arg>
<arg>Error:No se visualizo los dias restantes</arg>
<doc>Waits until the element ``locator`` is visible.</doc>
<status status="PASS" starttime="20240122 19:02:09.818" endtime="20240122 19:02:13.620"/>
</kw>
<msg timestamp="20240122 19:02:13.620" level="INFO">${flag} = True</msg>
<status status="PASS" starttime="20240122 19:02:09.818" endtime="20240122 19:02:13.620"/>
</kw>
<kw name="Log To Console" library="BuiltIn">
<arg>no se muestra dias restantes${flag}</arg>
<doc>Logs the given message to the console.</doc>
<status status="PASS" starttime="20240122 19:02:13.620" endtime="20240122 19:02:13.620"/>
</kw>
<kw name="Run Keyword If" library="BuiltIn">
<arg>${flag}</arg>
<arg>Escribir datos de renovacion</arg>
<arg>${i}</arg>
<arg>${nombreDoc}</arg>
<arg>ELSE</arg>
<arg>ingresa de nuevo al modulo renovacion</arg>
<doc>Runs the given keyword with the given arguments, if ``condition`` is true.</doc>
<kw name="Escribir datos de renovacion" library="RenovacionesKeywords">
<arg>${i}</arg>
<arg>${nombreDoc}</arg>
<kw name="Sleep" library="BuiltIn">
<arg>1</arg>
<doc>Pauses the test executed for the given time.</doc>
<msg timestamp="20240122 19:02:14.631" level="INFO">Slept 1 second</msg>
<status status="PASS" starttime="20240122 19:02:13.620" endtime="20240122 19:02:14.631"/>
</kw>
<kw name="Wait Until Element Is Visible" library="SeleniumLibrary">
<arg>${lbldiasrestantes}</arg>
<arg>30</arg>
<arg>Error:No se visualizo los dias restantes</arg>
<doc>Waits until the element ``locator`` is visible.</doc>
<status status="PASS" starttime="20240122 19:02:14.631" endtime="20240122 19:02:14.852"/>
</kw>
<kw name="Get Text" library="SeleniumLibrary">
<var>${equipo}</var>
<arg>${lblequipo}</arg>
<doc>Returns the text value of the element identified by ``locator``.</doc>
<msg timestamp="20240122 19:02:15.072" level="INFO">${equipo} = $0.00</msg>
<status status="PASS" starttime="20240122 19:02:14.852" endtime="20240122 19:02:15.072"/>
</kw>
<kw name="Get Text" library="SeleniumLibrary">
<var>${financiamiento}</var>
<arg>${lblfinanciamiento}</arg>
<doc>Returns the text value of the element identified by ``locator``.</doc>
<msg timestamp="20240122 19:02:15.308" level="INFO">${financiamiento} = $0.00</msg>
<status status="PASS" starttime="20240122 19:02:15.072" endtime="20240122 19:02:15.308"/>
</kw>
<kw name="Get Text" library="SeleniumLibrary">
<var>${plazoactual}</var>
<arg>${lblplazoactual}</arg>
<doc>Returns the text value of the element identified by ``locator``.</doc>
<msg timestamp="20240122 19:02:15.529" level="INFO">${plazoactual} = 24</msg>
<status status="PASS" starttime="20240122 19:02:15.308" endtime="20240122 19:02:15.529"/>
</kw>
<kw name="Get Text" library="SeleniumLibrary">
<var>${plazorestante}</var>
<arg>${lblplazorestante}</arg>
<doc>Returns the text value of the element identified by ``locator``.</doc>
<msg timestamp="20240122 19:02:15.750" level="INFO">${plazorestante} = 0</msg>
<status status="PASS" starttime="20240122 19:02:15.529" endtime="20240122 19:02:15.750"/>
</kw>
<kw name="Get Text" library="SeleniumLibrary">
<var>${diasrestantes}</var>
<arg>${lbldiasrestantes}</arg>
<doc>Returns the text value of the element identified by ``locator``.</doc>
<msg timestamp="20240122 19:02:15.971" level="INFO">${diasrestantes} = 0</msg>
<status status="PASS" starttime="20240122 19:02:15.750" endtime="20240122 19:02:15.971"/>
</kw>
<kw name="Convert To String" library="BuiltIn">
<var>${equipo}</var>
<arg>${equipo}</arg>
<doc>Converts the given item to a Unicode string.</doc>
<msg timestamp="20240122 19:02:15.971" level="INFO">${equipo} = $0.00</msg>
<status status="PASS" starttime="20240122 19:02:15.971" endtime="20240122 19:02:15.971"/>
</kw>
<kw name="Convert To String" library="BuiltIn">
<var>${financiamiento}</var>
[...]
<msg timestamp="20240122 19:02:16.547" level="INFO">Clicking element 'xpath://*[@id='j_id_1k_ev:j_id_1k_ex']'.</msg>
<status status="PASS" starttime="20240122 19:02:16.547" endtime="20240122 19:02:16.800"/>
</kw>
<status status="PASS" starttime="20240122 19:02:15.986" endtime="20240122 19:02:16.800"/>
</kw>
<kw name="Get Element Attribute" library="SeleniumLibrary">
<var>${Appaterno}</var>
<arg>${lblAppaterno}</arg>
<arg>value</arg>
<doc>Returns the value of ``attribute`` from the element ``locator``.</doc>
<msg timestamp="20240122 19:02:17.020" level="INFO">${Appaterno} = LOPEZ</msg>
<status status="PASS" starttime="20240122 19:02:16.800" endtime="20240122 19:02:17.020"/>
</kw>
<kw name="Get Element Attribute" library="SeleniumLibrary">
<var>${Apmaterno}</var>
<arg>${lblApmaterno}</arg>
<arg>value</arg>
<doc>Returns the value of ``attribute`` from the element ``locator``.</doc>
<msg timestamp="20240122 19:02:17.240" level="INFO">${Apmaterno} = ALBURQUEQUE</msg>
<status status="PASS" starttime="20240122 19:02:17.020" endtime="20240122 19:02:17.240"/>
</kw>
<kw name="Get Element Attribute" library="SeleniumLibrary">
<var>${Nombre}</var>
<arg>${lblNombre}</arg>
<arg>value</arg>
<doc>Returns the value of ``attribute`` from the element ``locator``.</doc>
<msg timestamp="20240122 19:02:17.460" level="INFO">${Nombre} = JOSE EFRAIN</msg>
<status status="PASS" starttime="20240122 19:02:17.240" endtime="20240122 19:02:17.460"/>
</kw>
<kw name="Get Element Attribute" library="SeleniumLibrary">
<var>${Rfc}</var>
<arg>${lblRfc}</arg>
<arg>value</arg>
<doc>Returns the value of ``attribute`` from the element ``locator``.</doc>
<msg timestamp="20240122 19:02:17.677" level="INFO">${Rfc} = LOAE600221EP4</msg>
<status status="PASS" starttime="20240122 19:02:17.460" endtime="20240122 19:02:17.677"/>
</kw>
<kw name="Scroll Element Into View" library="SeleniumLibrary">
<arg>${lblmail}</arg>
<doc>Scrolls the element identified by ``locator`` into view.</doc>
<status status="PASS" starttime="20240122 19:02:17.677" endtime="20240122 19:02:18.168"/>
</kw>
<kw name="Get Element Attribute" library="SeleniumLibrary">
<var>${Email}</var>
<arg>${lblmail}</arg>
<arg>value</arg>
<doc>Returns the value of ``attribute`` from the element ``locator``.</doc>
<msg timestamp="20240122 19:02:18.383" level="INFO">${Email} = EFRAIN.LOPEZ@SETMEXICO.COM.MX</msg>
<status status="PASS" starttime="20240122 19:02:18.168" endtime="20240122 19:02:18.383"/>
</kw>
<kw name="Scroll Element Into View" library="SeleniumLibrary">
<arg>${lbltcalle}</arg>
<doc>Scrolls the element identified by ``locator`` into view.</doc>
<status status="PASS" starttime="20240122 19:02:18.383" endtime="20240122 19:02:18.888"/>
</kw>
<kw name="Get Text" library="SeleniumLibrary">
<var>${TCalle}</var>
<arg>${lbltcalle}</arg>
<doc>Returns the text value of the element identified by ``locator``.</doc>
<msg timestamp="20240122 19:02:19.125" level="INFO">${TCalle} = CALLE</msg>
<status status="PASS" starttime="20240122 19:02:18.888" endtime="20240122 19:02:19.125"/>
</kw>
<kw name="Scroll Element Into View" library="SeleniumLibrary">
<arg>${lblcalle}</arg>
<doc>Scrolls the element identified by ``locator`` into view.</doc>
<status status="PASS" starttime="20240122 19:02:19.125" endtime="20240122 19:02:19.614"/>
</kw>
<kw name="Get Element Attribute" library="SeleniumLibrary">
<var>${Calle}</var>
<arg>${lblcalle}</arg>
<arg>value</arg>
<doc>Returns the value of ``attribute`` from the element ``locator``.</doc>
<msg timestamp="20240122 19:02:19.839" level="INFO">${Calle} = ANICETO ORTEGA</msg>
<status status="PASS" starttime="20240122 19:02:19.614" endtime="20240122 19:02:19.839"/>
</kw>
<kw name="Scroll Element Into View" library="SeleniumLibrary">
<arg>${lblnumext}</arg>
<doc>Scrolls the element identified by ``locator`` into view.</doc>
<status status="PASS" starttime="20240122 19:02:19.839" endtime="20240122 19:02:20.327"/>
</kw>
<kw name="Get Element Attribute" library="SeleniumLibrary">
<var>${NumExt}</var>
<arg>${lblnumext}</arg>
<arg>value</arg>
<doc>Returns the value of ``attribute`` from the element ``locator``.</doc>
<msg timestamp="20240122 19:02:20.540" level="INFO">${NumExt} = 647</msg>
<status status="PASS" starttime="20240122 19:02:20.327" endtime="20240122 19:02:20.540"/>
</kw>
<kw name="Scroll Element Into View" library="SeleniumLibrary">
<arg>${lblnumint}</arg>
<doc>Scrolls the element identified by ``locator`` into view.</doc>
<status status="PASS" starttime="20240122 19:02:20.540" endtime="20240122 19:02:21.029"/>
</kw>
<kw name="Get Element Attribute" library="SeleniumLibrary">
<var>${NumInt}</var>
<arg>${lblnumint}</arg>
<arg>value</arg>
<doc>Returns the value of ``attribute`` from the element ``locator``.</doc>
<msg timestamp="20240122 19:02:21.241" level="INFO">${NumInt} = </msg>
<status status="PASS" starttime="20240122 19:02:21.029" endtime="20240122 19:02:21.241"/>
</kw>
<kw name="Scroll Element Into View" library="SeleniumLibrary">
<arg>${lblcp}</arg>
<doc>Scrolls the element identified by ``locator`` into view.</doc>
<status status="PASS" starttime="20240122 19:02:21.241" endtime="20240122 19:02:21.730"/>
</kw>
<kw name="Get Element Attribute" library="SeleniumLibrary">
<var>${Cp}</var>
<arg>${lblcp}</arg>
<arg>value</arg>
<doc>Returns the value of ``attribute`` from the element ``locator``.</doc>
<msg timestamp="20240122 19:02:21.942" level="INFO">${Cp} = 03100</msg>
<status status="PASS" starttime="20240122 19:02:21.730" endtime="20240122 19:02:21.942"/>
</kw>
<kw name="Scroll Element Into View" library="SeleniumLibrary">
<arg>${lblmunicipio}</arg>
<doc>Scrolls the element identified by ``locator`` into view.</doc>
<status status="PASS" starttime="20240122 19:02:21.942" endtime="20240122 19:02:22.445"/>
</kw>
<kw name="Get Element Attribute" library="SeleniumLibrary">
<var>${Municipio}</var>
<arg>${lblmunicipio}</arg>
<arg>value</arg>
<doc>Returns the value of ``attribute`` from the element ``locator``.</doc>
<msg timestamp="20240122 19:02:22.674" level="INFO">${Municipio} = BENITO JUAREZ</msg>
<status status="PASS" starttime="20240122 19:02:22.445" endtime="20240122 19:02:22.674"/>
</kw>
<kw name="Scroll Element Into View" library="SeleniumLibrary">
<arg>${lblestado}</arg>
<doc>Scrolls the element identified by ``locator`` into view.</doc>
<status status="PASS" starttime="20240122 19:02:22.674" endtime="20240122 19:02:23.163"/>
</kw>
<kw name="Get Element Attribute" library="SeleniumLibrary">
<var>${Estado}</var>
<arg>${lblestado}</arg>
<arg>value</arg>
<doc>Returns the value of ``attribute`` from the element ``locator``.</doc>
<msg timestamp="20240122 19:02:23.376" level="INFO">${Estado} = CIUDAD DE MEXICO</msg>
<status status="PASS" starttime="20240122 19:02:23.163" endtime="20240122 19:02:23.376"/>
</kw>
<kw name="Scroll Element Into View" library="SeleniumLibrary">
<arg>${lblciudad}</arg>
<doc>Scrolls the element identified by ``locator`` into view.</doc>
<status status="PASS" starttime="20240122 19:02:23.376" endtime="20240122 19:02:23.864"/>
</kw>
<kw name="Get Element Attribute" library="SeleniumLibrary">
<var>${Ciudad}</var>
<arg>${lblciudad}</arg>
<arg>value</arg>
<doc>Returns the value of ``attribute`` from the element ``locator``.</doc>
<msg timestamp="20240122 19:02:24.076" level="INFO">${Ciudad} = CIUDAD DE MEXICO</msg>
<status status="PASS" starttime="20240122 19:02:23.864" endtime="20240122 19:02:24.076"/>
</kw>
<kw name="Scroll Element Into View" library="SeleniumLibrary">
<arg>${lblcolonia}</arg>
<doc>Scrolls the element identified by ``locator`` into view.</doc>
<status status="PASS" starttime="20240122 19:02:24.076" endtime="20240122 19:02:24.563"/>
</kw>
<kw name="Get Element Attribute" library="SeleniumLibrary">
<var>${Colonia}</var>
<arg>${lblcolonia}</arg>
<arg>value</arg>
<doc>Returns the value of ``attribute`` from the element ``locator``.</doc>
<msg timestamp="20240122 19:02:24.795" level="INFO">${Colonia} = DEL VALLE CENTRO</msg>
<status status="PASS" starttime="20240122 19:02:24.563" endtime="20240122 19:02:24.795"/>
</kw>
<kw name="Scroll Element Into View" library="SeleniumLibrary">
<arg>${lblmetodopago}</arg>
<doc>Scrolls the element identified by ``locator`` into view.</doc>
<status status="PASS" starttime="20240122 19:02:24.795" endtime="20240122 19:02:25.283"/>
</kw>
<kw name="Get Text" library="SeleniumLibrary">
<var>${MetodoPago}</var>
<arg>${lblmetodopago}</arg>
<doc>Returns the text value of the element identified by ``locator``.</doc>
<msg timestamp="20240122 19:02:25.509" level="INFO">${MetodoPago} = TARJETA DE CREDITO</msg>
<status status="PASS" starttime="20240122 19:02:25.283" endtime="20240122 19:02:25.509"/>
</kw>
<kw name="Scroll Element Into View" library="SeleniumLibrary">
<arg>${lbloferta}</arg>
<doc>Scrolls the element identified by ``locator`` into view.</doc>
<status status="PASS" starttime="20240122 19:02:25.509" endtime="20240122 19:02:25.997"/>
</kw>
<kw name="Get Text" library="SeleniumLibrary">
<var>${Oferta}</var>
<arg>${lbloferta}</arg>
<doc>Returns the text value of the element identified by ``locator``.</doc>
<msg timestamp="20240122 19:02:26.231" level="INFO">${Oferta} = TELCEL MAX SIN LIMITE 7000 PLATINO</msg>
<status status="PASS" starttime="20240122 19:02:25.997" endtime="20240122 19:02:26.231"/>
</kw>
<kw name="Convert To String" library="BuiltIn">
<var>${Appaterno}</var>
<arg>${Appaterno}</arg>
<doc>Converts the given item to a Unicode string.</doc>
<msg timestamp="20240122 19:02:26.233" level="INFO">${Appaterno} = LOPEZ</msg>
<status status="PASS" starttime="20240122 19:02:26.232" endtime="20240122 19:02:26.233"/>
</kw>
<kw name="Convert To String" library="BuiltIn">
<var>${Apmaterno}</var>
<arg>${Apmaterno}</arg>
<doc>Converts the given item to a Unicode string.</doc>
<msg timestamp="20240122 19:02:26.234" level="INFO">${Apmaterno} = ALBURQUEQUE</msg>
<status status="PASS" starttime="20240122 19:02:26.234" endtime="20240122 19:02:26.234"/>
</kw>
<kw name="Convert To String" library="BuiltIn">
<var>${Nombre}</var>
<arg>${Nombre}</arg>
<doc>Converts the given item to a Unicode string.</doc>
<msg timestamp="20240122 19:02:26.234" level="INFO">${Nombre} = JOSE EFRAIN</msg>
<status status="PASS" starttime="20240122 19:02:26.234" endtime="20240122 19:02:26.234"/>
</kw>
<kw name="Convert To String" library="BuiltIn">
<var>${Rfc}</var>
<arg>${Rfc}</arg>
<doc>Converts the given item to a Unicode string.</doc>
<msg timestamp="20240122 19:02:26.234" level="INFO">${Rfc} = LOAE600221EP4</msg>
<status status="PASS" starttime="20240122 19:02:26.234" endtime="20240122 19:02:26.234"/>
</kw>
<kw name="Convert To String" library="BuiltIn">
<var>${Email}</var>
<arg>${Email}</arg>
<doc>Converts the given item to a Unicode string.</doc>
<msg timestamp="20240122 19:02:26.238" level="INFO">${Email} = EFRAIN.LOPEZ@SETMEXICO.COM.MX</msg>
<status status="PASS" starttime="20240122 19:02:26.234" endtime="20240122 19:02:26.238"/>
</kw>
<kw name="Convert To String" library="BuiltIn">
<var>${TCalle}</var>
<arg>${TCalle}</arg>
<doc>Converts the given item to a Unicode string.</doc>
<msg timestamp="20240122 19:02:26.238" level="INFO">${TCalle} = CALLE</msg>
<status status="PASS" starttime="20240122 19:02:26.238" endtime="20240122 19:02:26.238"/>
</kw>
<kw name="Convert To String" library="BuiltIn">
<var>${Calle}</var>
<arg>${Calle}</arg>
<doc>Converts the given item to a Unicode string.</doc>
<msg timestamp="20240122 19:02:26.238" level="INFO">${Calle} = ANICETO ORTEGA</msg>
<status status="PASS" starttime="20240122 19:02:26.238" endtime="20240122 19:02:26.238"/>
</kw>
<kw name="Convert To String" library="BuiltIn">
<var>${NumExt}</var>
<arg>${NumExt}</arg>
<doc>Converts the given item to a Unicode string.</doc>
<msg timestamp="20240122 19:02:26.241" level="INFO">${NumExt} = 647</msg>
<status status="PASS" starttime="20240122 19:02:26.238" endtime="20240122 19:02:26.241"/>
</kw>
<kw name="Convert To String" library="BuiltIn">
<var>${NumInt}</var>
<arg>${NumInt}</arg>
<doc>Converts the given item to a Unicode string.</doc>
<msg timestamp="20240122 19:02:26.242" level="INFO">${NumInt} = </msg>
<status status="PASS" starttime="20240122 19:02:26.242" endtime="20240122 19:02:26.242"/>
</kw>
<kw name="Convert To String" library="BuiltIn">
<var>${Cp}</var>
<arg>${Cp}</arg>
<doc>Converts the given item to a Unicode string.</doc>
<msg timestamp="20240122 19:02:26.242" level="INFO">${Cp} = 03100</msg>
<status status="PASS" starttime="20240122 19:02:26.242" endtime="20240122 19:02:26.242"/>
</kw>
<kw name="Convert To String" library="BuiltIn">
<var>${Municipio}</var>
<arg>${Municipio}</arg>
<doc>Converts the given item to a Unicode string.</doc>
<msg timestamp="20240122 19:02:26.244" level="INFO">${Municipio} = BENITO JUAREZ</msg>
<status status="PASS" starttime="20240122 19:02:26.244" endtime="20240122 19:02:26.244"/>
</kw>
<kw name="Convert To String" library="BuiltIn">
<var>${Estado}</var>
<arg>${Estado}</arg>
<doc>Converts the given item to a Unicode string.</doc>
<msg timestamp="20240122 19:02:26.244" level="INFO">${Estado} = CIUDAD DE MEXICO</msg>
<status status="PASS" starttime="20240122 19:02:26.244" endtime="20240122 19:02:26.244"/>
</kw>
<kw name="Convert To String" library="BuiltIn">
<var>${Ciudad}</var>
<arg>${Ciudad}</arg>
<doc>Converts the given item to a Unicode string.</doc>
<msg timestamp="20240122 19:02:26.244" level="INFO">${Ciudad} = CIUDAD DE MEXICO</msg>
<status status="PASS" starttime="20240122 19:02:26.244" endtime="20240122 19:02:26.244"/>
</kw>
<kw name="Convert To String" library="BuiltIn">
<var>${Colonia}</var>
<arg>${Colonia}</arg>
<doc>Converts the given item to a Unicode string.</doc>
<msg timestamp="20240122 19:02:26.248" level="INFO">${Colonia} = DEL VALLE CENTRO</msg>
<status status="PASS" starttime="20240122 19:02:26.244" endtime="20240122 19:02:26.248"/>
</kw>
<kw name="Convert To String" library="BuiltIn">
<var>${MetodoPago}</var>
<arg>${MetodoPago}</arg>
<doc>Converts the given item to a Unicode string.</doc>
<msg timestamp="20240122 19:02:26.250" level="INFO">${MetodoPago} = TARJETA DE CREDITO</msg>
<status status="PASS" starttime="20240122 19:02:26.249" endtime="20240122 19:02:26.250"/>
</kw>
<kw name="Convert To String" library="BuiltIn">
<var>${Oferta}</var>
<arg>${Oferta}</arg>
<doc>Converts the given item to a Unicode string.</doc>
<msg timestamp="20240122 19:02:26.252" level="INFO">${Oferta} = TELCEL MAX SIN LIMITE 7000 PLATINO</msg>
<status status="PASS" starttime="20240122 19:02:26.251" endtime="20240122 19:02:26.252"/>
</kw>
<kw name="Escribe Datos Renovacion" library="readexcel">
<arg>${i}</arg>
<arg>${Appaterno}</arg>
<arg>${Apmaterno}</arg>
<arg>${Nombre}</arg>
<arg>${Rfc}</arg>
<arg>${Email}</arg>
<arg>${TCalle}</arg>
<arg>${Calle}</arg>
<arg>${NumExt}</arg>
<arg>${NumInt}</arg>
<arg>${Cp}</arg>
<arg>${Municipio}</arg>
<arg>${Estado}</arg>
<arg>${Ciudad}</arg>
<arg>${Colonia}</arg>
<arg>${MetodoPago}</arg>
<arg>${Oferta}</arg>
<arg>${nombreDoc}</arg>
<status status="PASS" starttime="20240122 19:02:26.252" endtime="20240122 19:02:26.281"/>
</kw>
<kw name="Reload Page" library="SeleniumLibrary">
<doc>Simulates user reloading page.</doc>
<status status="PASS" starttime="20240122 19:02:26.282" endtime="20240122 19:02:27.215"/>
</kw>
<kw name="assert click element" library="Keywords">
<arg>${btntramites}</arg>
<arg>5</arg>
<arg>Error:No se pudo acceder al módulo de Tramites en línea</arg>
<kw name="Wait Until Element Is Visible" library="SeleniumLibrary">
<arg>${Element}</arg>
<arg>${Timeout}</arg>
<arg>${MsError}</arg>
<doc>Waits until the element ``locator`` is visible.</doc>
<status status="PASS" starttime="20240122 19:02:27.215" endtime="20240122 19:02:27.448"/>
</kw>
<kw name="Wait Until Element Is Enabled" library="SeleniumLibrary">
<arg>${Element}</arg>
<arg>${Timeout}</arg>
<doc>Waits until the element ``locator`` is enabled.</doc>
<status status="PASS" starttime="20240122 19:02:27.448" endtime="20240122 19:02:27.782"/>
</kw>
<kw name="Click Element" library="SeleniumLibrary">
<arg>${Element}</arg>
<doc>Click the element identified by ``locator``.</doc>
<msg timestamp="20240122 19:02:27.782" level="INFO">Clicking element 'xpath://img[contains(@id,'idMenuSenal')]'.</msg>
<status status="PASS" starttime="20240122 19:02:27.782" endtime="20240122 19:02:28.032"/>
</kw>
<status status="PASS" starttime="20240122 19:02:27.215" endtime="20240122 19:02:28.032"/>
</kw>
<kw name="assert click element" library="Keywords">
<arg>${hrefrenovacion}</arg>
<arg>5</arg>
<arg>Error:No se pudo acceder al servicio de renovaciones</arg>
<kw name="Wait Until Element Is Visible" library="SeleniumLibrary">
<arg>${Element}</arg>
<arg>${Timeout}</arg>
<arg>${MsError}</arg>
<doc>Waits until the element ``locator`` is visible.</doc>
<status status="PASS" starttime="20240122 19:02:28.034" endtime="20240122 19:02:28.273"/>
</kw>
<kw name="Wait Until Element Is Enabled" library="SeleniumLibrary">
<arg>${Element}</arg>
<arg>${Timeout}</arg>
<doc>Waits until the element ``locator`` is enabled.</doc>
<status status="PASS" starttime="20240122 19:02:28.273" endtime="20240122 19:02:28.616"/>
</kw>
<kw name="Click Element" library="SeleniumLibrary">
<arg>${Element}</arg>
<doc>Click the element identified by ``locator``.</doc>
<msg timestamp="20240122 19:02:28.617" level="INFO">Clicking element 'xpath://span[@class='ui-menuitem-text'][contains(.,'Renovación')]'.</msg>
<status status="PASS" starttime="20240122 19:02:28.616" endtime="20240122 19:02:28.880"/>
</kw>
<status status="PASS" starttime="20240122 19:02:28.032" endtime="20240122 19:02:28.880"/>
</kw>
<kw name="Assert to element" library="Keywords">
<arg>${lblRenovacion}</arg>
<arg>5</arg>
<arg>Error: No se visualiza el módulo de renovaciones</arg>
<kw name="Wait Until Element Is Visible" library="SeleniumLibrary">
<arg>${Element}</arg>
<arg>${Timeout}</arg>
<arg>${MsError}</arg>
<doc>Waits until the element ``locator`` is visible.</doc>
<status status="PASS" starttime="20240122 19:02:28.881" endtime="20240122 19:02:29.562"/>
</kw>
<status status="PASS" starttime="20240122 19:02:28.880" endtime="20240122 19:02:29.562"/>
</kw>
<status status="PASS" starttime="20240122 19:02:15.986" endtime="20240122 19:02:29.562"/>
</kw>
<status status="PASS" starttime="20240122 19:02:15.986" endtime="20240122 19:02:29.562"/>
</kw>
<status status="PASS" starttime="20240122 19:02:13.620" endtime="20240122 19:02:29.562"/>
</kw>
<status status="PASS" starttime="20240122 19:02:13.620" endtime="20240122 19:02:29.562"/>
</kw>
<status status="PASS" starttime="20240122 19:02:05.339" endtime="20240122 19:02:29.562"/>
</kw>
<status status="PASS" starttime="20240122 19:02:05.339" endtime="20240122 19:02:29.562"/>
</kw>
<status status="PASS" starttime="20240122 19:02:03.763" endtime="20240122 19:02:29.562"/>
</kw>
<status status="PASS" starttime="20240122 19:02:03.763" endtime="20240122 19:02:29.562"/>
</kw>
<status status="PASS" starttime="20240122 19:01:52.603" endtime="20240122 19:02:29.562"/>
</iter>
<status status="PASS" starttime="20240122 19:01:16.261" endtime="20240122 19:02:29.562"/>
</for>
<status status="PASS" starttime="20240122 19:01:16.240" endtime="20240122 19:02:29.562"/>
</kw>
<doc>Validar el tiempo que tienen los números teléfonicos para renovar su plan tarifario</doc>
<tag>Renovacion</tag>
<status status="PASS" starttime="20240122 19:00:50.616" endtime="20240122 19:02:29.562"/>
</test>
<status status="PASS" starttime="20240122 19:00:49.823" endtime="20240122 19:02:29.562"/>
</suite>
<status status="PASS" starttime="20240122 19:00:49.804" endtime="20240122 19:02:29.562"/>
</suite>
<statistics>
<total>
<stat pass="1" fail="0" skip="0">All Tests</stat>
</total>
<tag>
<stat pass="1" fail="0" skip="0">Renovacion</stat>
</tag>
<suite>
<stat pass="1" fail="0" skip="0" id="s1" name="Suites">Suites</stat>
<stat pass="1" fail="0" skip="0" id="s1-s1" name="001-BusquedaClientes">Suites.001-BusquedaClientes</stat>
</suite>
</statistics>
<errors>
</errors>
</robot>
