<?xml version="1.0" encoding="UTF-8"?>
<robot generator="Robot 6.1.1 (Python 3.8.0 on win32)" generated="20240209 19:39:39.180" rpa="false" schemaversion="4">
<suite id="s1" name="003-Cotizador" source="D:\Proyectos GIT\Telcel\TestCase\003-Cotizador.robot">
<test id="s1-t1" name="Validar cotizador de planes" line="9">
<kw name="Realizo carga de tc" library="Keywords">
<arg>1</arg>
<doc>Se realiza la carga de un archivo de excel que contiene los datos del cliente</doc>
<kw name="Convert To Number" library="BuiltIn">
<var>${TC}</var>
<arg>${TC}</arg>
<doc>Converts the given item to a floating point number.</doc>
<msg timestamp="20240209 19:39:39.625" level="INFO">${TC} = 1.0</msg>
<status status="PASS" starttime="20240209 19:39:39.624" endtime="20240209 19:39:39.625"/>
</kw>
<kw name="Evaluate" library="BuiltIn">
<var>${Counter}</var>
<arg>${TC} + 1</arg>
<doc>Evaluates the given expression in Python and returns the result.</doc>
<msg timestamp="20240209 19:39:39.625" level="INFO">${Counter} = 2.0</msg>
<status status="PASS" starttime="20240209 19:39:39.625" endtime="20240209 19:39:39.625"/>
</kw>
<kw name="Run Keyword If" library="BuiltIn">
<arg>${Counter} == 2</arg>
<arg>Open Excel Document</arg>
<arg>${CSV}</arg>
<arg>${Hoja}</arg>
<doc>Runs the given keyword with the given arguments, if ``condition`` is true.</doc>
<kw name="Open Excel Document" library="ExcelLibrary">
<arg>${CSV}</arg>
<arg>${Hoja}</arg>
<doc>Opens xlsx document file.</doc>
<status status="PASS" starttime="20240209 19:39:39.625" endtime="20240209 19:39:39.631"/>
</kw>
<status status="PASS" starttime="20240209 19:39:39.625" endtime="20240209 19:39:39.631"/>
</kw>
<kw name="Read Excel Cell" library="ExcelLibrary">
<var>${User}</var>
<arg>row_num=${Counter}</arg>
<arg>col_num=1</arg>
<doc>Returns content of a cell.</doc>
<msg timestamp="20240209 19:39:39.631" level="INFO">${User} = DR9RECALL10</msg>
<status status="PASS" starttime="20240209 19:39:39.631" endtime="20240209 19:39:39.631"/>
</kw>
<kw name="Set Global Variable" library="BuiltIn">
<arg>${User}</arg>
<doc>Makes a variable available globally in all tests and suites.</doc>
<msg timestamp="20240209 19:39:39.632" level="INFO">${User} = DR9RECALL10</msg>
<status status="PASS" starttime="20240209 19:39:39.632" endtime="20240209 19:39:39.632"/>
</kw>
<kw name="Log To Console" library="BuiltIn">
<arg>UserId: ${User}</arg>
<doc>Logs the given message to the console.</doc>
<status status="PASS" starttime="20240209 19:39:39.632" endtime="20240209 19:39:39.633"/>
</kw>
<kw name="Read Excel Cell" library="ExcelLibrary">
<var>${Password}</var>
<arg>row_num=${Counter}</arg>
<arg>col_num=2</arg>
<doc>Returns content of a cell.</doc>
<msg timestamp="20240209 19:39:39.633" level="INFO">${Password} = Dr9Rec@ll50</msg>
<status status="PASS" starttime="20240209 19:39:39.633" endtime="20240209 19:39:39.633"/>
</kw>
<kw name="Set Global Variable" library="BuiltIn">
<arg>${Password}</arg>
<doc>Makes a variable available globally in all tests and suites.</doc>
<msg timestamp="20240209 19:39:39.634" level="INFO">${Password} = Dr9Rec@ll50</msg>
<status status="PASS" starttime="20240209 19:39:39.633" endtime="20240209 19:39:39.634"/>
</kw>
<kw name="Log To Console" library="BuiltIn">
<arg>UserId: ${Password}</arg>
<doc>Logs the given message to the console.</doc>
<status status="PASS" starttime="20240209 19:39:39.634" endtime="20240209 19:39:39.634"/>
</kw>
<kw name="Read Excel Cell" library="ExcelLibrary">
<var>${UserDis}</var>
<arg>row_num=${Counter}</arg>
<arg>col_num=3</arg>
<doc>Returns content of a cell.</doc>
<msg timestamp="20240209 19:39:39.634" level="INFO">${UserDis} = OS8RECO7</msg>
<status status="PASS" starttime="20240209 19:39:39.634" endtime="20240209 19:39:39.634"/>
</kw>
<kw name="Set Global Variable" library="BuiltIn">
<arg>${UserDis}</arg>
<doc>Makes a variable available globally in all tests and suites.</doc>
<msg timestamp="20240209 19:39:39.635" level="INFO">${UserDis} = OS8RECO7</msg>
<status status="PASS" starttime="20240209 19:39:39.635" endtime="20240209 19:39:39.635"/>
</kw>
<kw name="Log To Console" library="BuiltIn">
<arg>UserId: ${UserDis}</arg>
<doc>Logs the given message to the console.</doc>
<status status="PASS" starttime="20240209 19:39:39.635" endtime="20240209 19:39:39.635"/>
</kw>
<kw name="Read Excel Cell" library="ExcelLibrary">
<var>${PasswordDis}</var>
<arg>row_num=${Counter}</arg>
<arg>col_num=4</arg>
<doc>Returns content of a cell.</doc>
<msg timestamp="20240209 19:39:39.635" level="INFO">${PasswordDis} = Dr9Rec@ll60</msg>
<status status="PASS" starttime="20240209 19:39:39.635" endtime="20240209 19:39:39.636"/>
</kw>
<kw name="Set Global Variable" library="BuiltIn">
<arg>${PasswordDis}</arg>
<doc>Makes a variable available globally in all tests and suites.</doc>
<msg timestamp="20240209 19:39:39.636" level="INFO">${PasswordDis} = Dr9Rec@ll60</msg>
<status status="PASS" starttime="20240209 19:39:39.636" endtime="20240209 19:39:39.636"/>
</kw>
<kw name="Log To Console" library="BuiltIn">
<arg>UserId: ${PasswordDis}</arg>
<doc>Logs the given message to the console.</doc>
<status status="PASS" starttime="20240209 19:39:39.636" endtime="20240209 19:39:39.636"/>
</kw>
<kw name="Read Excel Cell" library="ExcelLibrary">
<var>${UserCotizador}</var>
<arg>row_num=${Counter}</arg>
<arg>col_num=5</arg>
<doc>Returns content of a cell.</doc>
<msg timestamp="20240209 19:39:39.637" level="INFO">${UserCotizador} = JE7LMVA7</msg>
<status status="PASS" starttime="20240209 19:39:39.636" endtime="20240209 19:39:39.637"/>
</kw>
<kw name="Set Global Variable" library="BuiltIn">
<arg>${UserCotizador}</arg>
<doc>Makes a variable available globally in all tests and suites.</doc>
<msg timestamp="20240209 19:39:39.637" level="INFO">${UserCotizador} = JE7LMVA7</msg>
<status status="PASS" starttime="20240209 19:39:39.637" endtime="20240209 19:39:39.637"/>
</kw>
<kw name="Log To Console" library="BuiltIn">
<arg>UserId: ${UserCotizador}</arg>
<doc>Logs the given message to the console.</doc>
<status status="PASS" starttime="20240209 19:39:39.637" endtime="20240209 19:39:39.637"/>
</kw>
<kw name="Read Excel Cell" library="ExcelLibrary">
<var>${PasswordCotizador}</var>
<arg>row_num=${Counter}</arg>
<arg>col_num=6</arg>
<doc>Returns content of a cell.</doc>
<msg timestamp="20240209 19:39:39.638" level="INFO">${PasswordCotizador} = N=o6t=*7</msg>
<status status="PASS" starttime="20240209 19:39:39.637" endtime="20240209 19:39:39.638"/>
</kw>
<kw name="Set Global Variable" library="BuiltIn">
<arg>${PasswordCotizador}</arg>
<doc>Makes a variable available globally in all tests and suites.</doc>
<msg timestamp="20240209 19:39:39.638" level="INFO">${PasswordCotizador} = N=o6t=*7</msg>
<status status="PASS" starttime="20240209 19:39:39.638" endtime="20240209 19:39:39.638"/>
</kw>
<kw name="Log To Console" library="BuiltIn">
<arg>UserId: ${PasswordCotizador}</arg>
<doc>Logs the given message to the console.</doc>
<status status="PASS" starttime="20240209 19:39:39.638" endtime="20240209 19:39:39.639"/>
</kw>
<status status="PASS" starttime="20240209 19:39:39.624" endtime="20240209 19:39:39.639"/>
</kw>
<kw name="Cuando el usuario abre el navegador" library="CotizadorHome">
<kw name="Open Browser" library="SeleniumLibrary">
<arg>${urlCot}</arg>
<arg>${Browser}</arg>
<doc>Opens a new browser instance to the optional ``url``.</doc>
<msg timestamp="20240209 19:39:39.640" level="INFO">Opening browser 'Chrome' to base url 'https://amt.telcelinstitucional.com:5443/cudgw2/login'.</msg>
<status status="PASS" starttime="20240209 19:39:39.640" endtime="20240209 19:39:43.113"/>
</kw>
<kw name="Maximize Browser Window" library="SeleniumLibrary">
<doc>Maximizes current browser window.</doc>
<status status="PASS" starttime="20240209 19:39:43.113" endtime="20240209 19:39:43.240"/>
</kw>
<kw name="Set Selenium Implicit Wait" library="SeleniumLibrary">
<arg>10</arg>
<doc>Sets the implicit wait value used by Selenium.</doc>
<status status="PASS" starttime="20240209 19:39:43.240" endtime="20240209 19:39:43.241"/>
</kw>
<kw name="Set Selenium Speed" library="SeleniumLibrary">
<arg>.1s</arg>
<doc>Sets the delay that is waited after each Selenium command.</doc>
<status status="PASS" starttime="20240209 19:39:43.241" endtime="20240209 19:39:43.241"/>
</kw>
<status status="PASS" starttime="20240209 19:39:39.639" endtime="20240209 19:39:43.241"/>
</kw>
<kw name="Entonces inicio sesion como cotizador" library="CotizadorHome">
<kw name="Sleep" library="BuiltIn">
<arg>10</arg>
<doc>Pauses the test executed for the given time.</doc>
<msg timestamp="20240209 19:39:53.256" level="INFO">Slept 10 seconds</msg>
<status status="PASS" starttime="20240209 19:39:43.242" endtime="20240209 19:39:53.256"/>
</kw>
<kw name="assert click element" library="Keywords">
<arg>${BtnRegion}</arg>
<arg>30</arg>
<arg>Error:No se pudo visualizar la región</arg>
<kw name="Wait Until Element Is Visible" library="SeleniumLibrary">
<arg>${Element}</arg>
<arg>${Timeout}</arg>
<arg>${MsError}</arg>
<doc>Waits until the element ``locator`` is visible.</doc>
<status status="PASS" starttime="20240209 19:39:53.258" endtime="20240209 19:39:53.521"/>
</kw>
<kw name="Wait Until Element Is Enabled" library="SeleniumLibrary">
<arg>${Element}</arg>
<arg>${Timeout}</arg>
<doc>Waits until the element ``locator`` is enabled.</doc>
<status status="PASS" starttime="20240209 19:39:53.522" endtime="20240209 19:39:53.893"/>
</kw>
<kw name="Click Element" library="SeleniumLibrary">
<arg>${Element}</arg>
<doc>Click the element identified by ``locator``.</doc>
<msg timestamp="20240209 19:39:53.896" level="INFO">Clicking element 'xpath://*[@id='btn-region']'.</msg>
<status status="PASS" starttime="20240209 19:39:53.894" endtime="20240209 19:39:54.594"/>
</kw>
<status status="PASS" starttime="20240209 19:39:53.257" endtime="20240209 19:39:54.594"/>
</kw>
<kw name="assert click element" library="Keywords">
<arg>${Btn9}</arg>
<arg>30</arg>
<arg>Error:No se pudo seleccionar la region</arg>
<kw name="Wait Until Element Is Visible" library="SeleniumLibrary">
<arg>${Element}</arg>
<arg>${Timeout}</arg>
<arg>${MsError}</arg>
<doc>Waits until the element ``locator`` is visible.</doc>
<status status="PASS" starttime="20240209 19:39:54.594" endtime="20240209 19:39:54.845"/>
</kw>
<kw name="Wait Until Element Is Enabled" library="SeleniumLibrary">
<arg>${Element}</arg>
<arg>${Timeout}</arg>
<doc>Waits until the element ``locator`` is enabled.</doc>
<status status="PASS" starttime="20240209 19:39:54.846" endtime="20240209 19:39:55.203"/>
</kw>
<kw name="Click Element" library="SeleniumLibrary">
<arg>${Element}</arg>
<doc>Click the element identified by ``locator``.</doc>
<msg timestamp="20240209 19:39:55.205" level="INFO">Clicking element 'xpath://*[@id='idMainRegion']/div[3]/button[3]'.</msg>
<status status="PASS" starttime="20240209 19:39:55.204" endtime="20240209 19:39:55.450"/>
</kw>
<status status="PASS" starttime="20240209 19:39:54.594" endtime="20240209 19:39:55.450"/>
</kw>
<kw name="assert click element" library="Keywords">
<arg>${BtnAplicar}</arg>
<arg>30</arg>
<arg>Error:No se pudo dar click en Aplicar</arg>
<kw name="Wait Until Element Is Visible" library="SeleniumLibrary">
<arg>${Element}</arg>
<arg>${Timeout}</arg>
<arg>${MsError}</arg>
<doc>Waits until the element ``locator`` is visible.</doc>
<status status="PASS" starttime="20240209 19:39:55.451" endtime="20240209 19:39:55.699"/>
</kw>
<kw name="Wait Until Element Is Enabled" library="SeleniumLibrary">
<arg>${Element}</arg>
<arg>${Timeout}</arg>
<doc>Waits until the element ``locator`` is enabled.</doc>
<status status="PASS" starttime="20240209 19:39:55.699" endtime="20240209 19:39:56.027"/>
</kw>
<kw name="Click Element" library="SeleniumLibrary">
<arg>${Element}</arg>
<doc>Click the element identified by ``locator``.</doc>
<msg timestamp="20240209 19:39:56.027" level="INFO">Clicking element 'xpath://*[@id='btn-region-aplicar-entrar']'.</msg>
<status status="PASS" starttime="20240209 19:39:56.027" endtime="20240209 19:39:56.522"/>
</kw>
<status status="PASS" starttime="20240209 19:39:55.450" endtime="20240209 19:39:56.522"/>
</kw>
<kw name="assert input text" library="Keywords">
<arg>${TxtUserCot}</arg>
<arg>${UserCotizador}</arg>
<arg>25</arg>
<kw name="Wait Until Element Is Visible" library="SeleniumLibrary">
<arg>${Element}</arg>
<arg>${Timeout}</arg>
<doc>Waits until the element ``locator`` is visible.</doc>
<status status="PASS" starttime="20240209 19:39:56.524" endtime="20240209 19:39:58.522"/>
</kw>
<kw name="Wait Until Element Is Enabled" library="SeleniumLibrary">
<arg>${Element}</arg>
<arg>${Timeout}</arg>
<doc>Waits until the element ``locator`` is enabled.</doc>
<status status="PASS" starttime="20240209 19:39:58.522" endtime="20240209 19:39:58.894"/>
</kw>
<kw name="Clear Element Text" library="SeleniumLibrary">
<arg>${Element}</arg>
<doc>Clears the value of the text-input-element identified by ``locator``.</doc>
<status status="PASS" starttime="20240209 19:39:58.894" endtime="20240209 19:39:59.128"/>
</kw>
<kw name="Input Text" library="SeleniumLibrary">
<arg>${Element}</arg>
<arg>${Text}</arg>
<doc>Types the given ``text`` into the text field identified by ``locator``.</doc>
<msg timestamp="20240209 19:39:59.130" level="INFO">Typing text 'JE7LMVA7' into text field 'xpath://*[@id='username']'.</msg>
<status status="PASS" starttime="20240209 19:39:59.129" endtime="20240209 19:39:59.549"/>
</kw>
<status status="PASS" starttime="20240209 19:39:56.523" endtime="20240209 19:39:59.549"/>
</kw>
<kw name="assert input text" library="Keywords">
<arg>${TxtPassCot}</arg>
<arg>${PasswordDis}</arg>
<arg>25</arg>
<kw name="Wait Until Element Is Visible" library="SeleniumLibrary">
<arg>${Element}</arg>
<arg>${Timeout}</arg>
<doc>Waits until the element ``locator`` is visible.</doc>
<status status="PASS" starttime="20240209 19:39:59.551" endtime="20240209 19:39:59.796"/>
</kw>
<kw name="Wait Until Element Is Enabled" library="SeleniumLibrary">
<arg>${Element}</arg>
<arg>${Timeout}</arg>
<doc>Waits until the element ``locator`` is enabled.</doc>
<status status="PASS" starttime="20240209 19:39:59.796" endtime="20240209 19:40:00.168"/>
</kw>
<kw name="Clear Element Text" library="SeleniumLibrary">
<arg>${Element}</arg>
<doc>Clears the value of the text-input-element identified by ``locator``.</doc>
<status status="PASS" starttime="20240209 19:40:00.169" endtime="20240209 19:40:00.418"/>
</kw>
<kw name="Input Text" library="SeleniumLibrary">
<arg>${Element}</arg>
<arg>${Text}</arg>
<doc>Types the given ``text`` into the text field identified by ``locator``.</doc>
<msg timestamp="20240209 19:40:00.421" level="INFO">Typing text 'Dr9Rec@ll60' into text field 'xpath://*[@id='password']'.</msg>
<status status="PASS" starttime="20240209 19:40:00.419" endtime="20240209 19:40:00.839"/>
</kw>
<status status="PASS" starttime="20240209 19:39:59.549" endtime="20240209 19:40:00.839"/>
</kw>
<kw name="Sleep" library="BuiltIn">
<arg>5</arg>
<doc>Pauses the test executed for the given time.</doc>
<msg timestamp="20240209 19:40:05.850" level="INFO">Slept 5 seconds</msg>
<status status="PASS" starttime="20240209 19:40:00.839" endtime="20240209 19:40:05.851"/>
</kw>
<status status="PASS" starttime="20240209 19:39:43.242" endtime="20240209 19:40:05.851"/>
</kw>
<doc>oopoppipo</doc>
<tag>cotizador</tag>
<status status="PASS" starttime="20240209 19:39:39.623" endtime="20240209 19:40:05.852"/>
</test>
<status status="PASS" starttime="20240209 19:39:39.182" endtime="20240209 19:40:05.856"/>
</suite>
<statistics>
<total>
<stat pass="1" fail="0" skip="0">All Tests</stat>
</total>
<tag>
<stat pass="1" fail="0" skip="0">cotizador</stat>
</tag>
<suite>
<stat pass="1" fail="0" skip="0" id="s1" name="003-Cotizador">003-Cotizador</stat>
</suite>
</statistics>
<errors>
</errors>
</robot>
