<?xml version="1.0" encoding="UTF-8"?>
<robot generator="Robot 6.1.1 (Python 3.8.0 on win32)" generated="20240122 19:00:49.791" rpa="false" schemaversion="4">
<suite id="s1" name="Suites">
<suite id="s1-s1" name="002-BusquedaClientes" source="D:\Proyectos GIT\Telcel\TestCase\002-BusquedaClientes.robot">
<test id="s1-s1-t1" name="Validar renovacion de planes" line="9">
<kw name="Realizo carga de tc" library="Keywords">
<arg>1</arg>
<doc>Se realiza la carga de un archivo de excel que contiene los datos del cliente</doc>
<kw name="Convert To Number" library="BuiltIn">
<var>${TC}</var>
<arg>${TC}</arg>
<doc>Converts the given item to a floating point number.</doc>
<msg timestamp="20240122 19:00:50.616" level="INFO">${TC} = 1.0</msg>
<status status="PASS" starttime="20240122 19:00:50.616" endtime="20240122 19:00:50.616"/>
</kw>
<kw name="Evaluate" library="BuiltIn">
<var>${Counter}</var>
<arg>${TC} + 1</arg>
<doc>Evaluates the given expression in Python and returns the result.</doc>
<msg timestamp="20240122 19:00:50.616" level="INFO">${Counter} = 2.0</msg>
<status status="PASS" starttime="20240122 19:00:50.616" endtime="20240122 19:00:50.616"/>
</kw>
<kw name="Run Keyword If" library="BuiltIn">
<arg>${Counter} == 2</arg>
<arg>Open Excel Document</arg>
<arg>${CSV}</arg>
<arg>${Hoja}</arg>
<doc>Runs the given keyword with the given arguments, if ``condition`` is true.</doc>
<kw name="Open Excel Document" library="ExcelLibrary">
<arg>${CSV}</arg>
<arg>${Hoja}</arg>
<doc>Opens xlsx document file.</doc>
<status status="PASS" starttime="20240122 19:00:50.616" endtime="20240122 19:00:50.631"/>
</kw>
<status status="PASS" starttime="20240122 19:00:50.616" endtime="20240122 19:00:50.631"/>
</kw>
<kw name="Read Excel Cell" library="ExcelLibrary">
<var>${User}</var>
<arg>row_num=${Counter}</arg>
<arg>col_num=1</arg>
<doc>Returns content of a cell.</doc>
<msg timestamp="20240122 19:00:50.631" level="INFO">${User} = DR9RECALL10</msg>
<status status="PASS" starttime="20240122 19:00:50.631" endtime="20240122 19:00:50.631"/>
</kw>
<kw name="Set Global Variable" library="BuiltIn">
<arg>${User}</arg>
<doc>Makes a variable available globally in all tests and suites.</doc>
<msg timestamp="20240122 19:00:50.631" level="INFO">${User} = DR9RECALL10</msg>
<status status="PASS" starttime="20240122 19:00:50.631" endtime="20240122 19:00:50.631"/>
</kw>
<kw name="Log To Console" library="BuiltIn">
<arg>UserId: ${User}</arg>
<doc>Logs the given message to the console.</doc>
<status status="PASS" starttime="20240122 19:00:50.631" endtime="20240122 19:00:50.631"/>
</kw>
<kw name="Read Excel Cell" library="ExcelLibrary">
<var>${Password}</var>
<arg>row_num=${Counter}</arg>
<arg>col_num=2</arg>
<doc>Returns content of a cell.</doc>
<msg timestamp="20240122 19:00:50.631" level="INFO">${Password} = Dr9Rec@ll50</msg>
<status status="PASS" starttime="20240122 19:00:50.631" endtime="20240122 19:00:50.631"/>
</kw>
<kw name="Set Global Variable" library="BuiltIn">
<arg>${Password}</arg>
<doc>Makes a variable available globally in all tests and suites.</doc>
<msg timestamp="20240122 19:00:50.631" level="INFO">${Password} = Dr9Rec@ll50</msg>
<status status="PASS" starttime="20240122 19:00:50.631" endtime="20240122 19:00:50.631"/>
</kw>
<kw name="Log To Console" library="BuiltIn">
<arg>UserId: ${Password}</arg>
<doc>Logs the given message to the console.</doc>
<status status="PASS" starttime="20240122 19:00:50.631" endtime="20240122 19:00:50.631"/>
</kw>
<kw name="Read Excel Cell" library="ExcelLibrary">
<var>${UserDis}</var>
<arg>row_num=${Counter}</arg>
<arg>col_num=3</arg>
<doc>Returns content of a cell.</doc>
<msg timestamp="20240122 19:00:50.631" level="INFO">${UserDis} = OS8RECO7</msg>
<status status="PASS" starttime="20240122 19:00:50.631" endtime="20240122 19:00:50.631"/>
</kw>
<kw name="Set Global Variable" library="BuiltIn">
<arg>${UserDis}</arg>
<doc>Makes a variable available globally in all tests and suites.</doc>
<msg timestamp="20240122 19:00:50.631" level="INFO">${UserDis} = OS8RECO7</msg>
<status status="PASS" starttime="20240122 19:00:50.631" endtime="20240122 19:00:50.631"/>
</kw>
<kw name="Log To Console" library="BuiltIn">
<arg>UserId: ${UserDis}</arg>
<doc>Logs the given message to the console.</doc>
<status status="PASS" starttime="20240122 19:00:50.631" endtime="20240122 19:00:50.631"/>
</kw>
<kw name="Read Excel Cell" library="ExcelLibrary">
<var>${PasswordDis}</var>
<arg>row_num=${Counter}</arg>
<arg>col_num=4</arg>
<doc>Returns content of a cell.</doc>
<msg timestamp="20240122 19:00:50.631" level="INFO">${PasswordDis} = Dr9Rec@ll50</msg>
<status status="PASS" starttime="20240122 19:00:50.631" endtime="20240122 19:00:50.631"/>
</kw>
<kw name="Set Global Variable" library="BuiltIn">
<arg>${PasswordDis}</arg>
<doc>Makes a variable available globally in all tests and suites.</doc>
<msg timestamp="20240122 19:00:50.631" level="INFO">${PasswordDis} = Dr9Rec@ll50</msg>
<status status="PASS" starttime="20240122 19:00:50.631" endtime="20240122 19:00:50.631"/>
</kw>
<kw name="Log To Console" library="BuiltIn">
<arg>UserId: ${PasswordDis}</arg>
<doc>Logs the given message to the console.</doc>
<status status="PASS" starttime="20240122 19:00:50.631" endtime="20240122 19:00:50.631"/>
</kw>
<status status="PASS" starttime="20240122 19:00:50.616" endtime="20240122 19:00:50.631"/>
</kw>
<kw name="Cuando el usuario abre el navegador" library="LoginKeywords">
<kw name="Open Browser" library="SeleniumLibrary">
<arg>${url}</arg>
<arg>${Browser}</arg>
<doc>Opens a new browser instance to the optional ``url``.</doc>
<msg timestamp="20240122 19:00:50.631" level="INFO">Opening browser 'Chrome' to base url 'https://www.distribuidor.telcel.com:4475/Portal-Distribuidores/app/login'.</msg>
<status status="PASS" starttime="20240122 19:00:50.631" endtime="20240122 19:00:53.190"/>
</kw>
<kw name="Maximize Browser Window" library="SeleniumLibrary">
<doc>Maximizes current browser window.</doc>
<status status="PASS" starttime="20240122 19:00:53.191" endtime="20240122 19:00:53.351"/>
</kw>
<kw name="Set Selenium Implicit Wait" library="SeleniumLibrary">
<arg>10</arg>
<doc>Sets the implicit wait value used by Selenium.</doc>
<status status="PASS" starttime="20240122 19:00:53.351" endtime="20240122 19:00:53.354"/>
</kw>
<kw name="Set Selenium Speed" library="SeleniumLibrary">
<arg>.1s</arg>
<doc>Sets the delay that is waited after each Selenium command.</doc>
<status status="PASS" starttime="20240122 19:00:53.355" endtime="20240122 19:00:53.356"/>
</kw>
<status status="PASS" starttime="20240122 19:00:50.631" endtime="20240122 19:00:53.356"/>
</kw>
<kw name="Entonces inicio sesión" library="LoginKeywords">
<kw name="assert input text" library="Keywords">
<arg>${TxtUser}</arg>
<arg>${User}</arg>
<arg>5</arg>
<kw name="Wait Until Element Is Visible" library="SeleniumLibrary">
<arg>${Element}</arg>
<arg>${Timeout}</arg>
<doc>Waits until the element ``locator`` is visible.</doc>
<status status="PASS" starttime="20240122 19:00:53.359" endtime="20240122 19:00:53.685"/>
</kw>
<kw name="Wait Until Element Is Enabled" library="SeleniumLibrary">
<arg>${Element}</arg>
<arg>${Timeout}</arg>
<doc>Waits until the element ``locator`` is enabled.</doc>
<status status="PASS" starttime="20240122 19:00:53.685" endtime="20240122 19:00:54.022"/>
</kw>
<kw name="Clear Element Text" library="SeleniumLibrary">
<arg>${Element}</arg>
<doc>Clears the value of the text-input-element identified by ``locator``.</doc>
<status status="PASS" starttime="20240122 19:00:54.022" endtime="20240122 19:00:54.260"/>
</kw>
<kw name="Input Text" library="SeleniumLibrary">
<arg>${Element}</arg>
<arg>${Text}</arg>
<doc>Types the given ``text`` into the text field identified by ``locator``.</doc>
<msg timestamp="20240122 19:00:54.260" level="INFO">Typing text 'DR9RECALL10' into text field 'xpath://input[contains(@id,'j_username')]'.</msg>
<status status="PASS" starttime="20240122 19:00:54.260" endtime="20240122 19:00:54.659"/>
</kw>
<status status="PASS" starttime="20240122 19:00:53.357" endtime="20240122 19:00:54.660"/>
</kw>
<kw name="assert input text" library="Keywords">
<arg>${TxtPass}</arg>
<arg>${Password}</arg>
<arg>5</arg>
<kw name="Wait Until Element Is Visible" library="SeleniumLibrary">
<arg>${Element}</arg>
<arg>${Timeout}</arg>
<doc>Waits until the element ``locator`` is visible.</doc>
<status status="PASS" starttime="20240122 19:00:54.662" endtime="20240122 19:00:54.889"/>
</kw>
<kw name="Wait Until Element Is Enabled" library="SeleniumLibrary">
<arg>${Element}</arg>
<arg>${Timeout}</arg>
<doc>Waits until the element ``locator`` is enabled.</doc>
<status status="PASS" starttime="20240122 19:00:54.889" endtime="20240122 19:00:55.224"/>
</kw>
<kw name="Clear Element Text" library="SeleniumLibrary">
<arg>${Element}</arg>
<doc>Clears the value of the text-input-element identified by ``locator``.</doc>
<status status="PASS" starttime="20240122 19:00:55.225" endtime="20240122 19:00:55.460"/>
</kw>
<kw name="Input Text" library="SeleniumLibrary">
<arg>${Element}</arg>
<arg>${Text}</arg>
<doc>Types the given ``text`` into the text field identified by ``locator``.</doc>
<msg timestamp="20240122 19:00:55.460" level="INFO">Typing text 'Dr9Rec@ll50' into text field 'xpath://input[contains(@id,'pwd')]'.</msg>
<status status="PASS" starttime="20240122 19:00:55.460" endtime="20240122 19:00:55.826"/>
</kw>
<status status="PASS" starttime="20240122 19:00:54.660" endtime="20240122 19:00:55.826"/>
</kw>
<kw name="Select From List By Index" library="SeleniumLibrary">
<arg>cmbRegiones</arg>
<arg>9</arg>
<doc>Selects options from selection list ``locator`` by ``indexes``.</doc>
<msg timestamp="20240122 19:00:55.827" level="INFO">Selecting options from selection list 'cmbRegiones' by index 9.</msg>
<status status="PASS" starttime="20240122 19:00:55.826" endtime="20240122 19:00:57.741"/>
</kw>
<kw name="assert click element" library="Keywords">
<arg>${BtnLogin}</arg>
<arg>5</arg>
<arg>Error:No se pudo dar clic en el botón de inicio de sesión</arg>
<kw name="Wait Until Element Is Visible" library="SeleniumLibrary">
<arg>${Element}</arg>
<arg>${Timeout}</arg>
<arg>${MsError}</arg>
<doc>Waits until the element ``locator`` is visible.</doc>
<status status="PASS" starttime="20240122 19:00:57.743" endtime="20240122 19:00:57.973"/>
</kw>
<kw name="Wait Until Element Is Enabled" library="SeleniumLibrary">
<arg>${Element}</arg>
<arg>${Timeout}</arg>
<doc>Waits until the element ``locator`` is enabled.</doc>
<status status="PASS" starttime="20240122 19:00:57.973" endtime="20240122 19:00:58.304"/>
</kw>
<kw name="Click Element" library="SeleniumLibrary">
<arg>${Element}</arg>
<doc>Click the element identified by ``locator``.</doc>
<msg timestamp="20240122 19:00:58.304" level="INFO">Clicking element 'xpath://button[@id='myBtn']'.</msg>
<status status="PASS" starttime="20240122 19:00:58.304" endtime="20240122 19:00:58.542"/>
</kw>
<status status="PASS" starttime="20240122 19:00:57.741" endtime="20240122 19:00:58.542"/>
</kw>
<status status="PASS" starttime="20240122 19:00:53.357" endtime="20240122 19:00:58.543"/>
</kw>
<kw name="Y valido el inicio de sesión" library="LoginKeywords">
<kw name="Assert to element" library="Keywords">
<arg>${Lblhome}</arg>
<arg>10</arg>
<arg>Error:No se pudo iniciar sesión de manera correcta</arg>
<kw name="Wait Until Element Is Visible" library="SeleniumLibrary">
<arg>${Element}</arg>
<arg>${Timeout}</arg>
<arg>${MsError}</arg>
<doc>Waits until the element ``locator`` is visible.</doc>
<status status="PASS" starttime="20240122 19:00:58.543" endtime="20240122 19:01:00.108"/>
</kw>
<status status="PASS" starttime="20240122 19:00:58.543" endtime="20240122 19:01:00.108"/>
</kw>
<status status="PASS" starttime="20240122 19:00:58.543" endtime="20240122 19:01:00.108"/>
</kw>
<kw name="Cuando accedo al modulo distribuidor" library="homeKeywords">
<kw name="assert click element" library="Keywords">
<arg>${btnActivaciones}</arg>
<arg>5</arg>
<arg>Error:No se pudo dar clic en el botón Activaciones</arg>
<kw name="Wait Until Element Is Visible" library="SeleniumLibrary">
<arg>${Element}</arg>
<arg>${Timeout}</arg>
<arg>${MsError}</arg>
<doc>Waits until the element ``locator`` is visible.</doc>
<status status="PASS" starttime="20240122 19:01:00.110" endtime="20240122 19:01:00.358"/>
</kw>
<kw name="Wait Until Element Is Enabled" library="SeleniumLibrary">
<arg>${Element}</arg>
<arg>${Timeout}</arg>
<doc>Waits until the element ``locator`` is enabled.</doc>
<status status="PASS" starttime="20240122 19:01:00.358" endtime="20240122 19:01:00.693"/>
</kw>
<kw name="Click Element" library="SeleniumLibrary">
<arg>${Element}</arg>
<doc>Click the element identified by ``locator``.</doc>
<msg timestamp="20240122 19:01:00.693" level="INFO">Clicking element 'xpath=//a[@href='#'][contains(.,'Activaciones')]'.</msg>
<status status="PASS" starttime="20240122 19:01:00.693" endtime="20240122 19:01:00.957"/>
</kw>
<status status="PASS" starttime="20240122 19:01:00.109" endtime="20240122 19:01:00.958"/>
</kw>
<kw name="assert click element" library="Keywords">
<arg>${btntransforma}</arg>
<arg>5</arg>
<arg>Error:No se pudo dar clic en el botón Transforma</arg>
<kw name="Wait Until Element Is Visible" library="SeleniumLibrary">
<arg>${Element}</arg>
<arg>${Timeout}</arg>
<arg>${MsError}</arg>
<doc>Waits until the element ``locator`` is visible.</doc>
<status status="PASS" starttime="20240122 19:01:00.959" endtime="20240122 19:01:01.624"/>
</kw>
<kw name="Wait Until Element Is Enabled" library="SeleniumLibrary">
<arg>${Element}</arg>
<arg>${Timeout}</arg>
<doc>Waits until the element ``locator`` is enabled.</doc>
<status status="PASS" starttime="20240122 19:01:01.624" endtime="20240122 19:01:01.955"/>
</kw>
<kw name="Click Element" library="SeleniumLibrary">
<arg>${Element}</arg>
<doc>Click the element identified by ``locator``.</doc>
<msg timestamp="20240122 19:01:01.955" level="INFO">Clicking element 'xpath=//span[@class='ui-menuitem-text'][contains(.,'SISACT Transforma')]'.</msg>
<status status="PASS" starttime="20240122 19:01:01.955" endtime="20240122 19:01:02.690"/>
</kw>
<status status="PASS" starttime="20240122 19:01:00.958" endtime="20240122 19:01:02.690"/>
</kw>
<kw name="Switch Window" library="SeleniumLibrary">
<arg>NEW</arg>
<doc>Switches to browser window matching ``locator``.</doc>
<status status="PASS" starttime="20240122 19:01:02.690" endtime="20240122 19:01:03.129"/>
</kw>
<status status="PASS" starttime="20240122 19:01:00.109" endtime="20240122 19:01:03.129"/>
</kw>
<kw name="Entonces inicio sesion como distribuidor" library="homeKeywords">
<kw name="assert input text" library="Keywords">
<arg>${TxtUserDis}</arg>
<arg>${UserDis}</arg>
<arg>5</arg>
<kw name="Wait Until Element Is Visible" library="SeleniumLibrary">
<arg>${Element}</arg>
<arg>${Timeout}</arg>
<doc>Waits until the element ``locator`` is visible.</doc>
<status status="PASS" starttime="20240122 19:01:03.132" endtime="20240122 19:01:03.858"/>
</kw>
<kw name="Wait Until Element Is Enabled" library="SeleniumLibrary">
<arg>${Element}</arg>
<arg>${Timeout}</arg>
<doc>Waits until the element ``locator`` is enabled.</doc>
<status status="PASS" starttime="20240122 19:01:03.859" endtime="20240122 19:01:04.197"/>
</kw>
<kw name="Clear Element Text" library="SeleniumLibrary">
<arg>${Element}</arg>
<doc>Clears the value of the text-input-element identified by ``locator``.</doc>
<status status="PASS" starttime="20240122 19:01:04.197" endtime="20240122 19:01:04.440"/>
</kw>
<kw name="Input Text" library="SeleniumLibrary">
<arg>${Element}</arg>
<arg>${Text}</arg>
<doc>Types the given ``text`` into the text field identified by ``locator``.</doc>
<msg timestamp="20240122 19:01:04.441" level="INFO">Typing text 'OS8RECO7' into text field 'xpath://input[contains(@id,'username')]'.</msg>
<status status="PASS" starttime="20240122 19:01:04.440" endtime="20240122 19:01:04.840"/>
</kw>
<status status="PASS" starttime="20240122 19:01:03.130" endtime="20240122 19:01:04.840"/>
</kw>
<kw name="assert input text" library="Keywords">
<arg>${TxtPassDis}</arg>
<arg>${PasswordDis}</arg>
<arg>5</arg>
<kw name="Wait Until Element Is Visible" library="SeleniumLibrary">
<arg>${Element}</arg>
<arg>${Timeout}</arg>
<doc>Waits until the element ``locator`` is visible.</doc>
<status status="PASS" starttime="20240122 19:01:04.841" endtime="20240122 19:01:05.073"/>
</kw>
<kw name="Wait Until Element Is Enabled" library="SeleniumLibrary">
<arg>${Element}</arg>
<arg>${Timeout}</arg>
<doc>Waits until the element ``locator`` is enabled.</doc>
<status status="PASS" starttime="20240122 19:01:05.073" endtime="20240122 19:01:05.406"/>
</kw>
<kw name="Clear Element Text" library="SeleniumLibrary">
<arg>${Element}</arg>
<doc>Clears the value of the text-input-element identified by ``locator``.</doc>
<status status="PASS" starttime="20240122 19:01:05.406" endtime="20240122 19:01:05.658"/>
</kw>
<kw name="Input Text" library="SeleniumLibrary">
<arg>${Element}</arg>
<arg>${Text}</arg>
<doc>Types the given ``text`` into the text field identified by ``locator``.</doc>
<msg timestamp="20240122 19:01:05.658" level="INFO">Typing text 'Dr9Rec@ll50' into text field 'xpath://input[contains(@id,'pass')]'.</msg>
<status status="PASS" starttime="20240122 19:01:05.658" endtime="20240122 19:01:06.040"/>
</kw>
<status status="PASS" starttime="20240122 19:01:04.840" endtime="20240122 19:01:06.040"/>
</kw>
<kw name="assert click element" library="Keywords">
<arg>${BtnLoginDis}</arg>
<arg>5</arg>
<arg>Error:No se pudo dar clic en el botón de inicio de sesión</arg>
<kw name="Wait Until Element Is Visible" library="SeleniumLibrary">
<arg>${Element}</arg>
<arg>${Timeout}</arg>
<arg>${MsError}</arg>
<doc>Waits until the element ``locator`` is visible.</doc>
<status status="PASS" starttime="20240122 19:01:06.041" endtime="20240122 19:01:06.271"/>
</kw>
<kw name="Wait Until Element Is Enabled" library="SeleniumLibrary">
<arg>${Element}</arg>
<arg>${Timeout}</arg>
<doc>Waits until the element ``locator`` is enabled.</doc>
<status status="PASS" starttime="20240122 19:01:06.271" endtime="20240122 19:01:06.605"/>
</kw>
<kw name="Click Element" library="SeleniumLibrary">
<arg>${Element}</arg>
<doc>Click the element identified by ``locator``.</doc>
<msg timestamp="20240122 19:01:06.606" level="INFO">Clicking element 'xpath://span[@class='ui-button-text ui-c'][contains(.,'INICIAR SESIÓN')]'.</msg>
<status status="PASS" starttime="20240122 19:01:06.606" endtime="20240122 19:01:07.970"/>
</kw>
<status status="PASS" starttime="20240122 19:01:06.040" endtime="20240122 19:01:07.970"/>
</kw>
<status status="PASS" starttime="20240122 19:01:03.130" endtime="20240122 19:01:07.970"/>
</kw>
<kw name="y valido si inicie sesión" library="homeKeywords">
<kw name="Run Keyword And Return Status" library="BuiltIn">
<var>${bandera}</var>
<arg>wait until element is visible</arg>
<arg>${lblR9}</arg>
<arg>10</arg>
<doc>Runs the given keyword with given arguments and returns the status as a Boolean value.</doc>
<kw name="Wait Until Element Is Visible" library="SeleniumLibrary">
<arg>${lblR9}</arg>
<arg>10</arg>
<doc>Waits until the element ``locator`` is visible.</doc>
<status status="PASS" starttime="20240122 19:01:07.974" endtime="20240122 19:01:08.822"/>
</kw>
<msg timestamp="20240122 19:01:08.822" level="INFO">${bandera} = True</msg>
<status status="PASS" starttime="20240122 19:01:07.972" endtime="20240122 19:01:08.822"/>
</kw>
<kw name="Log To Console" library="BuiltIn">
<arg>banderaaa ${bandera}</arg>
<doc>Logs the given message to the console.</doc>
<status status="PASS" starttime="20240122 19:01:08.823" endtime="20240122 19:01:08.823"/>
</kw>
<kw name="Sleep" library="BuiltIn">
<arg>3</arg>
<doc>Pauses the test executed for the given time.</doc>
<msg timestamp="20240122 19:01:11.836" level="INFO">Slept 3 seconds</msg>
<status status="PASS" starttime="20240122 19:01:08.825" endtime="20240122 19:01:11.836"/>
</kw>
<kw name="Run Keyword If" library="BuiltIn">
<arg>${bandera}!=True</arg>
<arg>Entonces inicio sesion como distribuidor</arg>
<doc>Runs the given keyword with the given arguments, if ``condition`` is true.</doc>
<status status="PASS" starttime="20240122 19:01:11.836" endtime="20240122 19:01:11.836"/>
</kw>
<status status="PASS" starttime="20240122 19:01:07.972" endtime="20240122 19:01:11.836"/>
</kw>
<kw name="Cuando accedo al modulo de renovaciones" library="homeKeywords">
<kw name="assert click element" library="Keywords">
<arg>${btntramites}</arg>
<arg>20</arg>
<arg>Error:No se pudo acceder al módulo de Tramites en línea</arg>
<kw name="Wait Until Element Is Visible" library="SeleniumLibrary">
<arg>${Element}</arg>
<arg>${Timeout}</arg>
<arg>${MsError}</arg>
<doc>Waits until the element ``locator`` is visible.</doc>
<status status="PASS" starttime="20240122 19:01:11.836" endtime="20240122 19:01:12.063"/>
</kw>
<kw name="Wait Until Element Is Enabled" library="SeleniumLibrary">
<arg>${Element}</arg>
<arg>${Timeout}</arg>
<doc>Waits until the element ``locator`` is enabled.</doc>
<status status="PASS" starttime="20240122 19:01:12.063" endtime="20240122 19:01:12.394"/>
</kw>
<kw name="Click Element" library="SeleniumLibrary">
<arg>${Element}</arg>
<doc>Click the element identified by ``locator``.</doc>
<msg timestamp="20240122 19:01:12.394" level="INFO">Clicking element 'xpath://img[contains(@id,'idMenuSenal')]'.</msg>
<status status="PASS" starttime="20240122 19:01:12.394" endtime="20240122 19:01:12.642"/>
</kw>
<status status="PASS" starttime="20240122 19:01:11.836" endtime="20240122 19:01:12.642"/>
</kw>
<kw name="assert click element" library="Keywords">
<arg>${hrefrenovacion}</arg>
<arg>20</arg>
<arg>Error:No se pudo acceder al servicio de renovaciones</arg>
<kw name="Wait Until Element Is Visible" library="SeleniumLibrary">
<arg>${Element}</arg>
<arg>${Timeout}</arg>
<arg>${MsError}</arg>
<doc>Waits until the element ``locator`` is visible.</doc>
<status status="PASS" starttime="20240122 19:01:12.643" endtime="20240122 19:01:12.869"/>
</kw>
<kw name="Wait Until Element Is Enabled" library="SeleniumLibrary">
<arg>${Element}</arg>
<arg>${Timeout}</arg>
<doc>Waits until the element ``locator`` is enabled.</doc>
<status status="PASS" starttime="20240122 19:01:12.869" endtime="20240122 19:01:13.224"/>
</kw>
<kw name="Click Element" library="SeleniumLibrary">
<arg>${Element}</arg>
<doc>Click the element identified by ``locator``.</doc>
<msg timestamp="20240122 19:01:13.225" level="INFO">Clicking element 'xpath://span[@class='ui-menuitem-text'][contains(.,'Renovación')]'.</msg>
<status status="PASS" starttime="20240122 19:01:13.224" endtime="20240122 19:01:13.473"/>
</kw>
<status status="PASS" starttime="20240122 19:01:12.642" endtime="20240122 19:01:13.473"/>
</kw>
<kw name="Assert to element" library="Keywords">
<arg>${lblRenovacion}</arg>
<arg>20</arg>
<arg>Error: No se visualiza el módulo de renovaciones</arg>
<kw name="Wait Until Element Is Visible" library="SeleniumLibrary">
<arg>${Element}</arg>
<arg>${Timeout}</arg>
<arg>${MsError}</arg>
<doc>Waits until the element ``locator`` is visible.</doc>
<status status="PASS" starttime="20240122 19:01:13.474" endtime="20240122 19:01:14.203"/>
</kw>
<status status="PASS" starttime="20240122 19:01:13.473" endtime="20240122 19:01:14.203"/>
</kw>
<status status="PASS" starttime="20240122 19:01:11.836" endtime="20240122 19:01:14.203"/>
</kw>
<kw name="Entonces Registro resultado" library="RenovacionesKeywords">
<arg>numeros2</arg>
<kw name="numero de filas" library="RenovacionesKeywords">
<var>${filas}</var>
<arg>${nombreDoc}</arg>
<doc>leyendo el numero de filas</doc>
<kw name="Numero Filas" library="readexcel">
<var>${res}</var>
<arg>${nombreDoc}</arg>
<arg>numeros</arg>
<msg timestamp="20240122 19:01:14.213" level="INFO">${res} = 3</msg>
<status status="PASS" starttime="20240122 19:01:14.204" endtime="20240122 19:01:14.213"/>
</kw>
<msg timestamp="20240122 19:01:14.213" level="INFO">${filas} = 3</msg>
<status status="PASS" starttime="20240122 19:01:14.204" endtime="20240122 19:01:14.213"/>
</kw>
<for flavor="IN RANGE">
<var>${i}</var>
<value>2</value>
<value>${filas}+1</value>
<iter>
<var name="${i}">2</var>
<kw name="obteniendo valor columnas" library="RenovacionesKeywords">
<var>${numero}</var>
<arg>${nombreDoc}</arg>
<arg>numeros</arg>
<arg>${i}</arg>
<arg>1</arg>
<doc>obteniendo el valor de las columnas</doc>
<kw name="Dato Columna" library="readexcel">
<var>${res}</var>
<arg>${nombreDoc}</arg>
<arg>${hoja}</arg>
<arg>${fila}</arg>
<arg>${col}</arg>
<msg timestamp="20240122 19:01:14.221" level="INFO">${res} = 5526905232</msg>
<status status="PASS" starttime="20240122 19:01:14.215" endtime="20240122 19:01:14.221"/>
</kw>
<msg timestamp="20240122 19:01:14.221" level="INFO">${numero} = 5526905232</msg>
<status status="PASS" starttime="20240122 19:01:14.214" endtime="20240122 19:01:14.221"/>
</kw>
<kw name="Wait Until Element Is Enabled" library="SeleniumLibrary">
<arg>${inumero}</arg>
<arg>25</arg>
<doc>Waits until the element ``locator`` is enabled.</doc>
<status status="PASS" starttime="20240122 19:01:14.222" endtime="20240122 19:01:14.572"/>
</kw>
<kw name="Sleep" library="BuiltIn">
<arg>1</arg>
<doc>Pauses the test executed for the given time.</doc>
<msg timestamp="20240122 19:01:15.573" level="INFO">Slept 1 second</msg>
<status status="PASS" starttime="20240122 19:01:14.572" endtime="20240122 19:01:15.573"/>
</kw>
<kw name="valida texto" library="RenovacionesKeywords">
<arg>${numero}</arg>
<arg>${nombreDoc}</arg>
<kw name="numero de filas" library="RenovacionesKeywords">
<var>${filas}</var>
<arg>${nombreDoc}</arg>
<doc>leyendo el numero de filas</doc>
<kw name="Numero Filas" library="readexcel">
<var>${res}</var>
<arg>${nombreDoc}</arg>
<arg>numeros</arg>
<msg timestamp="20240122 19:01:15.589" level="INFO">${res} = 3</msg>
<status status="PASS" starttime="20240122 19:01:15.575" endtime="20240122 19:01:15.589"/>
</kw>
<msg timestamp="20240122 19:01:15.589" level="INFO">${filas} = 3</msg>
<status status="PASS" starttime="20240122 19:01:15.573" endtime="20240122 19:01:15.590"/>
</kw>
<for flavor="IN RANGE">
<var>${Result}</var>
<value>5</value>
<iter>
<var name="${Result}">0</var>
<kw name="Input Text" library="SeleniumLibrary">
<arg>${inumero}</arg>
<arg>${numero}</arg>
<doc>Types the given ``text`` into the text field identified by ``locator``.</doc>
<msg timestamp="20240122 19:01:15.591" level="INFO">Typing text '5526905232' into text field 'xpath://*[@id='formIdent:folioid']'.</msg>
<status status="PASS" starttime="20240122 19:01:15.591" endtime="20240122 19:01:16.022"/>
</kw>
<kw name="Sleep" library="BuiltIn">
<arg>1</arg>
<doc>Pauses the test executed for the given time.</doc>
<msg timestamp="20240122 19:01:17.023" level="INFO">Slept 1 second</msg>
<status status="PASS" starttime="20240122 19:01:16.022" endtime="20240122 19:01:17.023"/>
</kw>
<kw name="Get Element Attribute" library="SeleniumLibrary">
<var>${inserted_text}</var>
<arg>${inumero}</arg>
<arg>value</arg>
<doc>Returns the value of ``attribute`` from the element ``locator``.</doc>
<msg timestamp="20240122 19:01:17.247" level="INFO">${inserted_text} = 5526905232</msg>
<status status="PASS" starttime="20240122 19:01:17.023" endtime="20240122 19:01:17.247"/>
</kw>
<kw name="Convert To String" library="BuiltIn">
<var>${num}</var>
<arg>${numero}</arg>
<doc>Converts the given item to a Unicode string.</doc>
<msg timestamp="20240122 19:01:17.247" level="INFO">${num} = 5526905232</msg>
<status status="PASS" starttime="20240122 19:01:17.247" endtime="20240122 19:01:17.247"/>
</kw>
<kw name="Replace String" library="String">
<var>${inserted_text}</var>
<arg>${inserted_text}</arg>
<arg>_</arg>
<arg>0</arg>
<doc>Replaces ``search_for`` in the given ``string`` with ``replace_with``.</doc>
<msg timestamp="20240122 19:01:17.247" level="INFO">${inserted_text} = 5526905232</msg>
<status status="PASS" starttime="20240122 19:01:17.247" endtime="20240122 19:01:17.247"/>
</kw>
<kw name="Log To Console" library="BuiltIn">
<arg>texto insertado${inserted_text}</arg>
<doc>Logs the given message to the console.</doc>
<status status="PASS" starttime="20240122 19:01:17.247" endtime="20240122 19:01:17.247"/>
</kw>
<kw name="Log To Console" library="BuiltIn">
<arg>numero${numero}</arg>
<doc>Logs the given message to the console.</doc>
<status status="PASS" starttime="20240122 19:01:17.247" endtime="20240122 19:01:17.247"/>
</kw>
<kw name="Evaluate" library="BuiltIn">
<var>${Result}</var>
<arg>${inserted_text}==${num}</arg>
<doc>Evaluates the given expression in Python and returns the result.</doc>
<msg timestamp="20240122 19:01:17.247" level="INFO">${Result} = True</msg>
<status status="PASS" starttime="20240122 19:01:17.247" endtime="20240122 19:01:17.247"/>
</kw>
<kw name="Log To Console" library="BuiltIn">
<arg>result${result}</arg>
<doc>Logs the given message to the console.</doc>
<status status="PASS" starttime="20240122 19:01:17.247" endtime="20240122 19:01:17.247"/>
</kw>
<if>
<branch type="IF" condition="${Result}== True">
<break>
<status status="PASS" starttime="20240122 19:01:17.247" endtime="20240122 19:01:17.247"/>
</break>
<status status="PASS" starttime="20240122 19:01:17.247" endtime="20240122 19:01:17.247"/>
</branch>
<status status="PASS" starttime="20240122 19:01:17.247" endtime="20240122 19:01:17.247"/>
</if>
<status status="PASS" starttime="20240122 19:01:15.590" endtime="20240122 19:01:17.247"/>
</iter>
<status status="PASS" starttime="20240122 19:01:15.590" endtime="20240122 19:01:17.247"/>
</for>
<status status="PASS" starttime="20240122 19:01:15.573" endtime="20240122 19:01:17.247"/>
</kw>
<kw name="Sleep" library="BuiltIn">
<arg>1</arg>
<doc>Pauses the test executed for the given time.</doc>
<msg timestamp="20240122 19:01:18.248" level="INFO">Slept 1 second</msg>
<status status="PASS" starttime="20240122 19:01:17.247" endtime="20240122 19:01:18.248"/>
</kw>
<kw name="Wait Until Element Is Enabled" library="SeleniumLibrary">
<arg>${btnbuscar}</arg>
<arg>30</arg>
<arg>Error: kmkk</arg>
<doc>Waits until the element ``locator`` is enabled.</doc>
<status status="PASS" starttime="20240122 19:01:18.248" endtime="20240122 19:01:18.605"/>
</kw>
<kw name="Click Element" library="SeleniumLibrary">
<arg>${btnbuscar}</arg>
<doc>Click the element identified by ``locator``.</doc>
<msg timestamp="20240122 19:01:18.606" level="INFO">Clicking element 'xpath:(//span[contains(.,'BUSCAR')])[1]'.</msg>
<status status="PASS" starttime="20240122 19:01:18.605" endtime="20240122 19:01:18.855"/>
</kw>
<kw name="Wait Until Element Is Not Visible" library="SeleniumLibrary">
<arg>${divModal}</arg>
<arg>80</arg>
<doc>Waits until the element ``locator`` is not visible.</doc>
<status status="PASS" starttime="20240122 19:01:18.856" endtime="20240122 19:01:25.978"/>
</kw>
<kw name="Convert To String" library="BuiltIn">
<var>${posicion}</var>
<arg>${i}</arg>
<doc>Converts the given item to a Unicode string.</doc>
<msg timestamp="20240122 19:01:25.978" level="INFO">${posicion} = 2</msg>
<status status="PASS" starttime="20240122 19:01:25.978" endtime="20240122 19:01:25.978"/>
</kw>
<kw name="Run Keyword And Return Status" library="BuiltIn">
<var>${imprime resultado}</var>
<arg>wait until element is visible</arg>
<arg>${lblResultado}</arg>
<arg>60</arg>
<arg>Error:No se visualizo el resultado</arg>
<doc>Runs the given keyword with given arguments and returns the status as a Boolean value.</doc>
<kw name="Wait Until Element Is Visible" library="SeleniumLibrary">
<arg>${lblResultado}</arg>
<arg>60</arg>
<arg>Error:No se visualizo el resultado</arg>
<doc>Waits until the element ``locator`` is visible.</doc>
<status status="PASS" starttime="20240122 19:01:25.978" endtime="20240122 19:01:26.199"/>
</kw>
<msg timestamp="20240122 19:01:26.199" level="INFO">${imprime resultado} = True</msg>
<status status="PASS" starttime="20240122 19:01:25.978" endtime="20240122 19:01:26.199"/>
</kw>
<kw name="Log To Console" library="BuiltIn">
<arg>no se muestra resultado${imprime resultado}</arg>
<doc>Logs the given message to the console.</doc>
<status status="PASS" starttime="20240122 19:01:26.199" endtime="20240122 19:01:26.199"/>
</kw>
<kw name="Run Keyword If" library="BuiltIn">
<arg>${imprime resultado}</arg>
<arg>escribir resultado</arg>
<arg>${posicion}</arg>
<arg>${nombreDoc}</arg>
<arg>ELSE</arg>
<arg>ingresa de nuevo al modulo renovacion</arg>
<doc>Runs the given keyword with the given arguments, if ``condition`` is true.</doc>
<kw name="escribir resultado" library="RenovacionesKeywords">
<arg>${posicion}</arg>
<arg>${nombreDoc}</arg>
<kw name="Sleep" library="BuiltIn">
<arg>1</arg>
<doc>Pauses the test executed for the given time.</doc>
<msg timestamp="20240122 19:01:27.208" level="INFO">Slept 1 second</msg>
<status status="PASS" starttime="20240122 19:01:26.199" endtime="20240122 19:01:27.208"/>
</kw>
<kw name="Get Text" library="SeleniumLibrary">
<var>${resultado}</var>
<arg>${lblresultado}</arg>
<doc>Returns the text value of the element identified by ``locator``.</doc>
<msg timestamp="20240122 19:01:27.429" level="INFO">${resultado} = Cliente encontrado: ELIZABETH ARCE</msg>
<status status="PASS" starttime="20240122 19:01:27.208" endtime="20240122 19:01:27.429"/>
</kw>
<kw name="Log To Console" library="BuiltIn">
<arg>resultadooooo${resultado}</arg>
<doc>Logs the given message to the console.</doc>
<status status="PASS" starttime="20240122 19:01:27.429" endtime="20240122 19:01:27.429"/>
</kw>
<kw name="Convert To String" library="BuiltIn">
<var>${resultado}</var>
<arg>${resultado}</arg>
<doc>Converts the given item to a Unicode string.</doc>
<msg timestamp="20240122 19:01:27.429" level="INFO">${resultado} = Cliente encontrado: ELIZABETH ARCE</msg>
<status status="PASS" starttime="20240122 19:01:27.429" endtime="20240122 19:01:27.429"/>
</kw>
<kw name="Escribe Mensaje" library="readexcel">
<arg>${posicion}</arg>
<arg>${resultado}</arg>
<arg>${nombreDoc}</arg>
<status status="PASS" starttime="20240122 19:01:27.429" endtime="20240122 19:01:27.445"/>
</kw>
<kw name="Run Keyword And Return Status" library="BuiltIn">
<var>${flag}</var>
<arg>element should be enabled</arg>
<arg>${btnContinuar}</arg>
<doc>Runs the given keyword with given arguments and returns the status as a Boolean value.</doc>
<kw name="Element Should Be Enabled" library="SeleniumLibrary">
<arg>${btnContinuar}</arg>
<doc>Verifies that element identified by ``locator`` is enabled.</doc>
<status status="PASS" starttime="20240122 19:01:27.445" endtime="20240122 19:01:27.793"/>
</kw>
<msg timestamp="20240122 19:01:27.793" level="INFO">${flag} = True</msg>
<status status="PASS" starttime="20240122 19:01:27.445" endtime="20240122 19:01:27.793"/>
</kw>
<kw name="Log To Console" library="BuiltIn">
<arg>bandera continuar${flag}</arg>
<doc>Logs the given message to the console.</doc>
<status status="PASS" starttime="20240122 19:01:27.793" endtime="20240122 19:01:27.793"/>
</kw>
<kw name="Run Keyword If" library="BuiltIn">
<arg>${flag}</arg>
<arg>validar datos de renovacion</arg>
<arg>${posicion}</arg>
<arg>${nombreDoc}</arg>
<arg>ELSE</arg>
<arg>ingresa de nuevo al modulo renovacion</arg>
<doc>Runs the given keyword with the given arguments, if ``condition`` is true.</doc>
<kw name="validar datos de renovacion" library="RenovacionesKeywords">
<arg>${posicion}</arg>
<arg>${nombreDoc}</arg>
<kw name="Wait Until Element Is Not Visible" library="SeleniumLibrary">
<arg>${divModal}</arg>
<arg>80</arg>
<doc>Waits until the element ``locator`` is not visible.</doc>
<status status="PASS" starttime="20240122 19:01:27.793" endtime="20240122 19:01:28.014"/>
</kw>
<kw name="Sleep" library="BuiltIn">
<arg>2</arg>
<doc>Pauses the test executed for the given time.</doc>
<msg timestamp="20240122 19:01:30.029" level="INFO">Slept 2 seconds</msg>
<status status="PASS" starttime="20240122 19:01:28.014" endtime="20240122 19:01:30.029"/>
</kw>
<kw name="Click Element" library="SeleniumLibrary">
<arg>${btnContinuar}</arg>
<doc>Click the element identified by ``locator``.</doc>
<msg timestamp="20240122 19:01:30.029" level="INFO">Clicking element 'xpath://*[@id='formIdent:btnContinuar']'.</msg>
<status status="PASS" starttime="20240122 19:01:30.029" endtime="20240122 19:01:30.270"/>
</kw>
<kw name="Sleep" library="BuiltIn">
<arg>2</arg>
<doc>Pauses the test executed for the given time.</doc>
<msg timestamp="20240122 19:01:32.271" level="INFO">Slept 2 seconds</msg>
<status status="PASS" starttime="20240122 19:01:30.270" endtime="20240122 19:01:32.271"/>
</kw>
<kw name="Run Keyword And Return Status" library="BuiltIn">
<var>${flag}</var>
<arg>wait until element is visible</arg>
<arg>${lbldiasrestantes}</arg>
<arg>30</arg>
<arg>Error:No se visualizo los dias restantes</arg>
<doc>Runs the given keyword with given arguments and returns the status as a Boolean value.</doc>
<kw name="Wait Until Element Is Visible" library="SeleniumLibrary">
<arg>${lbldiasrestantes}</arg>
<arg>30</arg>
<arg>Error:No se visualizo los dias restantes</arg>
<doc>Waits until the element ``locator`` is visible.</doc>
<status status="PASS" starttime="20240122 19:01:32.271" endtime="20240122 19:01:35.485"/>
</kw>
<msg timestamp="20240122 19:01:35.485" level="INFO">${flag} = True</msg>
<status status="PASS" starttime="20240122 19:01:32.271" endtime="20240122 19:01:35.485"/>
</kw>
<kw name="Log To Console" library="BuiltIn">
<arg>no se muestra dias restantes${flag}</arg>
<doc>Logs the given message to the console.</doc>
<status status="PASS" starttime="20240122 19:01:35.485" endtime="20240122 19:01:35.485"/>
</kw>
<kw name="Run Keyword If" library="BuiltIn">
<arg>${flag}</arg>
<arg>Escribir datos de renovacion</arg>
<arg>${i}</arg>
<arg>${nombreDoc}</arg>
<arg>ELSE</arg>
<arg>ingresa de nuevo al modulo renovacion</arg>
<doc>Runs the given keyword with the given arguments, if ``condition`` is true.</doc>
<kw name="Escribir datos de renovacion" library="RenovacionesKeywords">
<arg>${i}</arg>
<arg>${nombreDoc}</arg>
<kw name="Sleep" library="BuiltIn">
<arg>1</arg>
<doc>Pauses the test executed for the given time.</doc>
<msg timestamp="20240122 19:01:36.494" level="INFO">Slept 1 second</msg>
<status status="PASS" starttime="20240122 19:01:35.485" endtime="20240122 19:01:36.494"/>
</kw>
<kw name="Wait Until Element Is Visible" library="SeleniumLibrary">
<arg>${lbldiasrestantes}</arg>
<arg>30</arg>
<arg>Error:No se visualizo los dias restantes</arg>
<doc>Waits until the element ``locator`` is visible.</doc>
<status status="PASS" starttime="20240122 19:01:36.494" endtime="20240122 19:01:36.716"/>
</kw>
<kw name="Get Text" library="SeleniumLibrary">
<var>${equipo}</var>
<arg>${lblequipo}</arg>
<doc>Returns the text value of the element identified by ``locator``.</doc>
<msg timestamp="20240122 19:01:36.938" level="INFO">${equipo} = $0.00</msg>
<status status="PASS" starttime="20240122 19:01:36.716" endtime="20240122 19:01:36.938"/>
</kw>
<kw name="Get Text" library="SeleniumLibrary">
<var>${financiamiento}</var>
<arg>${lblfinanciamiento}</arg>
<doc>Returns the text value of the element identified by ``locator``.</doc>
<msg timestamp="20240122 19:01:37.159" level="INFO">${financiamiento} = $0.00</msg>
<status status="PASS" starttime="20240122 19:01:36.938" endtime="20240122 19:01:37.159"/>
</kw>
<kw name="Get Text" library="SeleniumLibrary">
<var>${plazoactual}</var>
<arg>${lblplazoactual}</arg>
<doc>Returns the text value of the element identified by ``locator``.</doc>
<msg timestamp="20240122 19:01:37.380" level="INFO">${plazoactual} = 24</msg>
<status status="PASS" starttime="20240122 19:01:37.159" endtime="20240122 19:01:37.380"/>
</kw>
<kw name="Get Text" library="SeleniumLibrary">
<var>${plazorestante}</var>
<arg>${lblplazorestante}</arg>
<doc>Returns the text value of the element identified by ``locator``.</doc>
<msg timestamp="20240122 19:01:37.601" level="INFO">${plazorestante} = 0</msg>
<status status="PASS" starttime="20240122 19:01:37.380" endtime="20240122 19:01:37.601"/>
</kw>
<kw name="Get Text" library="SeleniumLibrary">
<var>${diasrestantes}</var>
<arg>${lbldiasrestantes}</arg>
<doc>Returns the text value of the element identified by ``locator``.</doc>
<msg timestamp="20240122 19:01:37.820" level="INFO">${diasrestantes} = 0</msg>
<status status="PASS" starttime="20240122 19:01:37.601" endtime="20240122 19:01:37.820"/>
</kw>
<kw name="Convert To String" library="BuiltIn">
<var>${equipo}</var>
<arg>${equipo}</arg>
<doc>Converts the given item to a Unicode string.</doc>
<msg timestamp="20240122 19:01:37.820" level="INFO">${equipo} = $0.00</msg>
<status status="PASS" starttime="20240122 19:01:37.820" endtime="20240122 19:01:37.820"/>
</kw>
<kw name="Convert To String" library="BuiltIn">
<var>${financiamiento}</var>
<arg>${financiamiento}</arg>
<doc>Converts the given item to a Unicode string.</doc>
<msg timestamp="20240122 19:01:37.820" level="INFO">${financiamiento} = $0.00</msg>
<status status="PASS" starttime="20240122 19:01:37.820" endtime="20240122 19:01:37.820"/>
</kw>
<kw name="Convert To String" library="BuiltIn">
<var>${plazoactual}</var>
<arg>${plazoactual}</arg>
<doc>Converts the given item to a Unicode string.</doc>
<msg timestamp="20240122 19:01:37.820" level="INFO">${plazoactual} = 24</msg>
<status status="PASS" starttime="20240122 19:01:37.820" endtime="20240122 19:01:37.820"/>
</kw>
<kw name="Convert To String" library="BuiltIn">
<var>${plazorestante}</var>
<arg>${plazorestante}</arg>
<doc>Converts the given item to a Unicode string.</doc>
<msg timestamp="20240122 19:01:37.820" level="INFO">${plazorestante} = 0</msg>
<status status="PASS" starttime="20240122 19:01:37.820" endtime="20240122 19:01:37.820"/>
</kw>
<kw name="Convert To String" library="BuiltIn">
<var>${diasrestantes}</var>
<arg>${diasrestantes}</arg>
<doc>Converts the given item to a Unicode string.</doc>
<msg timestamp="20240122 19:01:37.820" level="INFO">${diasrestantes} = 0</msg>
<status status="PASS" starttime="20240122 19:01:37.820" endtime="20240122 19:01:37.820"/>
</kw>
<kw name="Escribe Resultado" library="readexcel">
<arg>${i}</arg>
<arg>${equipo}</arg>
<arg>${financiamiento}</arg>
<arg>${plazoactual}</arg>
<arg>${plazorestante}</arg>
<arg>${diasrestantes}</arg>
<arg>${nombreDoc}</arg>
<status status="PASS" starttime="20240122 19:01:37.820" endtime="20240122 19:01:37.842"/>
</kw>
<kw name="Convert To Integer" library="BuiltIn">
<var>${Diasrestint}</var>
<arg>${diasrestantes}</arg>
<doc>Converts the given item to an integer number.</doc>
<msg timestamp="20240122 19:01:37.842" level="INFO">${Diasrestint} = 0</msg>
<status status="PASS" starttime="20240122 19:01:37.842" endtime="20240122 19:01:37.842"/>
</kw>
<kw name="Log To Console" library="BuiltIn">
<arg>dias restantes int${Diasrestint}</arg>
<doc>Logs the given message to the console.</doc>
<status status="PASS" starttime="20240122 19:01:37.842" endtime="20240122 19:01:37.852"/>
</kw>
<kw name="Convert To Integer" library="BuiltIn">
<var>${numero}</var>
<arg>90</arg>
<doc>Converts the given item to an integer number.</doc>
<msg timestamp="20240122 19:01:37.852" level="INFO">${numero} = 90</msg>
<status status="PASS" starttime="20240122 19:01:37.852" endtime="20240122 19:01:37.852"/>
</kw>
<kw name="Run Keyword If" library="BuiltIn">
<arg>${Diasrestint}&lt;=${numero}</arg>
<arg>Obtener datos para renovacion</arg>
<arg>${i}</arg>
<arg>${nombreDoc}</arg>
<arg>ELSE</arg>
<arg>ingresa de nuevo al modulo renovacion</arg>
<doc>Runs the given keyword with the given arguments, if ``condition`` is true.</doc>
<kw name="Obtener datos para renovacion" library="RenovacionesKeywords">
<arg>${i}</arg>
<arg>${nombreDoc}</arg>
<kw name="assert click element" library="Keywords">
<arg>${btnContinuar2}</arg>
<arg>25</arg>
<arg>Error:No se pudo obtener los datos de renovacion</arg>
<kw name="Wait Until Element Is Visible" library="SeleniumLibrary">
<arg>${Element}</arg>
<arg>${Timeout}</arg>
<arg>${MsError}</arg>
<doc>Waits until the element ``locator`` is visible.</doc>
<status status="PASS" starttime="20240122 19:01:37.852" endtime="20240122 19:01:38.088"/>
</kw>
<kw name="Wait Until Element Is Enabled" library="SeleniumLibrary">
<arg>${Element}</arg>
<arg>${Timeout}</arg>
<doc>Waits until the element ``locator`` is enabled.</doc>
<status status="PASS" starttime="20240122 19:01:38.088" endtime="20240122 19:01:38.420"/>
</kw>
<kw name="Click Element" library="SeleniumLibrary">
<arg>${Element}</arg>
<doc>Click the element identified by ``locator``.</doc>
<msg timestamp="20240122 19:01:38.420" level="INFO">Clicking element 'xpath://*[@id='j_id_1k_ev:j_id_1k_ex']'.</msg>
<status status="PASS" starttime="20240122 19:01:38.420" endtime="20240122 19:01:38.670"/>
</kw>
<status status="PASS" starttime="20240122 19:01:37.852" endtime="20240122 19:01:38.670"/>
</kw>
<kw name="Get Element Attribute" library="SeleniumLibrary">
<var>${Appaterno}</var>
<arg>${lblAppaterno}</arg>
<arg>value</arg>
<doc>Returns the value of ``attribute`` from the element ``locator``.</doc>
<msg timestamp="20240122 19:01:38.910" level="INFO">${Appaterno} = ARCE</msg>
<status status="PASS" starttime="20240122 19:01:38.670" endtime="20240122 19:01:38.910"/>
</kw>
<kw name="Get Element Attribute" library="SeleniumLibrary">
<var>${Apmaterno}</var>
<arg>${lblApmaterno}</arg>
<arg>value</arg>
<doc>Returns the value of ``attribute`` from the element ``locator``.</doc>
<msg timestamp="20240122 19:01:39.147" level="INFO">${Apmaterno} = PEREZ</msg>
<status status="PASS" starttime="20240122 19:01:38.910" endtime="20240122 19:01:39.147"/>
</kw>
<kw name="Get Element Attribute" library="SeleniumLibrary">
<var>${Nombre}</var>
<arg>${lblNombre}</arg>
<arg>value</arg>
<doc>Returns the value of ``attribute`` from the element ``locator``.</doc>
<msg timestamp="20240122 19:01:39.368" level="INFO">${Nombre} = ELIZABETH</msg>
<status status="PASS" starttime="20240122 19:01:39.147" endtime="20240122 19:01:39.368"/>
</kw>
<kw name="Get Element Attribute" library="SeleniumLibrary">
<var>${Rfc}</var>
<arg>${lblRfc}</arg>
<arg>value</arg>
<doc>Returns the value of ``attribute`` from the element ``locator``.</doc>
<msg timestamp="20240122 19:01:39.589" level="INFO">${Rfc} = AEPE641225KF8</msg>
<status status="PASS" starttime="20240122 19:01:39.368" endtime="20240122 19:01:39.589"/>
</kw>
<kw name="Scroll Element Into View" library="SeleniumLibrary">
<arg>${lblmail}</arg>
<doc>Scrolls the element identified by ``locator`` into view.</doc>
<status status="PASS" starttime="20240122 19:01:39.589" endtime="20240122 19:01:40.085"/>
</kw>
<kw name="Get Element Attribute" library="SeleniumLibrary">
<var>${Email}</var>
<arg>${lblmail}</arg>
<arg>value</arg>
<doc>Returns the value of ``attribute`` from the element ``locator``.</doc>
<msg timestamp="20240122 19:01:40.306" level="INFO">${Email} = earce1@live.com.mx</msg>
<status status="PASS" starttime="20240122 19:01:40.085" endtime="20240122 19:01:40.306"/>
</kw>
<kw name="Scroll Element Into View" library="SeleniumLibrary">
<arg>${lbltcalle}</arg>
<doc>Scrolls the element identified by ``locator`` into view.</doc>
<status status="PASS" starttime="20240122 19:01:40.306" endtime="20240122 19:01:40.803"/>
</kw>
<kw name="Get Text" library="SeleniumLibrary">
<var>${TCalle}</var>
<arg>${lbltcalle}</arg>
<doc>Returns the text value of the element identified by ``locator``.</doc>
<msg timestamp="20240122 19:01:41.030" level="INFO">${TCalle} = PROLONG.</msg>
<status status="PASS" starttime="20240122 19:01:40.803" endtime="20240122 19:01:41.030"/>
</kw>
<kw name="Scroll Element Into View" library="SeleniumLibrary">
<arg>${lblcalle}</arg>
<doc>Scrolls the element identified by ``locator`` into view.</doc>
<status status="PASS" starttime="20240122 19:01:41.030" endtime="20240122 19:01:41.518"/>
</kw>
<kw name="Get Element Attribute" library="SeleniumLibrary">
<var>${Calle}</var>
<arg>${lblcalle}</arg>
<arg>value</arg>
<doc>Returns the value of ``attribute`` from the element ``locator``.</doc>
<msg timestamp="20240122 19:01:41.739" level="INFO">${Calle} = DIVISION DEL NORTE</msg>
<status status="PASS" starttime="20240122 19:01:41.518" endtime="20240122 19:01:41.739"/>
</kw>
<kw name="Scroll Element Into View" library="SeleniumLibrary">
<arg>${lblnumext}</arg>
<doc>Scrolls the element identified by ``locator`` into view.</doc>
<status status="PASS" starttime="20240122 19:01:41.739" endtime="20240122 19:01:42.251"/>
</kw>
<kw name="Get Element Attribute" library="SeleniumLibrary">
<var>${NumExt}</var>
<arg>${lblnumext}</arg>
<arg>value</arg>
<doc>Returns the value of ``attribute`` from the element ``locator``.</doc>
<msg timestamp="20240122 19:01:42.472" level="INFO">${NumExt} = 833</msg>
<status status="PASS" starttime="20240122 19:01:42.251" endtime="20240122 19:01:42.472"/>
</kw>
<kw name="Scroll Element Into View" library="SeleniumLibrary">
<arg>${lblnumint}</arg>
<doc>Scrolls the element identified by ``locator`` into view.</doc>
<status status="PASS" starttime="20240122 19:01:42.472" endtime="20240122 19:01:42.967"/>
</kw>
<kw name="Get Element Attribute" library="SeleniumLibrary">
<var>${NumInt}</var>
<arg>${lblnumint}</arg>
<arg>value</arg>
<doc>Returns the value of ``attribute`` from the element ``locator``.</doc>
<msg timestamp="20240122 19:01:43.187" level="INFO">${NumInt} = 403</msg>
<status status="PASS" starttime="20240122 19:01:42.967" endtime="20240122 19:01:43.187"/>
</kw>
<kw name="Scroll Element Into View" library="SeleniumLibrary">
<arg>${lblcp}</arg>
<doc>Scrolls the element identified by ``locator`` into view.</doc>
<status status="PASS" starttime="20240122 19:01:43.187" endtime="20240122 19:01:43.684"/>
</kw>
<kw name="Get Element Attribute" library="SeleniumLibrary">
<var>${Cp}</var>
<arg>${lblcp}</arg>
<arg>value</arg>
<doc>Returns the value of ``attribute`` from the element ``locator``.</doc>
<msg timestamp="20240122 19:01:43.905" level="INFO">${Cp} = 03100</msg>
<status status="PASS" starttime="20240122 19:01:43.684" endtime="20240122 19:01:43.905"/>
</kw>
<kw name="Scroll Element Into View" library="SeleniumLibrary">
<arg>${lblmunicipio}</arg>
<doc>Scrolls the element identified by ``locator`` into view.</doc>
<status status="PASS" starttime="20240122 19:01:43.905" endtime="20240122 19:01:44.400"/>
</kw>
<kw name="Get Element Attribute" library="SeleniumLibrary">
<var>${Municipio}</var>
<arg>${lblmunicipio}</arg>
<arg>value</arg>
<doc>Returns the value of ``attribute`` from the element ``locator``.</doc>
<msg timestamp="20240122 19:01:44.621" level="INFO">${Municipio} = BENITO JUAREZ</msg>
<status status="PASS" starttime="20240122 19:01:44.400" endtime="20240122 19:01:44.621"/>
</kw>
<kw name="Scroll Element Into View" library="SeleniumLibrary">
<arg>${lblestado}</arg>
<doc>Scrolls the element identified by ``locator`` into view.</doc>
<status status="PASS" starttime="20240122 19:01:44.621" endtime="20240122 19:01:45.102"/>
</kw>
<kw name="Get Element Attribute" library="SeleniumLibrary">
<var>${Estado}</var>
<arg>${lblestado}</arg>
<arg>value</arg>
<doc>Returns the value of ``attribute`` from the element ``locator``.</doc>
<msg timestamp="20240122 19:01:45.322" level="INFO">${Estado} = CIUDAD DE MEXICO</msg>
<status status="PASS" starttime="20240122 19:01:45.102" endtime="20240122 19:01:45.322"/>
</kw>
<kw name="Scroll Element Into View" library="SeleniumLibrary">
<arg>${lblciudad}</arg>
<doc>Scrolls the element identified by ``locator`` into view.</doc>
<status status="PASS" starttime="20240122 19:01:45.322" endtime="20240122 19:01:45.818"/>
</kw>
<kw name="Get Element Attribute" library="SeleniumLibrary">
<var>${Ciudad}</var>
<arg>${lblciudad}</arg>
<arg>value</arg>
<doc>Returns the value of ``attribute`` from the element ``locator``.</doc>
<msg timestamp="20240122 19:01:46.038" level="INFO">${Ciudad} = CIUDAD DE MEXICO</msg>
<status status="PASS" starttime="20240122 19:01:45.818" endtime="20240122 19:01:46.038"/>
</kw>
<kw name="Scroll Element Into View" library="SeleniumLibrary">
<arg>${lblcolonia}</arg>
<doc>Scrolls the element identified by ``locator`` into view.</doc>
<status status="PASS" starttime="20240122 19:01:46.038" endtime="20240122 19:01:46.532"/>
</kw>
<kw name="Get Element Attribute" library="SeleniumLibrary">
<var>${Colonia}</var>
<arg>${lblcolonia}</arg>
<arg>value</arg>
<doc>Returns the value of ``attribute`` from the element ``locator``.</doc>
<msg timestamp="20240122 19:01:46.753" level="INFO">${Colonia} = DEL VALLE CENTRO</msg>
<status status="PASS" starttime="20240122 19:01:46.532" endtime="20240122 19:01:46.753"/>
</kw>
<kw name="Scroll Element Into View" library="SeleniumLibrary">
<arg>${lblmetodopago}</arg>
<doc>Scrolls the element identified by ``locator`` into view.</doc>
<status status="PASS" starttime="20240122 19:01:46.754" endtime="20240122 19:01:47.251"/>
</kw>
<kw name="Get Text" library="SeleniumLibrary">
<var>${MetodoPago}</var>
<arg>${lblmetodopago}</arg>
<doc>Returns the text value of the element identified by ``locator``.</doc>
<msg timestamp="20240122 19:01:47.472" level="INFO">${MetodoPago} = EFECTIVO</msg>
<status status="PASS" starttime="20240122 19:01:47.251" endtime="20240122 19:01:47.472"/>
</kw>
<kw name="Scroll Element Into View" library="SeleniumLibrary">
<arg>${lbloferta}</arg>
<doc>Scrolls the element identified by ``locator`` into view.</doc>
<status status="PASS" starttime="20240122 19:01:47.472" endtime="20240122 19:01:47.966"/>
</kw>
<kw name="Get Text" library="SeleniumLibrary">
<var>${Oferta}</var>
<arg>${lbloferta}</arg>
<doc>Returns the text value of the element identified by ``locator``.</doc>
<msg timestamp="20240122 19:01:48.186" level="INFO">${Oferta} = TELCEL MAX SIN LIMITE 7000 PLATINO</msg>
<status status="PASS" starttime="20240122 19:01:47.966" endtime="20240122 19:01:48.186"/>
</kw>
<kw name="Convert To String" library="BuiltIn">
<var>${Appaterno}</var>
<arg>${Appaterno}</arg>
<doc>Converts the given item to a Unicode string.</doc>
<msg timestamp="20240122 19:01:48.186" level="INFO">${Appaterno} = ARCE</msg>
<status status="PASS" starttime="20240122 19:01:48.186" endtime="20240122 19:01:48.186"/>
</kw>
<kw name="Convert To String" library="BuiltIn">
<var>${Apmaterno}</var>
<arg>${Apmaterno}</arg>
<doc>Converts the given item to a Unicode string.</doc>
<msg timestamp="20240122 19:01:48.186" level="INFO">${Apmaterno} = PEREZ</msg>
<status status="PASS" starttime="20240122 19:01:48.186" endtime="20240122 19:01:48.186"/>
</kw>
<kw name="Convert To String" library="BuiltIn">
<var>${Nombre}</var>
<arg>${Nombre}</arg>
<doc>Converts the given item to a Unicode string.</doc>
<msg timestamp="20240122 19:01:48.186" level="INFO">${Nombre} = ELIZABETH</msg>
<status status="PASS" starttime="20240122 19:01:48.186" endtime="20240122 19:01:48.186"/>
</kw>
<kw name="Convert To String" library="BuiltIn">
<var>${Rfc}</var>
<arg>${Rfc}</arg>
<doc>Converts the given item to a Unicode string.</doc>
<msg timestamp="20240122 19:01:48.186" level="INFO">${Rfc} = AEPE641225KF8</msg>
<status status="PASS" starttime="20240122 19:01:48.186" endtime="20240122 19:01:48.186"/>
</kw>
<kw name="Convert To String" library="BuiltIn">
<var>${Email}</var>
<arg>${Email}</arg>
<doc>Converts the given item to a Unicode string.</doc>
<msg timestamp="20240122 19:01:48.186" level="INFO">${Email} = earce1@live.com.mx</msg>
<status status="PASS" starttime="20240122 19:01:48.186" endtime="20240122 19:01:48.186"/>
</kw>
<kw name="Convert To String" library="BuiltIn">
<var>${TCalle}</var>
<arg>${TCalle}</arg>
<doc>Converts the given item to a Unicode string.</doc>
<msg timestamp="20240122 19:01:48.186" level="INFO">${TCalle} = PROLONG.</msg>
<status status="PASS" starttime="20240122 19:01:48.186" endtime="20240122 19:01:48.186"/>
</kw>
<kw name="Convert To String" library="BuiltIn">
<var>${Calle}</var>
<arg>${Calle}</arg>
<doc>Converts the given item to a Unicode string.</doc>
<msg timestamp="20240122 19:01:48.186" level="INFO">${Calle} = DIVISION DEL NORTE</msg>
<status status="PASS" starttime="20240122 19:01:48.186" endtime="20240122 19:01:48.186"/>
</kw>
<kw name="Convert To String" library="BuiltIn">
<var>${NumExt}</var>
<arg>${NumExt}</arg>
<doc>Converts the given item to a Unicode string.</doc>
<msg timestamp="20240122 19:01:48.186" level="INFO">${NumExt} = 833</msg>
<status status="PASS" starttime="20240122 19:01:48.186" endtime="20240122 19:01:48.186"/>
</kw>
<kw name="Convert To String" library="BuiltIn">
<var>${NumInt}</var>
<arg>${NumInt}</arg>
<doc>Converts the given item to a Unicode string.</doc>
<msg timestamp="20240122 19:01:48.186" level="INFO">${NumInt} = 403</msg>
<status status="PASS" starttime="20240122 19:01:48.186" endtime="20240122 19:01:48.186"/>
</kw>
<kw name="Convert To String" library="BuiltIn">
<var>${Cp}</var>
<arg>${Cp}</arg>
<doc>Converts the given item to a Unicode string.</doc>
<msg timestamp="20240122 19:01:48.186" level="INFO">${Cp} = 03100</msg>
<status status="PASS" starttime="20240122 19:01:48.186" endtime="20240122 19:01:48.186"/>
</kw>
<kw name="Convert To String" library="BuiltIn">
<var>${Municipio}</var>
<arg>${Municipio}</arg>
<doc>Converts the given item to a Unicode string.</doc>
<msg timestamp="20240122 19:01:48.186" level="INFO">${Municipio} = BENITO JUAREZ</msg>
<status status="PASS" starttime="20240122 19:01:48.186" endtime="20240122 19:01:48.186"/>
</kw>
<kw name="Convert To String" library="BuiltIn">
<var>${Estado}</var>
<arg>${Estado}</arg>
<doc>Converts the given item to a Unicode string.</doc>
<msg timestamp="20240122 19:01:48.186" level="INFO">${Estado} = CIUDAD DE MEXICO</msg>
<status status="PASS" starttime="20240122 19:01:48.186" endtime="20240122 19:01:48.186"/>
</kw>
<kw name="Convert To String" library="BuiltIn">
<var>${Ciudad}</var>
<arg>${Ciudad}</arg>
<doc>Converts the given item to a Unicode string.</doc>
<msg timestamp="20240122 19:01:48.186" level="INFO">${Ciudad} = CIUDAD DE MEXICO</msg>
<status status="PASS" starttime="20240122 19:01:48.186" endtime="20240122 19:01:48.186"/>
</kw>
<kw name="Convert To String" library="BuiltIn">
<var>${Colonia}</var>
<arg>${Colonia}</arg>
<doc>Converts the given item to a Unicode string.</doc>
<msg timestamp="20240122 19:01:48.186" level="INFO">${Colonia} = DEL VALLE CENTRO</msg>
<status status="PASS" starttime="20240122 19:01:48.186" endtime="20240122 19:01:48.186"/>
</kw>
<kw name="Convert To String" library="BuiltIn">
<var>${MetodoPago}</var>
<arg>${MetodoPago}</arg>
<doc>Converts the given item to a Unicode string.</doc>
<msg timestamp="20240122 19:01:48.186" level="INFO">${MetodoPago} = EFECTIVO</msg>
<status status="PASS" starttime="20240122 19:01:48.186" endtime="20240122 19:01:48.186"/>
</kw>
<kw name="Convert To String" library="BuiltIn">
<var>${Oferta}</var>
<arg>${Oferta}</arg>
<doc>Converts the given item to a Unicode string.</doc>
<msg timestamp="20240122 19:01:48.186" level="INFO">${Oferta} = TELCEL MAX SIN LIMITE 7000 PLATINO</msg>
<status status="PASS" starttime="20240122 19:01:48.186" endtime="20240122 19:01:48.186"/>
</kw>
<kw name="Escribe Datos Renovacion" library="readexcel">
<arg>${i}</arg>
<arg>${Appaterno}</arg>
<arg>${Apmaterno}</arg>
<arg>${Nombre}</arg>
<arg>${Rfc}</arg>
<arg>${Email}</arg>
<arg>${TCalle}</arg>
<arg>${Calle}</arg>
<arg>${NumExt}</arg>
<arg>${NumInt}</arg>
<arg>${Cp}</arg>
<arg>${Municipio}</arg>
<arg>${Estado}</arg>
<arg>${Ciudad}</arg>
<arg>${Colonia}</arg>
<arg>${MetodoPago}</arg>
<arg>${Oferta}</arg>
<arg>${nombreDoc}</arg>
<status status="PASS" starttime="20240122 19:01:48.186" endtime="20240122 19:01:48.202"/>
</kw>
<kw name="Reload Page" library="SeleniumLibrary">
<doc>Simulates user reloading page.</doc>
<status status="PASS" starttime="20240122 19:01:48.202" endtime="20240122 19:01:48.669"/>
</kw>
<kw name="assert click element" library="Keywords">
<arg>${btntramites}</arg>
<arg>5</arg>
<arg>Error:No se pudo acceder al módulo de Tramites en línea</arg>
<kw name="Wait Until Element Is Visible" library="SeleniumLibrary">
<arg>${Element}</arg>
<arg>${Timeout}</arg>
<arg>${MsError}</arg>
<doc>Waits until the element ``locator`` is visible.</doc>
<status status="PASS" starttime="20240122 19:01:48.671" endtime="20240122 19:01:49.978"/>
</kw>
<kw name="Wait Until Element Is Enabled" library="SeleniumLibrary">
<arg>${Element}</arg>
<arg>${Timeout}</arg>
<doc>Waits until the element ``locator`` is enabled.</doc>
<status status="PASS" starttime="20240122 19:01:49.978" endtime="20240122 19:01:50.330"/>
</kw>
<kw name="Click Element" library="SeleniumLibrary">
<arg>${Element}</arg>
<doc>Click the element identified by ``locator``.</doc>
<msg timestamp="20240122 19:01:50.330" level="INFO">Clicking element 'xpath://img[contains(@id,'idMenuSenal')]'.</msg>
<status status="PASS" starttime="20240122 19:01:50.330" endtime="20240122 19:01:50.571"/>
</kw>
<status status="PASS" starttime="20240122 19:01:48.670" endtime="20240122 19:01:50.571"/>
</kw>
<kw name="assert click element" library="Keywords">
<arg>${hrefrenovacion}</arg>
<arg>5</arg>
<arg>Error:No se pudo acceder al servicio de renovaciones</arg>
<kw name="Wait Until Element Is Visible" library="SeleniumLibrary">
<arg>${Element}</arg>
<arg>${Timeout}</arg>
<arg>${MsError}</arg>
<doc>Waits until the element ``locator`` is visible.</doc>
<status status="PASS" starttime="20240122 19:01:50.573" endtime="20240122 19:01:50.819"/>
</kw>
<kw name="Wait Until Element Is Enabled" library="SeleniumLibrary">
<arg>${Element}</arg>
<arg>${Timeout}</arg>
<doc>Waits until the element ``locator`` is enabled.</doc>
<status status="PASS" starttime="20240122 19:01:50.819" endtime="20240122 19:01:51.162"/>
</kw>
<kw name="Click Element" library="SeleniumLibrary">
<arg>${Element}</arg>
<doc>Click the element identified by ``locator``.</doc>
<msg timestamp="20240122 19:01:51.162" level="INFO">Clicking element 'xpath://span[@class='ui-menuitem-text'][contains(.,'Renovación')]'.</msg>
<status status="PASS" starttime="20240122 19:01:51.162" endtime="20240122 19:01:51.419"/>
</kw>
<status status="PASS" starttime="20240122 19:01:50.572" endtime="20240122 19:01:51.419"/>
</kw>
<kw name="Assert to element" library="Keywords">
<arg>${lblRenovacion}</arg>
<arg>5</arg>
<arg>Error: No se visualiza el módulo de renovaciones</arg>
<kw name="Wait Until Element Is Visible" library="SeleniumLibrary">
<arg>${Element}</arg>
<arg>${Timeout}</arg>
<arg>${MsError}</arg>
<doc>Waits until the element ``locator`` is visible.</doc>
<status status="PASS" starttime="20240122 19:01:51.421" endtime="20240122 19:01:52.000"/>
</kw>
<status status="PASS" starttime="20240122 19:01:51.419" endtime="20240122 19:01:52.000"/>
</kw>
<status status="PASS" starttime="20240122 19:01:37.852" endtime="20240122 19:01:52.000"/>
</kw>
<status status="PASS" starttime="20240122 19:01:37.852" endtime="20240122 19:01:52.000"/>
</kw>
<status status="PASS" starttime="20240122 19:01:35.485" endtime="20240122 19:01:52.001"/>
</kw>
<status status="PASS" starttime="20240122 19:01:35.485" endtime="20240122 19:01:52.001"/>
</kw>
<status status="PASS" starttime="20240122 19:01:27.793" endtime="20240122 19:01:52.002"/>
</kw>
<status status="PASS" starttime="20240122 19:01:27.793" endtime="20240122 19:01:52.002"/>
</kw>
<status status="PASS" starttime="20240122 19:01:26.199" endtime="20240122 19:01:52.003"/>
</kw>
<status status="PASS" starttime="20240122 19:01:26.199" endtime="20240122 19:01:52.003"/>
</kw>
<status status="PASS" starttime="20240122 19:01:14.214" endtime="20240122 19:01:52.003"/>
</iter>
<iter>
<var name="${i}">3</var>
<kw name="obteniendo valor columnas" library="RenovacionesKeywords">
<var>${numero}</var>
<arg>${nombreDoc}</arg>
<arg>numeros</arg>
<arg>${i}</arg>
<arg>1</arg>
<doc>obteniendo el valor de las columnas</doc>
<kw name="Dato Columna" library="readexcel">
<var>${res}</var>
<arg>${nombreDoc}</arg>
<arg>${hoja}</arg>
<arg>${fila}</arg>
<arg>${col}</arg>
<msg timestamp="20240122 19:01:52.013" level="INFO">${res} = 5539004961</msg>
<status status="PASS" starttime="20240122 19:01:52.005" endtime="20240122 19:01:52.013"/>
</kw>
<msg timestamp="20240122 19:01:52.014" level="INFO">${numero} = 5539004961</msg>
<status status="PASS" starttime="20240122 19:01:52.004" endtime="20240122 19:01:52.014"/>
</kw>
<kw name="Wait Until Element Is Enabled" library="SeleniumLibrary">
<arg>${inumero}</arg>
<arg>25</arg>
<doc>Waits until the element ``locator`` is enabled.</doc>
<status status="PASS" starttime="20240122 19:01:52.014" endtime="20240122 19:01:52.370"/>
</kw>
<kw name="Sleep" library="BuiltIn">
<arg>1</arg>
<doc>Pauses the test executed for the given time.</doc>
<msg timestamp="20240122 19:01:53.376" level="INFO">Slept 1 second</msg>
<status status="PASS" starttime="20240122 19:01:52.370" endtime="20240122 19:01:53.376"/>
</kw>
<kw name="valida texto" library="RenovacionesKeywords">
<arg>${numero}</arg>
<arg>${nombreDoc}</arg>
<kw name="numero de filas" library="RenovacionesKeywords">
<var>${filas}</var>
<arg>${nombreDoc}</arg>
<doc>leyendo el numero de filas</doc>
<kw name="Numero Filas" library="readexcel">
<var>${res}</var>
<arg>${nombreDoc}</arg>
<arg>numeros</arg>
<msg timestamp="20240122 19:01:53.384" level="INFO">${res} = 3</msg>
<status status="PASS" starttime="20240122 19:01:53.377" endtime="20240122 19:01:53.384"/>
</kw>
<msg timestamp="20240122 19:01:53.384" level="INFO">${filas} = 3</msg>
<status status="PASS" starttime="20240122 19:01:53.377" endtime="20240122 19:01:53.384"/>
</kw>
<for flavor="IN RANGE">
<var>${Result}</var>
<value>5</value>
<iter>
<var name="${Result}">0</var>
<kw name="Input Text" library="SeleniumLibrary">
<arg>${inumero}</arg>
<arg>${numero}</arg>
<doc>Types the given ``text`` into the text field identified by ``locator``.</doc>
<msg timestamp="20240122 19:01:53.387" level="INFO">Typing text '5539004961' into text field 'xpath://*[@id='formIdent:folioid']'.</msg>
<status status="PASS" starttime="20240122 19:01:53.386" endtime="20240122 19:01:53.801"/>
</kw>
<kw name="Sleep" library="BuiltIn">
<arg>1</arg>
<doc>Pauses the test executed for the given time.</doc>
<msg timestamp="20240122 19:01:54.818" level="INFO">Slept 1 second</msg>
<status status="PASS" starttime="20240122 19:01:53.801" endtime="20240122 19:01:54.818"/>
</kw>
<kw name="Get Element Attribute" library="SeleniumLibrary">
<var>${inserted_text}</var>
<arg>${inumero}</arg>
<arg>value</arg>
<doc>Returns the value of ``attribute`` from the element ``locator``.</doc>
<msg timestamp="20240122 19:01:55.040" level="INFO">${inserted_text} = 5539004961</msg>
<status status="PASS" starttime="20240122 19:01:54.818" endtime="20240122 19:01:55.040"/>
</kw>
<kw name="Convert To String" library="BuiltIn">
<var>${num}</var>
<arg>${numero}</arg>
<doc>Converts the given item to a Unicode string.</doc>
<msg timestamp="20240122 19:01:55.040" level="INFO">${num} = 5539004961</msg>
<status status="PASS" starttime="20240122 19:01:55.040" endtime="20240122 19:01:55.040"/>
</kw>
<kw name="Replace String" library="String">
<var>${inserted_text}</var>
<arg>${inserted_text}</arg>
<arg>_</arg>
<arg>0</arg>
<doc>Replaces ``search_for`` in the given ``string`` with ``replace_with``.</doc>
<msg timestamp="20240122 19:01:55.040" level="INFO">${inserted_text} = 5539004961</msg>
<status status="PASS" starttime="20240122 19:01:55.040" endtime="20240122 19:01:55.040"/>
</kw>
<kw name="Log To Console" library="BuiltIn">
<arg>texto insertado${inserted_text}</arg>
<doc>Logs the given message to the console.</doc>
<status status="PASS" starttime="20240122 19:01:55.040" endtime="20240122 19:01:55.040"/>
</kw>
<kw name="Log To Console" library="BuiltIn">
<arg>numero${numero}</arg>
<doc>Logs the given message to the console.</doc>
<status status="PASS" starttime="20240122 19:01:55.040" endtime="20240122 19:01:55.040"/>
</kw>
<kw name="Evaluate" library="BuiltIn">
<var>${Result}</var>
<arg>${inserted_text}==${num}</arg>
<doc>Evaluates the given expression in Python and returns the result.</doc>
<msg timestamp="20240122 19:01:55.040" level="INFO">${Result} = True</msg>
<status status="PASS" starttime="20240122 19:01:55.040" endtime="20240122 19:01:55.040"/>
</kw>
<kw name="Log To Console" library="BuiltIn">
<arg>result${result}</arg>
<doc>Logs the given message to the console.</doc>
<status status="PASS" starttime="20240122 19:01:55.040" endtime="20240122 19:01:55.040"/>
</kw>
<if>
<branch type="IF" condition="${Result}== True">
<break>
<status status="PASS" starttime="20240122 19:01:55.040" endtime="20240122 19:01:55.040"/>
</break>
<status status="PASS" starttime="20240122 19:01:55.040" endtime="20240122 19:01:55.040"/>
</branch>
<status status="PASS" starttime="20240122 19:01:55.040" endtime="20240122 19:01:55.040"/>
</if>
<status status="PASS" starttime="20240122 19:01:53.385" endtime="20240122 19:01:55.040"/>
</iter>
<status status="PASS" starttime="20240122 19:01:53.385" endtime="20240122 19:01:55.040"/>
</for>
<status status="PASS" starttime="20240122 19:01:53.376" endtime="20240122 19:01:55.040"/>
</kw>
<kw name="Sleep" library="BuiltIn">
<arg>1</arg>
<doc>Pauses the test executed for the given time.</doc>
<msg timestamp="20240122 19:01:56.044" level="INFO">Slept 1 second</msg>
<status status="PASS" starttime="20240122 19:01:55.040" endtime="20240122 19:01:56.044"/>
</kw>
<kw name="Wait Until Element Is Enabled" library="SeleniumLibrary">
<arg>${btnbuscar}</arg>
<arg>30</arg>
<arg>Error: kmkk</arg>
<doc>Waits until the element ``locator`` is enabled.</doc>
<status status="PASS" starttime="20240122 19:01:56.044" endtime="20240122 19:01:56.376"/>
</kw>
<kw name="Click Element" library="SeleniumLibrary">
<arg>${btnbuscar}</arg>
<doc>Click the element identified by ``locator``.</doc>
<msg timestamp="20240122 19:01:56.377" level="INFO">Clicking element 'xpath:(//span[contains(.,'BUSCAR')])[1]'.</msg>
<status status="PASS" starttime="20240122 19:01:56.376" endtime="20240122 19:01:56.635"/>
</kw>
<kw name="Wait Until Element Is Not Visible" library="SeleniumLibrary">
<arg>${divModal}</arg>
<arg>80</arg>
<doc>Waits until the element ``locator`` is not visible.</doc>
<status status="PASS" starttime="20240122 19:01:56.635" endtime="20240122 19:02:02.909"/>
</kw>
<kw name="Convert To String" library="BuiltIn">
<var>${posicion}</var>
<arg>${i}</arg>
<doc>Converts the given item to a Unicode string.</doc>
<msg timestamp="20240122 19:02:02.909" level="INFO">${posicion} = 3</msg>
<status status="PASS" starttime="20240122 19:02:02.909" endtime="20240122 19:02:02.909"/>
</kw>
<kw name="Run Keyword And Return Status" library="BuiltIn">
<var>${imprime resultado}</var>
<arg>wait until element is visible</arg>
<arg>${lblResultado}</arg>
<arg>60</arg>
<arg>Error:No se visualizo el resultado</arg>
<doc>Runs the given keyword with given arguments and returns the status as a Boolean value.</doc>
<kw name="Wait Until Element Is Visible" library="SeleniumLibrary">
<arg>${lblResultado}</arg>
<arg>60</arg>
<arg>Error:No se visualizo el resultado</arg>
<doc>Waits until the element ``locator`` is visible.</doc>
<status status="PASS" starttime="20240122 19:02:02.909" endtime="20240122 19:02:03.131"/>
</kw>
<msg timestamp="20240122 19:02:03.131" level="INFO">${imprime resultado} = True</msg>
<status status="PASS" starttime="20240122 19:02:02.909" endtime="20240122 19:02:03.131"/>
</kw>
<kw name="Log To Console" library="BuiltIn">
<arg>no se muestra resultado${imprime resultado}</arg>
<doc>Logs the given message to the console.</doc>
<status status="PASS" starttime="20240122 19:02:03.131" endtime="20240122 19:02:03.131"/>
</kw>
<kw name="Run Keyword If" library="BuiltIn">
<arg>${imprime resultado}</arg>
<arg>escribir resultado</arg>
<arg>${posicion}</arg>
<arg>${nombreDoc}</arg>
<arg>ELSE</arg>
<arg>ingresa de nuevo al modulo renovacion</arg>
<doc>Runs the given keyword with the given arguments, if ``condition`` is true.</doc>
<kw name="escribir resultado" library="RenovacionesKeywords">
<arg>${posicion}</arg>
<arg>${nombreDoc}</arg>
<kw name="Sleep" library="BuiltIn">
<arg>1</arg>
<doc>Pauses the test executed for the given time.</doc>
<msg timestamp="20240122 19:02:04.141" level="INFO">Slept 1 second</msg>
<status status="PASS" starttime="20240122 19:02:03.131" endtime="20240122 19:02:04.141"/>
</kw>
<kw name="Get Text" library="SeleniumLibrary">
<var>${resultado}</var>
<arg>${lblresultado}</arg>
<doc>Returns the text value of the element identified by ``locator``.</doc>
<msg timestamp="20240122 19:02:04.362" level="INFO">${resultado} = Cliente encontrado: NALLELY SANCHEZ</msg>
<status status="PASS" starttime="20240122 19:02:04.141" endtime="20240122 19:02:04.362"/>
</kw>
<kw name="Log To Console" library="BuiltIn">
<arg>resultadooooo${resultado}</arg>
<doc>Logs the given message to the console.</doc>
<status status="PASS" starttime="20240122 19:02:04.362" endtime="20240122 19:02:04.362"/>
</kw>
<kw name="Convert To String" library="BuiltIn">
<var>${resultado}</var>
<arg>${resultado}</arg>
<doc>Converts the given item to a Unicode string.</doc>
<msg timestamp="20240122 19:02:04.362" level="INFO">${resultado} = Cliente encontrado: NALLELY SANCHEZ</msg>
<status status="PASS" starttime="20240122 19:02:04.362" endtime="20240122 19:02:04.362"/>
</kw>
<kw name="Escribe Mensaje" library="readexcel">
<arg>${posicion}</arg>
<arg>${resultado}</arg>
<arg>${nombreDoc}</arg>
<status status="PASS" starttime="20240122 19:02:04.362" endtime="20240122 19:02:04.378"/>
</kw>
<kw name="Run Keyword And Return Status" library="BuiltIn">
<var>${flag}</var>
<arg>element should be enabled</arg>
<arg>${btnContinuar}</arg>
<doc>Runs the given keyword with given arguments and returns the status as a Boolean value.</doc>
<kw name="Element Should Be Enabled" library="SeleniumLibrary">
<arg>${btnContinuar}</arg>
<doc>Verifies that element identified by ``locator`` is enabled.</doc>
<status status="PASS" starttime="20240122 19:02:04.378" endtime="20240122 19:02:04.708"/>
</kw>
<msg timestamp="20240122 19:02:04.708" level="INFO">${flag} = True</msg>
<status status="PASS" starttime="20240122 19:02:04.378" endtime="20240122 19:02:04.708"/>
</kw>
<kw name="Log To Console" library="BuiltIn">
<arg>bandera continuar${flag}</arg>
<doc>Logs the given message to the console.</doc>
<status status="PASS" starttime="20240122 19:02:04.708" endtime="20240122 19:02:04.709"/>
</kw>
<kw name="Run Keyword If" library="BuiltIn">
<arg>${flag}</arg>
<arg>validar datos de renovacion</arg>
<arg>${posicion}</arg>
<arg>${nombreDoc}</arg>
<arg>ELSE</arg>
<arg>ingresa de nuevo al modulo renovacion</arg>
<doc>Runs the given keyword with the given arguments, if ``condition`` is true.</doc>
<kw name="validar datos de renovacion" library="RenovacionesKeywords">
<arg>${posicion}</arg>
<arg>${nombreDoc}</arg>
<kw name="Wait Until Element Is Not Visible" library="SeleniumLibrary">
<arg>${divModal}</arg>
<arg>80</arg>
<doc>Waits until the element ``locator`` is not visible.</doc>
<status status="PASS" starttime="20240122 19:02:04.709" endtime="20240122 19:02:04.928"/>
</kw>
<kw name="Sleep" library="BuiltIn">
<arg>2</arg>
<doc>Pauses the test executed for the given time.</doc>
<msg timestamp="20240122 19:02:06.930" level="INFO">Slept 2 seconds</msg>
<status status="PASS" starttime="20240122 19:02:04.928" endtime="20240122 19:02:06.930"/>
</kw>
<kw name="Click Element" library="SeleniumLibrary">
<arg>${btnContinuar}</arg>
<doc>Click the element identified by ``locator``.</doc>
<msg timestamp="20240122 19:02:06.930" level="INFO">Clicking element 'xpath://*[@id='formIdent:btnContinuar']'.</msg>
<status status="PASS" starttime="20240122 19:02:06.930" endtime="20240122 19:02:07.167"/>
</kw>
<kw name="Sleep" library="BuiltIn">
<arg>2</arg>
<doc>Pauses the test executed for the given time.</doc>
<msg timestamp="20240122 19:02:09.183" level="INFO">Slept 2 seconds</msg>
<status status="PASS" starttime="20240122 19:02:07.167" endtime="20240122 19:02:09.183"/>
</kw>
<kw name="Run Keyword And Return Status" library="BuiltIn">
<var>${flag}</var>
<arg>wait until element is visible</arg>
<arg>${lbldiasrestantes}</arg>
<arg>30</arg>
<arg>Error:No se visualizo los dias restantes</arg>
<doc>Runs the given keyword with given arguments and returns the status as a Boolean value.</doc>
<kw name="Wait Until Element Is Visible" library="SeleniumLibrary">
<arg>${lbldiasrestantes}</arg>
<arg>30</arg>
<arg>Error:No se visualizo los dias restantes</arg>
<doc>Waits until the element ``locator`` is visible.</doc>
<status status="PASS" starttime="20240122 19:02:09.184" endtime="20240122 19:02:13.333"/>
</kw>
<msg timestamp="20240122 19:02:13.334" level="INFO">${flag} = True</msg>
<status status="PASS" starttime="20240122 19:02:09.183" endtime="20240122 19:02:13.334"/>
</kw>
<kw name="Log To Console" library="BuiltIn">
<arg>no se muestra dias restantes${flag}</arg>
<doc>Logs the given message to the console.</doc>
<status status="PASS" starttime="20240122 19:02:13.334" endtime="20240122 19:02:13.335"/>
</kw>
<kw name="Run Keyword If" library="BuiltIn">
<arg>${flag}</arg>
<arg>Escribir datos de renovacion</arg>
<arg>${i}</arg>
<arg>${nombreDoc}</arg>
<arg>ELSE</arg>
<arg>ingresa de nuevo al modulo renovacion</arg>
<doc>Runs the given keyword with the given arguments, if ``condition`` is true.</doc>
<kw name="Escribir datos de renovacion" library="RenovacionesKeywords">
<arg>${i}</arg>
<arg>${nombreDoc}</arg>
<kw name="Sleep" library="BuiltIn">
<arg>1</arg>
<doc>Pauses the test executed for the given time.</doc>
<msg timestamp="20240122 19:02:14.347" level="INFO">Slept 1 second</msg>
<status status="PASS" starttime="20240122 19:02:13.338" endtime="20240122 19:02:14.347"/>
</kw>
<kw name="Wait Until Element Is Visible" library="SeleniumLibrary">
<arg>${lbldiasrestantes}</arg>
<arg>30</arg>
<arg>Error:No se visualizo los dias restantes</arg>
<doc>Waits until the element ``locator`` is visible.</doc>
<status status="PASS" starttime="20240122 19:02:14.347" endtime="20240122 19:02:14.568"/>
</kw>
<kw name="Get Text" library="SeleniumLibrary">
<var>${equipo}</var>
<arg>${lblequipo}</arg>
<doc>Returns the text value of the element identified by ``locator``.</doc>
<msg timestamp="20240122 19:02:14.789" level="INFO">${equipo} = $0.00</msg>
<status status="PASS" starttime="20240122 19:02:14.568" endtime="20240122 19:02:14.789"/>
</kw>
<kw name="Get Text" library="SeleniumLibrary">
<var>${financiamiento}</var>
<arg>${lblfinanciamiento}</arg>
<doc>Returns the text value of the element identified by ``locator``.</doc>
<msg timestamp="20240122 19:02:15.009" level="INFO">${financiamiento} = $0.00</msg>
<status status="PASS" starttime="20240122 19:02:14.789" endtime="20240122 19:02:15.009"/>
</kw>
<kw name="Get Text" library="SeleniumLibrary">
<var>${plazoactual}</var>
<arg>${lblplazoactual}</arg>
<doc>Returns the text value of the element identified by ``locator``.</doc>
<msg timestamp="20240122 19:02:15.230" level="INFO">${plazoactual} = 24</msg>
<status status="PASS" starttime="20240122 19:02:15.009" endtime="20240122 19:02:15.230"/>
</kw>
<kw name="Get Text" library="SeleniumLibrary">
<var>${plazorestante}</var>
<arg>${lblplazorestante}</arg>
<doc>Returns the text value of the element identified by ``locator``.</doc>
<msg timestamp="20240122 19:02:15.450" level="INFO">${plazorestante} = 0</msg>
<status status="PASS" starttime="20240122 19:02:15.230" endtime="20240122 19:02:15.450"/>
</kw>
<kw name="Get Text" library="SeleniumLibrary">
<var>${diasrestantes}</var>
<arg>${lbldiasrestantes}</arg>
<doc>Returns the text value of the element identified by ``locator``.</doc>
<msg timestamp="20240122 19:02:15.671" level="INFO">${diasrestantes} = 0</msg>
<status status="PASS" starttime="20240122 19:02:15.450" endtime="20240122 19:02:15.671"/>
</kw>
<kw name="Convert To String" library="BuiltIn">
<var>${equipo}</var>
<arg>${equipo}</arg>
<doc>Converts the given item to a Unicode string.</doc>
<msg timestamp="20240122 19:02:15.671" level="INFO">${equipo} = $0.00</msg>
<status status="PASS" starttime="20240122 19:02:15.671" endtime="20240122 19:02:15.671"/>
</kw>
<kw name="Convert To String" library="BuiltIn">
<var>${financiamiento}</var>
[...]
<msg timestamp="20240122 19:02:16.269" level="INFO">Clicking element 'xpath://*[@id='j_id_1k_ev:j_id_1k_ex']'.</msg>
<status status="PASS" starttime="20240122 19:02:16.269" endtime="20240122 19:02:16.515"/>
</kw>
<status status="PASS" starttime="20240122 19:02:15.718" endtime="20240122 19:02:16.515"/>
</kw>
<kw name="Get Element Attribute" library="SeleniumLibrary">
<var>${Appaterno}</var>
<arg>${lblAppaterno}</arg>
<arg>value</arg>
<doc>Returns the value of ``attribute`` from the element ``locator``.</doc>
<msg timestamp="20240122 19:02:16.737" level="INFO">${Appaterno} = SANCHEZ</msg>
<status status="PASS" starttime="20240122 19:02:16.515" endtime="20240122 19:02:16.737"/>
</kw>
<kw name="Get Element Attribute" library="SeleniumLibrary">
<var>${Apmaterno}</var>
<arg>${lblApmaterno}</arg>
<arg>value</arg>
<doc>Returns the value of ``attribute`` from the element ``locator``.</doc>
<msg timestamp="20240122 19:02:16.957" level="INFO">${Apmaterno} = RODRIGUEZ</msg>
<status status="PASS" starttime="20240122 19:02:16.738" endtime="20240122 19:02:16.957"/>
</kw>
<kw name="Get Element Attribute" library="SeleniumLibrary">
<var>${Nombre}</var>
<arg>${lblNombre}</arg>
<arg>value</arg>
<doc>Returns the value of ``attribute`` from the element ``locator``.</doc>
<msg timestamp="20240122 19:02:17.177" level="INFO">${Nombre} = NALLELY</msg>
<status status="PASS" starttime="20240122 19:02:16.958" endtime="20240122 19:02:17.177"/>
</kw>
<kw name="Get Element Attribute" library="SeleniumLibrary">
<var>${Rfc}</var>
<arg>${lblRfc}</arg>
<arg>value</arg>
<doc>Returns the value of ``attribute`` from the element ``locator``.</doc>
<msg timestamp="20240122 19:02:17.397" level="INFO">${Rfc} = SARN860912PN7</msg>
<status status="PASS" starttime="20240122 19:02:17.177" endtime="20240122 19:02:17.397"/>
</kw>
<kw name="Scroll Element Into View" library="SeleniumLibrary">
<arg>${lblmail}</arg>
<doc>Scrolls the element identified by ``locator`` into view.</doc>
<status status="PASS" starttime="20240122 19:02:17.397" endtime="20240122 19:02:17.883"/>
</kw>
<kw name="Get Element Attribute" library="SeleniumLibrary">
<var>${Email}</var>
<arg>${lblmail}</arg>
<arg>value</arg>
<doc>Returns the value of ``attribute`` from the element ``locator``.</doc>
<msg timestamp="20240122 19:02:18.105" level="INFO">${Email} = ILLBEBRAVE@OUTLOOK.COM</msg>
<status status="PASS" starttime="20240122 19:02:17.883" endtime="20240122 19:02:18.105"/>
</kw>
<kw name="Scroll Element Into View" library="SeleniumLibrary">
<arg>${lbltcalle}</arg>
<doc>Scrolls the element identified by ``locator`` into view.</doc>
<status status="PASS" starttime="20240122 19:02:18.105" endtime="20240122 19:02:18.585"/>
</kw>
<kw name="Get Text" library="SeleniumLibrary">
<var>${TCalle}</var>
<arg>${lbltcalle}</arg>
<doc>Returns the text value of the element identified by ``locator``.</doc>
<msg timestamp="20240122 19:02:18.809" level="INFO">${TCalle} = CONDOMINIO</msg>
<status status="PASS" starttime="20240122 19:02:18.585" endtime="20240122 19:02:18.809"/>
</kw>
<kw name="Scroll Element Into View" library="SeleniumLibrary">
<arg>${lblcalle}</arg>
<doc>Scrolls the element identified by ``locator`` into view.</doc>
<status status="PASS" starttime="20240122 19:02:18.809" endtime="20240122 19:02:19.299"/>
</kw>
<kw name="Get Element Attribute" library="SeleniumLibrary">
<var>${Calle}</var>
<arg>${lblcalle}</arg>
<arg>value</arg>
<doc>Returns the value of ``attribute`` from the element ``locator``.</doc>
<msg timestamp="20240122 19:02:19.519" level="INFO">${Calle} = CANDELABRO EDIF</msg>
<status status="PASS" starttime="20240122 19:02:19.299" endtime="20240122 19:02:19.519"/>
</kw>
<kw name="Scroll Element Into View" library="SeleniumLibrary">
<arg>${lblnumext}</arg>
<doc>Scrolls the element identified by ``locator`` into view.</doc>
<status status="PASS" starttime="20240122 19:02:19.519" endtime="20240122 19:02:20.012"/>
</kw>
<kw name="Get Element Attribute" library="SeleniumLibrary">
<var>${NumExt}</var>
<arg>${lblnumext}</arg>
<arg>value</arg>
<doc>Returns the value of ``attribute`` from the element ``locator``.</doc>
<msg timestamp="20240122 19:02:20.232" level="INFO">${NumExt} = C</msg>
<status status="PASS" starttime="20240122 19:02:20.012" endtime="20240122 19:02:20.232"/>
</kw>
<kw name="Scroll Element Into View" library="SeleniumLibrary">
<arg>${lblnumint}</arg>
<doc>Scrolls the element identified by ``locator`` into view.</doc>
<status status="PASS" starttime="20240122 19:02:20.232" endtime="20240122 19:02:20.730"/>
</kw>
<kw name="Get Element Attribute" library="SeleniumLibrary">
<var>${NumInt}</var>
<arg>${lblnumint}</arg>
<arg>value</arg>
<doc>Returns the value of ``attribute`` from the element ``locator``.</doc>
<msg timestamp="20240122 19:02:20.949" level="INFO">${NumInt} = 301</msg>
<status status="PASS" starttime="20240122 19:02:20.730" endtime="20240122 19:02:20.949"/>
</kw>
<kw name="Scroll Element Into View" library="SeleniumLibrary">
<arg>${lblcp}</arg>
<doc>Scrolls the element identified by ``locator`` into view.</doc>
<status status="PASS" starttime="20240122 19:02:20.949" endtime="20240122 19:02:21.446"/>
</kw>
<kw name="Get Element Attribute" library="SeleniumLibrary">
<var>${Cp}</var>
<arg>${lblcp}</arg>
<arg>value</arg>
<doc>Returns the value of ``attribute`` from the element ``locator``.</doc>
<msg timestamp="20240122 19:02:21.666" level="INFO">${Cp} = 52910</msg>
<status status="PASS" starttime="20240122 19:02:21.446" endtime="20240122 19:02:21.666"/>
</kw>
<kw name="Scroll Element Into View" library="SeleniumLibrary">
<arg>${lblmunicipio}</arg>
<doc>Scrolls the element identified by ``locator`` into view.</doc>
<status status="PASS" starttime="20240122 19:02:21.667" endtime="20240122 19:02:22.162"/>
</kw>
<kw name="Get Element Attribute" library="SeleniumLibrary">
<var>${Municipio}</var>
<arg>${lblmunicipio}</arg>
<arg>value</arg>
<doc>Returns the value of ``attribute`` from the element ``locator``.</doc>
<msg timestamp="20240122 19:02:22.382" level="INFO">${Municipio} = ATIZAPAN DE ZARAGOZA</msg>
<status status="PASS" starttime="20240122 19:02:22.162" endtime="20240122 19:02:22.382"/>
</kw>
<kw name="Scroll Element Into View" library="SeleniumLibrary">
<arg>${lblestado}</arg>
<doc>Scrolls the element identified by ``locator`` into view.</doc>
<status status="PASS" starttime="20240122 19:02:22.382" endtime="20240122 19:02:22.863"/>
</kw>
<kw name="Get Element Attribute" library="SeleniumLibrary">
<var>${Estado}</var>
<arg>${lblestado}</arg>
<arg>value</arg>
<doc>Returns the value of ``attribute`` from the element ``locator``.</doc>
<msg timestamp="20240122 19:02:23.084" level="INFO">${Estado} = MEXICO</msg>
<status status="PASS" starttime="20240122 19:02:22.863" endtime="20240122 19:02:23.084"/>
</kw>
<kw name="Scroll Element Into View" library="SeleniumLibrary">
<arg>${lblciudad}</arg>
<doc>Scrolls the element identified by ``locator`` into view.</doc>
<status status="PASS" starttime="20240122 19:02:23.084" endtime="20240122 19:02:23.580"/>
</kw>
<kw name="Get Element Attribute" library="SeleniumLibrary">
<var>${Ciudad}</var>
<arg>${lblciudad}</arg>
<arg>value</arg>
<doc>Returns the value of ``attribute`` from the element ``locator``.</doc>
<msg timestamp="20240122 19:02:23.801" level="INFO">${Ciudad} = CIUDAD ADOLFO LOPEZ MATEOS</msg>
<status status="PASS" starttime="20240122 19:02:23.580" endtime="20240122 19:02:23.801"/>
</kw>
<kw name="Scroll Element Into View" library="SeleniumLibrary">
<arg>${lblcolonia}</arg>
<doc>Scrolls the element identified by ``locator`` into view.</doc>
<status status="PASS" starttime="20240122 19:02:23.801" endtime="20240122 19:02:24.296"/>
</kw>
<kw name="Get Element Attribute" library="SeleniumLibrary">
<var>${Colonia}</var>
<arg>${lblcolonia}</arg>
<arg>value</arg>
<doc>Returns the value of ``attribute`` from the element ``locator``.</doc>
<msg timestamp="20240122 19:02:24.516" level="INFO">${Colonia} = 1ERO DE SEPTIEMBRE</msg>
<status status="PASS" starttime="20240122 19:02:24.296" endtime="20240122 19:02:24.516"/>
</kw>
<kw name="Scroll Element Into View" library="SeleniumLibrary">
<arg>${lblmetodopago}</arg>
<doc>Scrolls the element identified by ``locator`` into view.</doc>
<status status="PASS" starttime="20240122 19:02:24.516" endtime="20240122 19:02:25.016"/>
</kw>
<kw name="Get Text" library="SeleniumLibrary">
<var>${MetodoPago}</var>
<arg>${lblmetodopago}</arg>
<doc>Returns the text value of the element identified by ``locator``.</doc>
<msg timestamp="20240122 19:02:25.236" level="INFO">${MetodoPago} = EFECTIVO</msg>
<status status="PASS" starttime="20240122 19:02:25.016" endtime="20240122 19:02:25.236"/>
</kw>
<kw name="Scroll Element Into View" library="SeleniumLibrary">
<arg>${lbloferta}</arg>
<doc>Scrolls the element identified by ``locator`` into view.</doc>
<status status="PASS" starttime="20240122 19:02:25.236" endtime="20240122 19:02:25.730"/>
</kw>
<kw name="Get Text" library="SeleniumLibrary">
<var>${Oferta}</var>
<arg>${lbloferta}</arg>
<doc>Returns the text value of the element identified by ``locator``.</doc>
<msg timestamp="20240122 19:02:25.950" level="INFO">${Oferta} = TELCEL MAX SIN LIMITE MIXTO 3000</msg>
<status status="PASS" starttime="20240122 19:02:25.730" endtime="20240122 19:02:25.950"/>
</kw>
<kw name="Convert To String" library="BuiltIn">
<var>${Appaterno}</var>
<arg>${Appaterno}</arg>
<doc>Converts the given item to a Unicode string.</doc>
<msg timestamp="20240122 19:02:25.951" level="INFO">${Appaterno} = SANCHEZ</msg>
<status status="PASS" starttime="20240122 19:02:25.951" endtime="20240122 19:02:25.951"/>
</kw>
<kw name="Convert To String" library="BuiltIn">
<var>${Apmaterno}</var>
<arg>${Apmaterno}</arg>
<doc>Converts the given item to a Unicode string.</doc>
<msg timestamp="20240122 19:02:25.951" level="INFO">${Apmaterno} = RODRIGUEZ</msg>
<status status="PASS" starttime="20240122 19:02:25.951" endtime="20240122 19:02:25.951"/>
</kw>
<kw name="Convert To String" library="BuiltIn">
<var>${Nombre}</var>
<arg>${Nombre}</arg>
<doc>Converts the given item to a Unicode string.</doc>
<msg timestamp="20240122 19:02:25.951" level="INFO">${Nombre} = NALLELY</msg>
<status status="PASS" starttime="20240122 19:02:25.951" endtime="20240122 19:02:25.951"/>
</kw>
<kw name="Convert To String" library="BuiltIn">
<var>${Rfc}</var>
<arg>${Rfc}</arg>
<doc>Converts the given item to a Unicode string.</doc>
<msg timestamp="20240122 19:02:25.951" level="INFO">${Rfc} = SARN860912PN7</msg>
<status status="PASS" starttime="20240122 19:02:25.951" endtime="20240122 19:02:25.951"/>
</kw>
<kw name="Convert To String" library="BuiltIn">
<var>${Email}</var>
<arg>${Email}</arg>
<doc>Converts the given item to a Unicode string.</doc>
<msg timestamp="20240122 19:02:25.951" level="INFO">${Email} = ILLBEBRAVE@OUTLOOK.COM</msg>
<status status="PASS" starttime="20240122 19:02:25.951" endtime="20240122 19:02:25.951"/>
</kw>
<kw name="Convert To String" library="BuiltIn">
<var>${TCalle}</var>
<arg>${TCalle}</arg>
<doc>Converts the given item to a Unicode string.</doc>
<msg timestamp="20240122 19:02:25.951" level="INFO">${TCalle} = CONDOMINIO</msg>
<status status="PASS" starttime="20240122 19:02:25.951" endtime="20240122 19:02:25.951"/>
</kw>
<kw name="Convert To String" library="BuiltIn">
<var>${Calle}</var>
<arg>${Calle}</arg>
<doc>Converts the given item to a Unicode string.</doc>
<msg timestamp="20240122 19:02:25.951" level="INFO">${Calle} = CANDELABRO EDIF</msg>
<status status="PASS" starttime="20240122 19:02:25.951" endtime="20240122 19:02:25.951"/>
</kw>
<kw name="Convert To String" library="BuiltIn">
<var>${NumExt}</var>
<arg>${NumExt}</arg>
<doc>Converts the given item to a Unicode string.</doc>
<msg timestamp="20240122 19:02:25.951" level="INFO">${NumExt} = C</msg>
<status status="PASS" starttime="20240122 19:02:25.951" endtime="20240122 19:02:25.951"/>
</kw>
<kw name="Convert To String" library="BuiltIn">
<var>${NumInt}</var>
<arg>${NumInt}</arg>
<doc>Converts the given item to a Unicode string.</doc>
<msg timestamp="20240122 19:02:25.951" level="INFO">${NumInt} = 301</msg>
<status status="PASS" starttime="20240122 19:02:25.951" endtime="20240122 19:02:25.951"/>
</kw>
<kw name="Convert To String" library="BuiltIn">
<var>${Cp}</var>
<arg>${Cp}</arg>
<doc>Converts the given item to a Unicode string.</doc>
<msg timestamp="20240122 19:02:25.951" level="INFO">${Cp} = 52910</msg>
<status status="PASS" starttime="20240122 19:02:25.951" endtime="20240122 19:02:25.951"/>
</kw>
<kw name="Convert To String" library="BuiltIn">
<var>${Municipio}</var>
<arg>${Municipio}</arg>
<doc>Converts the given item to a Unicode string.</doc>
<msg timestamp="20240122 19:02:25.951" level="INFO">${Municipio} = ATIZAPAN DE ZARAGOZA</msg>
<status status="PASS" starttime="20240122 19:02:25.951" endtime="20240122 19:02:25.951"/>
</kw>
<kw name="Convert To String" library="BuiltIn">
<var>${Estado}</var>
<arg>${Estado}</arg>
<doc>Converts the given item to a Unicode string.</doc>
<msg timestamp="20240122 19:02:25.951" level="INFO">${Estado} = MEXICO</msg>
<status status="PASS" starttime="20240122 19:02:25.951" endtime="20240122 19:02:25.951"/>
</kw>
<kw name="Convert To String" library="BuiltIn">
<var>${Ciudad}</var>
<arg>${Ciudad}</arg>
<doc>Converts the given item to a Unicode string.</doc>
<msg timestamp="20240122 19:02:25.951" level="INFO">${Ciudad} = CIUDAD ADOLFO LOPEZ MATEOS</msg>
<status status="PASS" starttime="20240122 19:02:25.951" endtime="20240122 19:02:25.951"/>
</kw>
<kw name="Convert To String" library="BuiltIn">
<var>${Colonia}</var>
<arg>${Colonia}</arg>
<doc>Converts the given item to a Unicode string.</doc>
<msg timestamp="20240122 19:02:25.951" level="INFO">${Colonia} = 1ERO DE SEPTIEMBRE</msg>
<status status="PASS" starttime="20240122 19:02:25.951" endtime="20240122 19:02:25.951"/>
</kw>
<kw name="Convert To String" library="BuiltIn">
<var>${MetodoPago}</var>
<arg>${MetodoPago}</arg>
<doc>Converts the given item to a Unicode string.</doc>
<msg timestamp="20240122 19:02:25.951" level="INFO">${MetodoPago} = EFECTIVO</msg>
<status status="PASS" starttime="20240122 19:02:25.951" endtime="20240122 19:02:25.951"/>
</kw>
<kw name="Convert To String" library="BuiltIn">
<var>${Oferta}</var>
<arg>${Oferta}</arg>
<doc>Converts the given item to a Unicode string.</doc>
<msg timestamp="20240122 19:02:25.951" level="INFO">${Oferta} = TELCEL MAX SIN LIMITE MIXTO 3000</msg>
<status status="PASS" starttime="20240122 19:02:25.951" endtime="20240122 19:02:25.951"/>
</kw>
<kw name="Escribe Datos Renovacion" library="readexcel">
<arg>${i}</arg>
<arg>${Appaterno}</arg>
<arg>${Apmaterno}</arg>
<arg>${Nombre}</arg>
<arg>${Rfc}</arg>
<arg>${Email}</arg>
<arg>${TCalle}</arg>
<arg>${Calle}</arg>
<arg>${NumExt}</arg>
<arg>${NumInt}</arg>
<arg>${Cp}</arg>
<arg>${Municipio}</arg>
<arg>${Estado}</arg>
<arg>${Ciudad}</arg>
<arg>${Colonia}</arg>
<arg>${MetodoPago}</arg>
<arg>${Oferta}</arg>
<arg>${nombreDoc}</arg>
<status status="PASS" starttime="20240122 19:02:25.951" endtime="20240122 19:02:25.981"/>
</kw>
<kw name="Reload Page" library="SeleniumLibrary">
<doc>Simulates user reloading page.</doc>
<status status="PASS" starttime="20240122 19:02:25.981" endtime="20240122 19:02:26.848"/>
</kw>
<kw name="assert click element" library="Keywords">
<arg>${btntramites}</arg>
<arg>5</arg>
<arg>Error:No se pudo acceder al módulo de Tramites en línea</arg>
<kw name="Wait Until Element Is Visible" library="SeleniumLibrary">
<arg>${Element}</arg>
<arg>${Timeout}</arg>
<arg>${MsError}</arg>
<doc>Waits until the element ``locator`` is visible.</doc>
<status status="PASS" starttime="20240122 19:02:26.850" endtime="20240122 19:02:27.066"/>
</kw>
<kw name="Wait Until Element Is Enabled" library="SeleniumLibrary">
<arg>${Element}</arg>
<arg>${Timeout}</arg>
<doc>Waits until the element ``locator`` is enabled.</doc>
<status status="PASS" starttime="20240122 19:02:27.067" endtime="20240122 19:02:27.433"/>
</kw>
<kw name="Click Element" library="SeleniumLibrary">
<arg>${Element}</arg>
<doc>Click the element identified by ``locator``.</doc>
<msg timestamp="20240122 19:02:27.434" level="INFO">Clicking element 'xpath://img[contains(@id,'idMenuSenal')]'.</msg>
<status status="PASS" starttime="20240122 19:02:27.433" endtime="20240122 19:02:27.684"/>
</kw>
<status status="PASS" starttime="20240122 19:02:26.848" endtime="20240122 19:02:27.684"/>
</kw>
<kw name="assert click element" library="Keywords">
<arg>${hrefrenovacion}</arg>
<arg>5</arg>
<arg>Error:No se pudo acceder al servicio de renovaciones</arg>
<kw name="Wait Until Element Is Visible" library="SeleniumLibrary">
<arg>${Element}</arg>
<arg>${Timeout}</arg>
<arg>${MsError}</arg>
<doc>Waits until the element ``locator`` is visible.</doc>
<status status="PASS" starttime="20240122 19:02:27.686" endtime="20240122 19:02:27.932"/>
</kw>
<kw name="Wait Until Element Is Enabled" library="SeleniumLibrary">
<arg>${Element}</arg>
<arg>${Timeout}</arg>
<doc>Waits until the element ``locator`` is enabled.</doc>
<status status="PASS" starttime="20240122 19:02:27.932" endtime="20240122 19:02:28.258"/>
</kw>
<kw name="Click Element" library="SeleniumLibrary">
<arg>${Element}</arg>
<doc>Click the element identified by ``locator``.</doc>
<msg timestamp="20240122 19:02:28.258" level="INFO">Clicking element 'xpath://span[@class='ui-menuitem-text'][contains(.,'Renovación')]'.</msg>
<status status="PASS" starttime="20240122 19:02:28.258" endtime="20240122 19:02:28.499"/>
</kw>
<status status="PASS" starttime="20240122 19:02:27.685" endtime="20240122 19:02:28.499"/>
</kw>
<kw name="Assert to element" library="Keywords">
<arg>${lblRenovacion}</arg>
<arg>5</arg>
<arg>Error: No se visualiza el módulo de renovaciones</arg>
<kw name="Wait Until Element Is Visible" library="SeleniumLibrary">
<arg>${Element}</arg>
<arg>${Timeout}</arg>
<arg>${MsError}</arg>
<doc>Waits until the element ``locator`` is visible.</doc>
<status status="PASS" starttime="20240122 19:02:28.501" endtime="20240122 19:02:29.231"/>
</kw>
<status status="PASS" starttime="20240122 19:02:28.499" endtime="20240122 19:02:29.231"/>
</kw>
<status status="PASS" starttime="20240122 19:02:15.718" endtime="20240122 19:02:29.231"/>
</kw>
<status status="PASS" starttime="20240122 19:02:15.718" endtime="20240122 19:02:29.231"/>
</kw>
<status status="PASS" starttime="20240122 19:02:13.337" endtime="20240122 19:02:29.231"/>
</kw>
<status status="PASS" starttime="20240122 19:02:13.336" endtime="20240122 19:02:29.232"/>
</kw>
<status status="PASS" starttime="20240122 19:02:04.709" endtime="20240122 19:02:29.232"/>
</kw>
<status status="PASS" starttime="20240122 19:02:04.709" endtime="20240122 19:02:29.233"/>
</kw>
<status status="PASS" starttime="20240122 19:02:03.131" endtime="20240122 19:02:29.233"/>
</kw>
<status status="PASS" starttime="20240122 19:02:03.131" endtime="20240122 19:02:29.233"/>
</kw>
<status status="PASS" starttime="20240122 19:01:52.004" endtime="20240122 19:02:29.233"/>
</iter>
<status status="PASS" starttime="20240122 19:01:14.213" endtime="20240122 19:02:29.233"/>
</for>
<status status="PASS" starttime="20240122 19:01:14.203" endtime="20240122 19:02:29.233"/>
</kw>
<doc>Validar el tiempo que tienen los números teléfonicos para renovar su plan tarifario</doc>
<tag>Renovacion</tag>
<status status="PASS" starttime="20240122 19:00:50.616" endtime="20240122 19:02:29.234"/>
</test>
<status status="PASS" starttime="20240122 19:00:49.823" endtime="20240122 19:02:29.236"/>
</suite>
<status status="PASS" starttime="20240122 19:00:49.804" endtime="20240122 19:02:29.237"/>
</suite>
<statistics>
<total>
<stat pass="1" fail="0" skip="0">All Tests</stat>
</total>
<tag>
<stat pass="1" fail="0" skip="0">Renovacion</stat>
</tag>
<suite>
<stat pass="1" fail="0" skip="0" id="s1" name="Suites">Suites</stat>
<stat pass="1" fail="0" skip="0" id="s1-s1" name="002-BusquedaClientes">Suites.002-BusquedaClientes</stat>
</suite>
</statistics>
<errors>
</errors>
</robot>
